[2023-07-29T22:54:37.758+0000] {taskinstance.py:1103} INFO - Dependencies all met for dep_context=non-requeueable deps ti=<TaskInstance: trainer.train_worker1 manual__2023-07-29T22:26:04.728771+00:00 [queued]>
[2023-07-29T22:54:37.767+0000] {taskinstance.py:1103} INFO - Dependencies all met for dep_context=requeueable deps ti=<TaskInstance: trainer.train_worker1 manual__2023-07-29T22:26:04.728771+00:00 [queued]>
[2023-07-29T22:54:37.767+0000] {taskinstance.py:1308} INFO - Starting attempt 1 of 1
[2023-07-29T22:54:37.778+0000] {taskinstance.py:1327} INFO - Executing <Task(PythonOperator): train_worker1> on 2023-07-29 22:26:04.728771+00:00
[2023-07-29T22:54:37.792+0000] {standard_task_runner.py:57} INFO - Started process 565718 to run task
[2023-07-29T22:54:37.794+0000] {standard_task_runner.py:84} INFO - Running: ['airflow', 'tasks', 'run', 'trainer', 'train_worker1', 'manual__2023-07-29T22:26:04.728771+00:00', '--job-id', '31', '--raw', '--subdir', 'DAGS_FOLDER/train_dag.py', '--cfg-path', '/tmp/tmp_vrqy3kw']
[2023-07-29T22:54:37.795+0000] {standard_task_runner.py:85} INFO - Job 31: Subtask train_worker1
[2023-07-29T22:54:37.845+0000] {task_command.py:410} INFO - Running <TaskInstance: trainer.train_worker1 manual__2023-07-29T22:26:04.728771+00:00 [running]> on host ip-172-31-37-30.ap-south-1.compute.internal
[2023-07-29T22:54:37.913+0000] {taskinstance.py:1545} INFO - Exporting env vars: AIRFLOW_CTX_DAG_OWNER='airflow' AIRFLOW_CTX_DAG_ID='trainer' AIRFLOW_CTX_TASK_ID='train_worker1' AIRFLOW_CTX_EXECUTION_DATE='2023-07-29T22:26:04.728771+00:00' AIRFLOW_CTX_TRY_NUMBER='1' AIRFLOW_CTX_DAG_RUN_ID='manual__2023-07-29T22:26:04.728771+00:00'
[2023-07-29T22:54:37.936+0000] {logging_mixin.py:150} WARNING - /home/ubuntu/theft-detection/env1/lib/python3.10/site-packages/torchvision/models/_utils.py:208 UserWarning: The parameter 'pretrained' is deprecated since 0.13 and may be removed in the future, please use 'weights' instead.
[2023-07-29T22:54:37.937+0000] {logging_mixin.py:150} WARNING - /home/ubuntu/theft-detection/env1/lib/python3.10/site-packages/torchvision/models/_utils.py:223 UserWarning: Arguments other than a weight enum or `None` for 'weights' are deprecated since 0.13 and may be removed in the future. The current behavior is equivalent to passing `weights=None`.
[2023-07-29T22:54:38.662+0000] {batch_norm.py:61} INFO - The default batch_norm fixer replaces BatchNorm with GroupNorm.To overwrite the default to InstanceNorm, call fix() with replace_bn_with_in=True.
[2023-07-29T22:54:38.662+0000] {module_validator.py:120} INFO - Replaced sub_module bn1 : BatchNorm2d(64, eps=1e-05, momentum=0.1, affine=True, track_running_stats=True) with GroupNorm(32, 64, eps=1e-05, affine=True)
[2023-07-29T22:54:38.663+0000] {batch_norm.py:61} INFO - The default batch_norm fixer replaces BatchNorm with GroupNorm.To overwrite the default to InstanceNorm, call fix() with replace_bn_with_in=True.
[2023-07-29T22:54:38.663+0000] {module_validator.py:120} INFO - Replaced sub_module layer1.0.bn1 : BatchNorm2d(64, eps=1e-05, momentum=0.1, affine=True, track_running_stats=True) with GroupNorm(32, 64, eps=1e-05, affine=True)
[2023-07-29T22:54:38.663+0000] {batch_norm.py:61} INFO - The default batch_norm fixer replaces BatchNorm with GroupNorm.To overwrite the default to InstanceNorm, call fix() with replace_bn_with_in=True.
[2023-07-29T22:54:38.663+0000] {module_validator.py:120} INFO - Replaced sub_module layer1.0.bn2 : BatchNorm2d(64, eps=1e-05, momentum=0.1, affine=True, track_running_stats=True) with GroupNorm(32, 64, eps=1e-05, affine=True)
[2023-07-29T22:54:38.663+0000] {batch_norm.py:61} INFO - The default batch_norm fixer replaces BatchNorm with GroupNorm.To overwrite the default to InstanceNorm, call fix() with replace_bn_with_in=True.
[2023-07-29T22:54:38.664+0000] {module_validator.py:120} INFO - Replaced sub_module layer1.0.bn3 : BatchNorm2d(256, eps=1e-05, momentum=0.1, affine=True, track_running_stats=True) with GroupNorm(32, 256, eps=1e-05, affine=True)
[2023-07-29T22:54:38.664+0000] {batch_norm.py:61} INFO - The default batch_norm fixer replaces BatchNorm with GroupNorm.To overwrite the default to InstanceNorm, call fix() with replace_bn_with_in=True.
[2023-07-29T22:54:38.664+0000] {module_validator.py:120} INFO - Replaced sub_module layer1.0.downsample.1 : BatchNorm2d(256, eps=1e-05, momentum=0.1, affine=True, track_running_stats=True) with GroupNorm(32, 256, eps=1e-05, affine=True)
[2023-07-29T22:54:38.664+0000] {batch_norm.py:61} INFO - The default batch_norm fixer replaces BatchNorm with GroupNorm.To overwrite the default to InstanceNorm, call fix() with replace_bn_with_in=True.
[2023-07-29T22:54:38.664+0000] {module_validator.py:120} INFO - Replaced sub_module layer1.1.bn1 : BatchNorm2d(64, eps=1e-05, momentum=0.1, affine=True, track_running_stats=True) with GroupNorm(32, 64, eps=1e-05, affine=True)
[2023-07-29T22:54:38.665+0000] {batch_norm.py:61} INFO - The default batch_norm fixer replaces BatchNorm with GroupNorm.To overwrite the default to InstanceNorm, call fix() with replace_bn_with_in=True.
[2023-07-29T22:54:38.665+0000] {module_validator.py:120} INFO - Replaced sub_module layer1.1.bn2 : BatchNorm2d(64, eps=1e-05, momentum=0.1, affine=True, track_running_stats=True) with GroupNorm(32, 64, eps=1e-05, affine=True)
[2023-07-29T22:54:38.665+0000] {batch_norm.py:61} INFO - The default batch_norm fixer replaces BatchNorm with GroupNorm.To overwrite the default to InstanceNorm, call fix() with replace_bn_with_in=True.
[2023-07-29T22:54:38.665+0000] {module_validator.py:120} INFO - Replaced sub_module layer1.1.bn3 : BatchNorm2d(256, eps=1e-05, momentum=0.1, affine=True, track_running_stats=True) with GroupNorm(32, 256, eps=1e-05, affine=True)
[2023-07-29T22:54:38.665+0000] {batch_norm.py:61} INFO - The default batch_norm fixer replaces BatchNorm with GroupNorm.To overwrite the default to InstanceNorm, call fix() with replace_bn_with_in=True.
[2023-07-29T22:54:38.666+0000] {module_validator.py:120} INFO - Replaced sub_module layer1.2.bn1 : BatchNorm2d(64, eps=1e-05, momentum=0.1, affine=True, track_running_stats=True) with GroupNorm(32, 64, eps=1e-05, affine=True)
[2023-07-29T22:54:38.666+0000] {batch_norm.py:61} INFO - The default batch_norm fixer replaces BatchNorm with GroupNorm.To overwrite the default to InstanceNorm, call fix() with replace_bn_with_in=True.
[2023-07-29T22:54:38.666+0000] {module_validator.py:120} INFO - Replaced sub_module layer1.2.bn2 : BatchNorm2d(64, eps=1e-05, momentum=0.1, affine=True, track_running_stats=True) with GroupNorm(32, 64, eps=1e-05, affine=True)
[2023-07-29T22:54:38.666+0000] {batch_norm.py:61} INFO - The default batch_norm fixer replaces BatchNorm with GroupNorm.To overwrite the default to InstanceNorm, call fix() with replace_bn_with_in=True.
[2023-07-29T22:54:38.666+0000] {module_validator.py:120} INFO - Replaced sub_module layer1.2.bn3 : BatchNorm2d(256, eps=1e-05, momentum=0.1, affine=True, track_running_stats=True) with GroupNorm(32, 256, eps=1e-05, affine=True)
[2023-07-29T22:54:38.667+0000] {batch_norm.py:61} INFO - The default batch_norm fixer replaces BatchNorm with GroupNorm.To overwrite the default to InstanceNorm, call fix() with replace_bn_with_in=True.
[2023-07-29T22:54:38.667+0000] {module_validator.py:120} INFO - Replaced sub_module layer2.0.bn1 : BatchNorm2d(128, eps=1e-05, momentum=0.1, affine=True, track_running_stats=True) with GroupNorm(32, 128, eps=1e-05, affine=True)
[2023-07-29T22:54:38.667+0000] {batch_norm.py:61} INFO - The default batch_norm fixer replaces BatchNorm with GroupNorm.To overwrite the default to InstanceNorm, call fix() with replace_bn_with_in=True.
[2023-07-29T22:54:38.667+0000] {module_validator.py:120} INFO - Replaced sub_module layer2.0.bn2 : BatchNorm2d(128, eps=1e-05, momentum=0.1, affine=True, track_running_stats=True) with GroupNorm(32, 128, eps=1e-05, affine=True)
[2023-07-29T22:54:38.667+0000] {batch_norm.py:61} INFO - The default batch_norm fixer replaces BatchNorm with GroupNorm.To overwrite the default to InstanceNorm, call fix() with replace_bn_with_in=True.
[2023-07-29T22:54:38.667+0000] {module_validator.py:120} INFO - Replaced sub_module layer2.0.bn3 : BatchNorm2d(512, eps=1e-05, momentum=0.1, affine=True, track_running_stats=True) with GroupNorm(32, 512, eps=1e-05, affine=True)
[2023-07-29T22:54:38.668+0000] {batch_norm.py:61} INFO - The default batch_norm fixer replaces BatchNorm with GroupNorm.To overwrite the default to InstanceNorm, call fix() with replace_bn_with_in=True.
[2023-07-29T22:54:38.668+0000] {module_validator.py:120} INFO - Replaced sub_module layer2.0.downsample.1 : BatchNorm2d(512, eps=1e-05, momentum=0.1, affine=True, track_running_stats=True) with GroupNorm(32, 512, eps=1e-05, affine=True)
[2023-07-29T22:54:38.668+0000] {batch_norm.py:61} INFO - The default batch_norm fixer replaces BatchNorm with GroupNorm.To overwrite the default to InstanceNorm, call fix() with replace_bn_with_in=True.
[2023-07-29T22:54:38.668+0000] {module_validator.py:120} INFO - Replaced sub_module layer2.1.bn1 : BatchNorm2d(128, eps=1e-05, momentum=0.1, affine=True, track_running_stats=True) with GroupNorm(32, 128, eps=1e-05, affine=True)
[2023-07-29T22:54:38.668+0000] {batch_norm.py:61} INFO - The default batch_norm fixer replaces BatchNorm with GroupNorm.To overwrite the default to InstanceNorm, call fix() with replace_bn_with_in=True.
[2023-07-29T22:54:38.669+0000] {module_validator.py:120} INFO - Replaced sub_module layer2.1.bn2 : BatchNorm2d(128, eps=1e-05, momentum=0.1, affine=True, track_running_stats=True) with GroupNorm(32, 128, eps=1e-05, affine=True)
[2023-07-29T22:54:38.669+0000] {batch_norm.py:61} INFO - The default batch_norm fixer replaces BatchNorm with GroupNorm.To overwrite the default to InstanceNorm, call fix() with replace_bn_with_in=True.
[2023-07-29T22:54:38.669+0000] {module_validator.py:120} INFO - Replaced sub_module layer2.1.bn3 : BatchNorm2d(512, eps=1e-05, momentum=0.1, affine=True, track_running_stats=True) with GroupNorm(32, 512, eps=1e-05, affine=True)
[2023-07-29T22:54:38.669+0000] {batch_norm.py:61} INFO - The default batch_norm fixer replaces BatchNorm with GroupNorm.To overwrite the default to InstanceNorm, call fix() with replace_bn_with_in=True.
[2023-07-29T22:54:38.669+0000] {module_validator.py:120} INFO - Replaced sub_module layer2.2.bn1 : BatchNorm2d(128, eps=1e-05, momentum=0.1, affine=True, track_running_stats=True) with GroupNorm(32, 128, eps=1e-05, affine=True)
[2023-07-29T22:54:38.670+0000] {batch_norm.py:61} INFO - The default batch_norm fixer replaces BatchNorm with GroupNorm.To overwrite the default to InstanceNorm, call fix() with replace_bn_with_in=True.
[2023-07-29T22:54:38.670+0000] {module_validator.py:120} INFO - Replaced sub_module layer2.2.bn2 : BatchNorm2d(128, eps=1e-05, momentum=0.1, affine=True, track_running_stats=True) with GroupNorm(32, 128, eps=1e-05, affine=True)
[2023-07-29T22:54:38.670+0000] {batch_norm.py:61} INFO - The default batch_norm fixer replaces BatchNorm with GroupNorm.To overwrite the default to InstanceNorm, call fix() with replace_bn_with_in=True.
[2023-07-29T22:54:38.670+0000] {module_validator.py:120} INFO - Replaced sub_module layer2.2.bn3 : BatchNorm2d(512, eps=1e-05, momentum=0.1, affine=True, track_running_stats=True) with GroupNorm(32, 512, eps=1e-05, affine=True)
[2023-07-29T22:54:38.670+0000] {batch_norm.py:61} INFO - The default batch_norm fixer replaces BatchNorm with GroupNorm.To overwrite the default to InstanceNorm, call fix() with replace_bn_with_in=True.
[2023-07-29T22:54:38.671+0000] {module_validator.py:120} INFO - Replaced sub_module layer2.3.bn1 : BatchNorm2d(128, eps=1e-05, momentum=0.1, affine=True, track_running_stats=True) with GroupNorm(32, 128, eps=1e-05, affine=True)
[2023-07-29T22:54:38.671+0000] {batch_norm.py:61} INFO - The default batch_norm fixer replaces BatchNorm with GroupNorm.To overwrite the default to InstanceNorm, call fix() with replace_bn_with_in=True.
[2023-07-29T22:54:38.671+0000] {module_validator.py:120} INFO - Replaced sub_module layer2.3.bn2 : BatchNorm2d(128, eps=1e-05, momentum=0.1, affine=True, track_running_stats=True) with GroupNorm(32, 128, eps=1e-05, affine=True)
[2023-07-29T22:54:38.671+0000] {batch_norm.py:61} INFO - The default batch_norm fixer replaces BatchNorm with GroupNorm.To overwrite the default to InstanceNorm, call fix() with replace_bn_with_in=True.
[2023-07-29T22:54:38.671+0000] {module_validator.py:120} INFO - Replaced sub_module layer2.3.bn3 : BatchNorm2d(512, eps=1e-05, momentum=0.1, affine=True, track_running_stats=True) with GroupNorm(32, 512, eps=1e-05, affine=True)
[2023-07-29T22:54:38.671+0000] {batch_norm.py:61} INFO - The default batch_norm fixer replaces BatchNorm with GroupNorm.To overwrite the default to InstanceNorm, call fix() with replace_bn_with_in=True.
[2023-07-29T22:54:38.672+0000] {module_validator.py:120} INFO - Replaced sub_module layer3.0.bn1 : BatchNorm2d(256, eps=1e-05, momentum=0.1, affine=True, track_running_stats=True) with GroupNorm(32, 256, eps=1e-05, affine=True)
[2023-07-29T22:54:38.672+0000] {batch_norm.py:61} INFO - The default batch_norm fixer replaces BatchNorm with GroupNorm.To overwrite the default to InstanceNorm, call fix() with replace_bn_with_in=True.
[2023-07-29T22:54:38.672+0000] {module_validator.py:120} INFO - Replaced sub_module layer3.0.bn2 : BatchNorm2d(256, eps=1e-05, momentum=0.1, affine=True, track_running_stats=True) with GroupNorm(32, 256, eps=1e-05, affine=True)
[2023-07-29T22:54:38.672+0000] {batch_norm.py:61} INFO - The default batch_norm fixer replaces BatchNorm with GroupNorm.To overwrite the default to InstanceNorm, call fix() with replace_bn_with_in=True.
[2023-07-29T22:54:38.672+0000] {module_validator.py:120} INFO - Replaced sub_module layer3.0.bn3 : BatchNorm2d(1024, eps=1e-05, momentum=0.1, affine=True, track_running_stats=True) with GroupNorm(32, 1024, eps=1e-05, affine=True)
[2023-07-29T22:54:38.673+0000] {batch_norm.py:61} INFO - The default batch_norm fixer replaces BatchNorm with GroupNorm.To overwrite the default to InstanceNorm, call fix() with replace_bn_with_in=True.
[2023-07-29T22:54:38.673+0000] {module_validator.py:120} INFO - Replaced sub_module layer3.0.downsample.1 : BatchNorm2d(1024, eps=1e-05, momentum=0.1, affine=True, track_running_stats=True) with GroupNorm(32, 1024, eps=1e-05, affine=True)
[2023-07-29T22:54:38.673+0000] {batch_norm.py:61} INFO - The default batch_norm fixer replaces BatchNorm with GroupNorm.To overwrite the default to InstanceNorm, call fix() with replace_bn_with_in=True.
[2023-07-29T22:54:38.673+0000] {module_validator.py:120} INFO - Replaced sub_module layer3.1.bn1 : BatchNorm2d(256, eps=1e-05, momentum=0.1, affine=True, track_running_stats=True) with GroupNorm(32, 256, eps=1e-05, affine=True)
[2023-07-29T22:54:38.673+0000] {batch_norm.py:61} INFO - The default batch_norm fixer replaces BatchNorm with GroupNorm.To overwrite the default to InstanceNorm, call fix() with replace_bn_with_in=True.
[2023-07-29T22:54:38.674+0000] {module_validator.py:120} INFO - Replaced sub_module layer3.1.bn2 : BatchNorm2d(256, eps=1e-05, momentum=0.1, affine=True, track_running_stats=True) with GroupNorm(32, 256, eps=1e-05, affine=True)
[2023-07-29T22:54:38.674+0000] {batch_norm.py:61} INFO - The default batch_norm fixer replaces BatchNorm with GroupNorm.To overwrite the default to InstanceNorm, call fix() with replace_bn_with_in=True.
[2023-07-29T22:54:38.674+0000] {module_validator.py:120} INFO - Replaced sub_module layer3.1.bn3 : BatchNorm2d(1024, eps=1e-05, momentum=0.1, affine=True, track_running_stats=True) with GroupNorm(32, 1024, eps=1e-05, affine=True)
[2023-07-29T22:54:38.674+0000] {batch_norm.py:61} INFO - The default batch_norm fixer replaces BatchNorm with GroupNorm.To overwrite the default to InstanceNorm, call fix() with replace_bn_with_in=True.
[2023-07-29T22:54:38.674+0000] {module_validator.py:120} INFO - Replaced sub_module layer3.2.bn1 : BatchNorm2d(256, eps=1e-05, momentum=0.1, affine=True, track_running_stats=True) with GroupNorm(32, 256, eps=1e-05, affine=True)
[2023-07-29T22:54:38.674+0000] {batch_norm.py:61} INFO - The default batch_norm fixer replaces BatchNorm with GroupNorm.To overwrite the default to InstanceNorm, call fix() with replace_bn_with_in=True.
[2023-07-29T22:54:38.675+0000] {module_validator.py:120} INFO - Replaced sub_module layer3.2.bn2 : BatchNorm2d(256, eps=1e-05, momentum=0.1, affine=True, track_running_stats=True) with GroupNorm(32, 256, eps=1e-05, affine=True)
[2023-07-29T22:54:38.675+0000] {batch_norm.py:61} INFO - The default batch_norm fixer replaces BatchNorm with GroupNorm.To overwrite the default to InstanceNorm, call fix() with replace_bn_with_in=True.
[2023-07-29T22:54:38.675+0000] {module_validator.py:120} INFO - Replaced sub_module layer3.2.bn3 : BatchNorm2d(1024, eps=1e-05, momentum=0.1, affine=True, track_running_stats=True) with GroupNorm(32, 1024, eps=1e-05, affine=True)
[2023-07-29T22:54:38.675+0000] {batch_norm.py:61} INFO - The default batch_norm fixer replaces BatchNorm with GroupNorm.To overwrite the default to InstanceNorm, call fix() with replace_bn_with_in=True.
[2023-07-29T22:54:38.675+0000] {module_validator.py:120} INFO - Replaced sub_module layer3.3.bn1 : BatchNorm2d(256, eps=1e-05, momentum=0.1, affine=True, track_running_stats=True) with GroupNorm(32, 256, eps=1e-05, affine=True)
[2023-07-29T22:54:38.676+0000] {batch_norm.py:61} INFO - The default batch_norm fixer replaces BatchNorm with GroupNorm.To overwrite the default to InstanceNorm, call fix() with replace_bn_with_in=True.
[2023-07-29T22:54:38.676+0000] {module_validator.py:120} INFO - Replaced sub_module layer3.3.bn2 : BatchNorm2d(256, eps=1e-05, momentum=0.1, affine=True, track_running_stats=True) with GroupNorm(32, 256, eps=1e-05, affine=True)
[2023-07-29T22:54:38.676+0000] {batch_norm.py:61} INFO - The default batch_norm fixer replaces BatchNorm with GroupNorm.To overwrite the default to InstanceNorm, call fix() with replace_bn_with_in=True.
[2023-07-29T22:54:38.676+0000] {module_validator.py:120} INFO - Replaced sub_module layer3.3.bn3 : BatchNorm2d(1024, eps=1e-05, momentum=0.1, affine=True, track_running_stats=True) with GroupNorm(32, 1024, eps=1e-05, affine=True)
[2023-07-29T22:54:38.676+0000] {batch_norm.py:61} INFO - The default batch_norm fixer replaces BatchNorm with GroupNorm.To overwrite the default to InstanceNorm, call fix() with replace_bn_with_in=True.
[2023-07-29T22:54:38.677+0000] {module_validator.py:120} INFO - Replaced sub_module layer3.4.bn1 : BatchNorm2d(256, eps=1e-05, momentum=0.1, affine=True, track_running_stats=True) with GroupNorm(32, 256, eps=1e-05, affine=True)
[2023-07-29T22:54:38.677+0000] {batch_norm.py:61} INFO - The default batch_norm fixer replaces BatchNorm with GroupNorm.To overwrite the default to InstanceNorm, call fix() with replace_bn_with_in=True.
[2023-07-29T22:54:38.677+0000] {module_validator.py:120} INFO - Replaced sub_module layer3.4.bn2 : BatchNorm2d(256, eps=1e-05, momentum=0.1, affine=True, track_running_stats=True) with GroupNorm(32, 256, eps=1e-05, affine=True)
[2023-07-29T22:54:38.677+0000] {batch_norm.py:61} INFO - The default batch_norm fixer replaces BatchNorm with GroupNorm.To overwrite the default to InstanceNorm, call fix() with replace_bn_with_in=True.
[2023-07-29T22:54:38.677+0000] {module_validator.py:120} INFO - Replaced sub_module layer3.4.bn3 : BatchNorm2d(1024, eps=1e-05, momentum=0.1, affine=True, track_running_stats=True) with GroupNorm(32, 1024, eps=1e-05, affine=True)
[2023-07-29T22:54:38.677+0000] {batch_norm.py:61} INFO - The default batch_norm fixer replaces BatchNorm with GroupNorm.To overwrite the default to InstanceNorm, call fix() with replace_bn_with_in=True.
[2023-07-29T22:54:38.678+0000] {module_validator.py:120} INFO - Replaced sub_module layer3.5.bn1 : BatchNorm2d(256, eps=1e-05, momentum=0.1, affine=True, track_running_stats=True) with GroupNorm(32, 256, eps=1e-05, affine=True)
[2023-07-29T22:54:38.678+0000] {batch_norm.py:61} INFO - The default batch_norm fixer replaces BatchNorm with GroupNorm.To overwrite the default to InstanceNorm, call fix() with replace_bn_with_in=True.
[2023-07-29T22:54:38.678+0000] {module_validator.py:120} INFO - Replaced sub_module layer3.5.bn2 : BatchNorm2d(256, eps=1e-05, momentum=0.1, affine=True, track_running_stats=True) with GroupNorm(32, 256, eps=1e-05, affine=True)
[2023-07-29T22:54:38.678+0000] {batch_norm.py:61} INFO - The default batch_norm fixer replaces BatchNorm with GroupNorm.To overwrite the default to InstanceNorm, call fix() with replace_bn_with_in=True.
[2023-07-29T22:54:38.678+0000] {module_validator.py:120} INFO - Replaced sub_module layer3.5.bn3 : BatchNorm2d(1024, eps=1e-05, momentum=0.1, affine=True, track_running_stats=True) with GroupNorm(32, 1024, eps=1e-05, affine=True)
[2023-07-29T22:54:38.679+0000] {batch_norm.py:61} INFO - The default batch_norm fixer replaces BatchNorm with GroupNorm.To overwrite the default to InstanceNorm, call fix() with replace_bn_with_in=True.
[2023-07-29T22:54:38.679+0000] {module_validator.py:120} INFO - Replaced sub_module layer3.6.bn1 : BatchNorm2d(256, eps=1e-05, momentum=0.1, affine=True, track_running_stats=True) with GroupNorm(32, 256, eps=1e-05, affine=True)
[2023-07-29T22:54:38.679+0000] {batch_norm.py:61} INFO - The default batch_norm fixer replaces BatchNorm with GroupNorm.To overwrite the default to InstanceNorm, call fix() with replace_bn_with_in=True.
[2023-07-29T22:54:38.679+0000] {module_validator.py:120} INFO - Replaced sub_module layer3.6.bn2 : BatchNorm2d(256, eps=1e-05, momentum=0.1, affine=True, track_running_stats=True) with GroupNorm(32, 256, eps=1e-05, affine=True)
[2023-07-29T22:54:38.679+0000] {batch_norm.py:61} INFO - The default batch_norm fixer replaces BatchNorm with GroupNorm.To overwrite the default to InstanceNorm, call fix() with replace_bn_with_in=True.
[2023-07-29T22:54:38.680+0000] {module_validator.py:120} INFO - Replaced sub_module layer3.6.bn3 : BatchNorm2d(1024, eps=1e-05, momentum=0.1, affine=True, track_running_stats=True) with GroupNorm(32, 1024, eps=1e-05, affine=True)
[2023-07-29T22:54:38.680+0000] {batch_norm.py:61} INFO - The default batch_norm fixer replaces BatchNorm with GroupNorm.To overwrite the default to InstanceNorm, call fix() with replace_bn_with_in=True.
[2023-07-29T22:54:38.680+0000] {module_validator.py:120} INFO - Replaced sub_module layer3.7.bn1 : BatchNorm2d(256, eps=1e-05, momentum=0.1, affine=True, track_running_stats=True) with GroupNorm(32, 256, eps=1e-05, affine=True)
[2023-07-29T22:54:38.680+0000] {batch_norm.py:61} INFO - The default batch_norm fixer replaces BatchNorm with GroupNorm.To overwrite the default to InstanceNorm, call fix() with replace_bn_with_in=True.
[2023-07-29T22:54:38.680+0000] {module_validator.py:120} INFO - Replaced sub_module layer3.7.bn2 : BatchNorm2d(256, eps=1e-05, momentum=0.1, affine=True, track_running_stats=True) with GroupNorm(32, 256, eps=1e-05, affine=True)
[2023-07-29T22:54:38.681+0000] {batch_norm.py:61} INFO - The default batch_norm fixer replaces BatchNorm with GroupNorm.To overwrite the default to InstanceNorm, call fix() with replace_bn_with_in=True.
[2023-07-29T22:54:38.681+0000] {module_validator.py:120} INFO - Replaced sub_module layer3.7.bn3 : BatchNorm2d(1024, eps=1e-05, momentum=0.1, affine=True, track_running_stats=True) with GroupNorm(32, 1024, eps=1e-05, affine=True)
[2023-07-29T22:54:38.681+0000] {batch_norm.py:61} INFO - The default batch_norm fixer replaces BatchNorm with GroupNorm.To overwrite the default to InstanceNorm, call fix() with replace_bn_with_in=True.
[2023-07-29T22:54:38.681+0000] {module_validator.py:120} INFO - Replaced sub_module layer3.8.bn1 : BatchNorm2d(256, eps=1e-05, momentum=0.1, affine=True, track_running_stats=True) with GroupNorm(32, 256, eps=1e-05, affine=True)
[2023-07-29T22:54:38.681+0000] {batch_norm.py:61} INFO - The default batch_norm fixer replaces BatchNorm with GroupNorm.To overwrite the default to InstanceNorm, call fix() with replace_bn_with_in=True.
[2023-07-29T22:54:38.682+0000] {module_validator.py:120} INFO - Replaced sub_module layer3.8.bn2 : BatchNorm2d(256, eps=1e-05, momentum=0.1, affine=True, track_running_stats=True) with GroupNorm(32, 256, eps=1e-05, affine=True)
[2023-07-29T22:54:38.682+0000] {batch_norm.py:61} INFO - The default batch_norm fixer replaces BatchNorm with GroupNorm.To overwrite the default to InstanceNorm, call fix() with replace_bn_with_in=True.
[2023-07-29T22:54:38.682+0000] {module_validator.py:120} INFO - Replaced sub_module layer3.8.bn3 : BatchNorm2d(1024, eps=1e-05, momentum=0.1, affine=True, track_running_stats=True) with GroupNorm(32, 1024, eps=1e-05, affine=True)
[2023-07-29T22:54:38.682+0000] {batch_norm.py:61} INFO - The default batch_norm fixer replaces BatchNorm with GroupNorm.To overwrite the default to InstanceNorm, call fix() with replace_bn_with_in=True.
[2023-07-29T22:54:38.682+0000] {module_validator.py:120} INFO - Replaced sub_module layer3.9.bn1 : BatchNorm2d(256, eps=1e-05, momentum=0.1, affine=True, track_running_stats=True) with GroupNorm(32, 256, eps=1e-05, affine=True)
[2023-07-29T22:54:38.682+0000] {batch_norm.py:61} INFO - The default batch_norm fixer replaces BatchNorm with GroupNorm.To overwrite the default to InstanceNorm, call fix() with replace_bn_with_in=True.
[2023-07-29T22:54:38.683+0000] {module_validator.py:120} INFO - Replaced sub_module layer3.9.bn2 : BatchNorm2d(256, eps=1e-05, momentum=0.1, affine=True, track_running_stats=True) with GroupNorm(32, 256, eps=1e-05, affine=True)
[2023-07-29T22:54:38.683+0000] {batch_norm.py:61} INFO - The default batch_norm fixer replaces BatchNorm with GroupNorm.To overwrite the default to InstanceNorm, call fix() with replace_bn_with_in=True.
[2023-07-29T22:54:38.683+0000] {module_validator.py:120} INFO - Replaced sub_module layer3.9.bn3 : BatchNorm2d(1024, eps=1e-05, momentum=0.1, affine=True, track_running_stats=True) with GroupNorm(32, 1024, eps=1e-05, affine=True)
[2023-07-29T22:54:38.683+0000] {batch_norm.py:61} INFO - The default batch_norm fixer replaces BatchNorm with GroupNorm.To overwrite the default to InstanceNorm, call fix() with replace_bn_with_in=True.
[2023-07-29T22:54:38.683+0000] {module_validator.py:120} INFO - Replaced sub_module layer3.10.bn1 : BatchNorm2d(256, eps=1e-05, momentum=0.1, affine=True, track_running_stats=True) with GroupNorm(32, 256, eps=1e-05, affine=True)
[2023-07-29T22:54:38.683+0000] {batch_norm.py:61} INFO - The default batch_norm fixer replaces BatchNorm with GroupNorm.To overwrite the default to InstanceNorm, call fix() with replace_bn_with_in=True.
[2023-07-29T22:54:38.684+0000] {module_validator.py:120} INFO - Replaced sub_module layer3.10.bn2 : BatchNorm2d(256, eps=1e-05, momentum=0.1, affine=True, track_running_stats=True) with GroupNorm(32, 256, eps=1e-05, affine=True)
[2023-07-29T22:54:38.684+0000] {batch_norm.py:61} INFO - The default batch_norm fixer replaces BatchNorm with GroupNorm.To overwrite the default to InstanceNorm, call fix() with replace_bn_with_in=True.
[2023-07-29T22:54:38.684+0000] {module_validator.py:120} INFO - Replaced sub_module layer3.10.bn3 : BatchNorm2d(1024, eps=1e-05, momentum=0.1, affine=True, track_running_stats=True) with GroupNorm(32, 1024, eps=1e-05, affine=True)
[2023-07-29T22:54:38.684+0000] {batch_norm.py:61} INFO - The default batch_norm fixer replaces BatchNorm with GroupNorm.To overwrite the default to InstanceNorm, call fix() with replace_bn_with_in=True.
[2023-07-29T22:54:38.684+0000] {module_validator.py:120} INFO - Replaced sub_module layer3.11.bn1 : BatchNorm2d(256, eps=1e-05, momentum=0.1, affine=True, track_running_stats=True) with GroupNorm(32, 256, eps=1e-05, affine=True)
[2023-07-29T22:54:38.685+0000] {batch_norm.py:61} INFO - The default batch_norm fixer replaces BatchNorm with GroupNorm.To overwrite the default to InstanceNorm, call fix() with replace_bn_with_in=True.
[2023-07-29T22:54:38.685+0000] {module_validator.py:120} INFO - Replaced sub_module layer3.11.bn2 : BatchNorm2d(256, eps=1e-05, momentum=0.1, affine=True, track_running_stats=True) with GroupNorm(32, 256, eps=1e-05, affine=True)
[2023-07-29T22:54:38.685+0000] {batch_norm.py:61} INFO - The default batch_norm fixer replaces BatchNorm with GroupNorm.To overwrite the default to InstanceNorm, call fix() with replace_bn_with_in=True.
[2023-07-29T22:54:38.685+0000] {module_validator.py:120} INFO - Replaced sub_module layer3.11.bn3 : BatchNorm2d(1024, eps=1e-05, momentum=0.1, affine=True, track_running_stats=True) with GroupNorm(32, 1024, eps=1e-05, affine=True)
[2023-07-29T22:54:38.685+0000] {batch_norm.py:61} INFO - The default batch_norm fixer replaces BatchNorm with GroupNorm.To overwrite the default to InstanceNorm, call fix() with replace_bn_with_in=True.
[2023-07-29T22:54:38.686+0000] {module_validator.py:120} INFO - Replaced sub_module layer3.12.bn1 : BatchNorm2d(256, eps=1e-05, momentum=0.1, affine=True, track_running_stats=True) with GroupNorm(32, 256, eps=1e-05, affine=True)
[2023-07-29T22:54:38.686+0000] {batch_norm.py:61} INFO - The default batch_norm fixer replaces BatchNorm with GroupNorm.To overwrite the default to InstanceNorm, call fix() with replace_bn_with_in=True.
[2023-07-29T22:54:38.686+0000] {module_validator.py:120} INFO - Replaced sub_module layer3.12.bn2 : BatchNorm2d(256, eps=1e-05, momentum=0.1, affine=True, track_running_stats=True) with GroupNorm(32, 256, eps=1e-05, affine=True)
[2023-07-29T22:54:38.686+0000] {batch_norm.py:61} INFO - The default batch_norm fixer replaces BatchNorm with GroupNorm.To overwrite the default to InstanceNorm, call fix() with replace_bn_with_in=True.
[2023-07-29T22:54:38.686+0000] {module_validator.py:120} INFO - Replaced sub_module layer3.12.bn3 : BatchNorm2d(1024, eps=1e-05, momentum=0.1, affine=True, track_running_stats=True) with GroupNorm(32, 1024, eps=1e-05, affine=True)
[2023-07-29T22:54:38.686+0000] {batch_norm.py:61} INFO - The default batch_norm fixer replaces BatchNorm with GroupNorm.To overwrite the default to InstanceNorm, call fix() with replace_bn_with_in=True.
[2023-07-29T22:54:38.687+0000] {module_validator.py:120} INFO - Replaced sub_module layer3.13.bn1 : BatchNorm2d(256, eps=1e-05, momentum=0.1, affine=True, track_running_stats=True) with GroupNorm(32, 256, eps=1e-05, affine=True)
[2023-07-29T22:54:38.687+0000] {batch_norm.py:61} INFO - The default batch_norm fixer replaces BatchNorm with GroupNorm.To overwrite the default to InstanceNorm, call fix() with replace_bn_with_in=True.
[2023-07-29T22:54:38.687+0000] {module_validator.py:120} INFO - Replaced sub_module layer3.13.bn2 : BatchNorm2d(256, eps=1e-05, momentum=0.1, affine=True, track_running_stats=True) with GroupNorm(32, 256, eps=1e-05, affine=True)
[2023-07-29T22:54:38.687+0000] {batch_norm.py:61} INFO - The default batch_norm fixer replaces BatchNorm with GroupNorm.To overwrite the default to InstanceNorm, call fix() with replace_bn_with_in=True.
[2023-07-29T22:54:38.687+0000] {module_validator.py:120} INFO - Replaced sub_module layer3.13.bn3 : BatchNorm2d(1024, eps=1e-05, momentum=0.1, affine=True, track_running_stats=True) with GroupNorm(32, 1024, eps=1e-05, affine=True)
[2023-07-29T22:54:38.688+0000] {batch_norm.py:61} INFO - The default batch_norm fixer replaces BatchNorm with GroupNorm.To overwrite the default to InstanceNorm, call fix() with replace_bn_with_in=True.
[2023-07-29T22:54:38.688+0000] {module_validator.py:120} INFO - Replaced sub_module layer3.14.bn1 : BatchNorm2d(256, eps=1e-05, momentum=0.1, affine=True, track_running_stats=True) with GroupNorm(32, 256, eps=1e-05, affine=True)
[2023-07-29T22:54:38.688+0000] {batch_norm.py:61} INFO - The default batch_norm fixer replaces BatchNorm with GroupNorm.To overwrite the default to InstanceNorm, call fix() with replace_bn_with_in=True.
[2023-07-29T22:54:38.688+0000] {module_validator.py:120} INFO - Replaced sub_module layer3.14.bn2 : BatchNorm2d(256, eps=1e-05, momentum=0.1, affine=True, track_running_stats=True) with GroupNorm(32, 256, eps=1e-05, affine=True)
[2023-07-29T22:54:38.688+0000] {batch_norm.py:61} INFO - The default batch_norm fixer replaces BatchNorm with GroupNorm.To overwrite the default to InstanceNorm, call fix() with replace_bn_with_in=True.
[2023-07-29T22:54:38.689+0000] {module_validator.py:120} INFO - Replaced sub_module layer3.14.bn3 : BatchNorm2d(1024, eps=1e-05, momentum=0.1, affine=True, track_running_stats=True) with GroupNorm(32, 1024, eps=1e-05, affine=True)
[2023-07-29T22:54:38.689+0000] {batch_norm.py:61} INFO - The default batch_norm fixer replaces BatchNorm with GroupNorm.To overwrite the default to InstanceNorm, call fix() with replace_bn_with_in=True.
[2023-07-29T22:54:38.689+0000] {module_validator.py:120} INFO - Replaced sub_module layer3.15.bn1 : BatchNorm2d(256, eps=1e-05, momentum=0.1, affine=True, track_running_stats=True) with GroupNorm(32, 256, eps=1e-05, affine=True)
[2023-07-29T22:54:38.689+0000] {batch_norm.py:61} INFO - The default batch_norm fixer replaces BatchNorm with GroupNorm.To overwrite the default to InstanceNorm, call fix() with replace_bn_with_in=True.
[2023-07-29T22:54:38.689+0000] {module_validator.py:120} INFO - Replaced sub_module layer3.15.bn2 : BatchNorm2d(256, eps=1e-05, momentum=0.1, affine=True, track_running_stats=True) with GroupNorm(32, 256, eps=1e-05, affine=True)
[2023-07-29T22:54:38.689+0000] {batch_norm.py:61} INFO - The default batch_norm fixer replaces BatchNorm with GroupNorm.To overwrite the default to InstanceNorm, call fix() with replace_bn_with_in=True.
[2023-07-29T22:54:38.690+0000] {module_validator.py:120} INFO - Replaced sub_module layer3.15.bn3 : BatchNorm2d(1024, eps=1e-05, momentum=0.1, affine=True, track_running_stats=True) with GroupNorm(32, 1024, eps=1e-05, affine=True)
[2023-07-29T22:54:38.690+0000] {batch_norm.py:61} INFO - The default batch_norm fixer replaces BatchNorm with GroupNorm.To overwrite the default to InstanceNorm, call fix() with replace_bn_with_in=True.
[2023-07-29T22:54:38.690+0000] {module_validator.py:120} INFO - Replaced sub_module layer3.16.bn1 : BatchNorm2d(256, eps=1e-05, momentum=0.1, affine=True, track_running_stats=True) with GroupNorm(32, 256, eps=1e-05, affine=True)
[2023-07-29T22:54:38.690+0000] {batch_norm.py:61} INFO - The default batch_norm fixer replaces BatchNorm with GroupNorm.To overwrite the default to InstanceNorm, call fix() with replace_bn_with_in=True.
[2023-07-29T22:54:38.690+0000] {module_validator.py:120} INFO - Replaced sub_module layer3.16.bn2 : BatchNorm2d(256, eps=1e-05, momentum=0.1, affine=True, track_running_stats=True) with GroupNorm(32, 256, eps=1e-05, affine=True)
[2023-07-29T22:54:38.691+0000] {batch_norm.py:61} INFO - The default batch_norm fixer replaces BatchNorm with GroupNorm.To overwrite the default to InstanceNorm, call fix() with replace_bn_with_in=True.
[2023-07-29T22:54:38.691+0000] {module_validator.py:120} INFO - Replaced sub_module layer3.16.bn3 : BatchNorm2d(1024, eps=1e-05, momentum=0.1, affine=True, track_running_stats=True) with GroupNorm(32, 1024, eps=1e-05, affine=True)
[2023-07-29T22:54:38.691+0000] {batch_norm.py:61} INFO - The default batch_norm fixer replaces BatchNorm with GroupNorm.To overwrite the default to InstanceNorm, call fix() with replace_bn_with_in=True.
[2023-07-29T22:54:38.691+0000] {module_validator.py:120} INFO - Replaced sub_module layer3.17.bn1 : BatchNorm2d(256, eps=1e-05, momentum=0.1, affine=True, track_running_stats=True) with GroupNorm(32, 256, eps=1e-05, affine=True)
[2023-07-29T22:54:38.691+0000] {batch_norm.py:61} INFO - The default batch_norm fixer replaces BatchNorm with GroupNorm.To overwrite the default to InstanceNorm, call fix() with replace_bn_with_in=True.
[2023-07-29T22:54:38.692+0000] {module_validator.py:120} INFO - Replaced sub_module layer3.17.bn2 : BatchNorm2d(256, eps=1e-05, momentum=0.1, affine=True, track_running_stats=True) with GroupNorm(32, 256, eps=1e-05, affine=True)
[2023-07-29T22:54:38.692+0000] {batch_norm.py:61} INFO - The default batch_norm fixer replaces BatchNorm with GroupNorm.To overwrite the default to InstanceNorm, call fix() with replace_bn_with_in=True.
[2023-07-29T22:54:38.692+0000] {module_validator.py:120} INFO - Replaced sub_module layer3.17.bn3 : BatchNorm2d(1024, eps=1e-05, momentum=0.1, affine=True, track_running_stats=True) with GroupNorm(32, 1024, eps=1e-05, affine=True)
[2023-07-29T22:54:38.692+0000] {batch_norm.py:61} INFO - The default batch_norm fixer replaces BatchNorm with GroupNorm.To overwrite the default to InstanceNorm, call fix() with replace_bn_with_in=True.
[2023-07-29T22:54:38.692+0000] {module_validator.py:120} INFO - Replaced sub_module layer3.18.bn1 : BatchNorm2d(256, eps=1e-05, momentum=0.1, affine=True, track_running_stats=True) with GroupNorm(32, 256, eps=1e-05, affine=True)
[2023-07-29T22:54:38.692+0000] {batch_norm.py:61} INFO - The default batch_norm fixer replaces BatchNorm with GroupNorm.To overwrite the default to InstanceNorm, call fix() with replace_bn_with_in=True.
[2023-07-29T22:54:38.693+0000] {module_validator.py:120} INFO - Replaced sub_module layer3.18.bn2 : BatchNorm2d(256, eps=1e-05, momentum=0.1, affine=True, track_running_stats=True) with GroupNorm(32, 256, eps=1e-05, affine=True)
[2023-07-29T22:54:38.693+0000] {batch_norm.py:61} INFO - The default batch_norm fixer replaces BatchNorm with GroupNorm.To overwrite the default to InstanceNorm, call fix() with replace_bn_with_in=True.
[2023-07-29T22:54:38.693+0000] {module_validator.py:120} INFO - Replaced sub_module layer3.18.bn3 : BatchNorm2d(1024, eps=1e-05, momentum=0.1, affine=True, track_running_stats=True) with GroupNorm(32, 1024, eps=1e-05, affine=True)
[2023-07-29T22:54:38.693+0000] {batch_norm.py:61} INFO - The default batch_norm fixer replaces BatchNorm with GroupNorm.To overwrite the default to InstanceNorm, call fix() with replace_bn_with_in=True.
[2023-07-29T22:54:38.693+0000] {module_validator.py:120} INFO - Replaced sub_module layer3.19.bn1 : BatchNorm2d(256, eps=1e-05, momentum=0.1, affine=True, track_running_stats=True) with GroupNorm(32, 256, eps=1e-05, affine=True)
[2023-07-29T22:54:38.694+0000] {batch_norm.py:61} INFO - The default batch_norm fixer replaces BatchNorm with GroupNorm.To overwrite the default to InstanceNorm, call fix() with replace_bn_with_in=True.
[2023-07-29T22:54:38.694+0000] {module_validator.py:120} INFO - Replaced sub_module layer3.19.bn2 : BatchNorm2d(256, eps=1e-05, momentum=0.1, affine=True, track_running_stats=True) with GroupNorm(32, 256, eps=1e-05, affine=True)
[2023-07-29T22:54:38.694+0000] {batch_norm.py:61} INFO - The default batch_norm fixer replaces BatchNorm with GroupNorm.To overwrite the default to InstanceNorm, call fix() with replace_bn_with_in=True.
[2023-07-29T22:54:38.694+0000] {module_validator.py:120} INFO - Replaced sub_module layer3.19.bn3 : BatchNorm2d(1024, eps=1e-05, momentum=0.1, affine=True, track_running_stats=True) with GroupNorm(32, 1024, eps=1e-05, affine=True)
[2023-07-29T22:54:38.694+0000] {batch_norm.py:61} INFO - The default batch_norm fixer replaces BatchNorm with GroupNorm.To overwrite the default to InstanceNorm, call fix() with replace_bn_with_in=True.
[2023-07-29T22:54:38.695+0000] {module_validator.py:120} INFO - Replaced sub_module layer3.20.bn1 : BatchNorm2d(256, eps=1e-05, momentum=0.1, affine=True, track_running_stats=True) with GroupNorm(32, 256, eps=1e-05, affine=True)
[2023-07-29T22:54:38.695+0000] {batch_norm.py:61} INFO - The default batch_norm fixer replaces BatchNorm with GroupNorm.To overwrite the default to InstanceNorm, call fix() with replace_bn_with_in=True.
[2023-07-29T22:54:38.695+0000] {module_validator.py:120} INFO - Replaced sub_module layer3.20.bn2 : BatchNorm2d(256, eps=1e-05, momentum=0.1, affine=True, track_running_stats=True) with GroupNorm(32, 256, eps=1e-05, affine=True)
[2023-07-29T22:54:38.695+0000] {batch_norm.py:61} INFO - The default batch_norm fixer replaces BatchNorm with GroupNorm.To overwrite the default to InstanceNorm, call fix() with replace_bn_with_in=True.
[2023-07-29T22:54:38.695+0000] {module_validator.py:120} INFO - Replaced sub_module layer3.20.bn3 : BatchNorm2d(1024, eps=1e-05, momentum=0.1, affine=True, track_running_stats=True) with GroupNorm(32, 1024, eps=1e-05, affine=True)
[2023-07-29T22:54:38.695+0000] {batch_norm.py:61} INFO - The default batch_norm fixer replaces BatchNorm with GroupNorm.To overwrite the default to InstanceNorm, call fix() with replace_bn_with_in=True.
[2023-07-29T22:54:38.696+0000] {module_validator.py:120} INFO - Replaced sub_module layer3.21.bn1 : BatchNorm2d(256, eps=1e-05, momentum=0.1, affine=True, track_running_stats=True) with GroupNorm(32, 256, eps=1e-05, affine=True)
[2023-07-29T22:54:38.696+0000] {batch_norm.py:61} INFO - The default batch_norm fixer replaces BatchNorm with GroupNorm.To overwrite the default to InstanceNorm, call fix() with replace_bn_with_in=True.
[2023-07-29T22:54:38.696+0000] {module_validator.py:120} INFO - Replaced sub_module layer3.21.bn2 : BatchNorm2d(256, eps=1e-05, momentum=0.1, affine=True, track_running_stats=True) with GroupNorm(32, 256, eps=1e-05, affine=True)
[2023-07-29T22:54:38.696+0000] {batch_norm.py:61} INFO - The default batch_norm fixer replaces BatchNorm with GroupNorm.To overwrite the default to InstanceNorm, call fix() with replace_bn_with_in=True.
[2023-07-29T22:54:38.696+0000] {module_validator.py:120} INFO - Replaced sub_module layer3.21.bn3 : BatchNorm2d(1024, eps=1e-05, momentum=0.1, affine=True, track_running_stats=True) with GroupNorm(32, 1024, eps=1e-05, affine=True)
[2023-07-29T22:54:38.697+0000] {batch_norm.py:61} INFO - The default batch_norm fixer replaces BatchNorm with GroupNorm.To overwrite the default to InstanceNorm, call fix() with replace_bn_with_in=True.
[2023-07-29T22:54:38.697+0000] {module_validator.py:120} INFO - Replaced sub_module layer3.22.bn1 : BatchNorm2d(256, eps=1e-05, momentum=0.1, affine=True, track_running_stats=True) with GroupNorm(32, 256, eps=1e-05, affine=True)
[2023-07-29T22:54:38.697+0000] {batch_norm.py:61} INFO - The default batch_norm fixer replaces BatchNorm with GroupNorm.To overwrite the default to InstanceNorm, call fix() with replace_bn_with_in=True.
[2023-07-29T22:54:38.697+0000] {module_validator.py:120} INFO - Replaced sub_module layer3.22.bn2 : BatchNorm2d(256, eps=1e-05, momentum=0.1, affine=True, track_running_stats=True) with GroupNorm(32, 256, eps=1e-05, affine=True)
[2023-07-29T22:54:38.697+0000] {batch_norm.py:61} INFO - The default batch_norm fixer replaces BatchNorm with GroupNorm.To overwrite the default to InstanceNorm, call fix() with replace_bn_with_in=True.
[2023-07-29T22:54:38.698+0000] {module_validator.py:120} INFO - Replaced sub_module layer3.22.bn3 : BatchNorm2d(1024, eps=1e-05, momentum=0.1, affine=True, track_running_stats=True) with GroupNorm(32, 1024, eps=1e-05, affine=True)
[2023-07-29T22:54:38.698+0000] {batch_norm.py:61} INFO - The default batch_norm fixer replaces BatchNorm with GroupNorm.To overwrite the default to InstanceNorm, call fix() with replace_bn_with_in=True.
[2023-07-29T22:54:38.698+0000] {module_validator.py:120} INFO - Replaced sub_module layer4.0.bn1 : BatchNorm2d(512, eps=1e-05, momentum=0.1, affine=True, track_running_stats=True) with GroupNorm(32, 512, eps=1e-05, affine=True)
[2023-07-29T22:54:38.698+0000] {batch_norm.py:61} INFO - The default batch_norm fixer replaces BatchNorm with GroupNorm.To overwrite the default to InstanceNorm, call fix() with replace_bn_with_in=True.
[2023-07-29T22:54:38.698+0000] {module_validator.py:120} INFO - Replaced sub_module layer4.0.bn2 : BatchNorm2d(512, eps=1e-05, momentum=0.1, affine=True, track_running_stats=True) with GroupNorm(32, 512, eps=1e-05, affine=True)
[2023-07-29T22:54:38.698+0000] {batch_norm.py:61} INFO - The default batch_norm fixer replaces BatchNorm with GroupNorm.To overwrite the default to InstanceNorm, call fix() with replace_bn_with_in=True.
[2023-07-29T22:54:38.699+0000] {module_validator.py:120} INFO - Replaced sub_module layer4.0.bn3 : BatchNorm2d(2048, eps=1e-05, momentum=0.1, affine=True, track_running_stats=True) with GroupNorm(32, 2048, eps=1e-05, affine=True)
[2023-07-29T22:54:38.699+0000] {batch_norm.py:61} INFO - The default batch_norm fixer replaces BatchNorm with GroupNorm.To overwrite the default to InstanceNorm, call fix() with replace_bn_with_in=True.
[2023-07-29T22:54:38.699+0000] {module_validator.py:120} INFO - Replaced sub_module layer4.0.downsample.1 : BatchNorm2d(2048, eps=1e-05, momentum=0.1, affine=True, track_running_stats=True) with GroupNorm(32, 2048, eps=1e-05, affine=True)
[2023-07-29T22:54:38.699+0000] {batch_norm.py:61} INFO - The default batch_norm fixer replaces BatchNorm with GroupNorm.To overwrite the default to InstanceNorm, call fix() with replace_bn_with_in=True.
[2023-07-29T22:54:38.699+0000] {module_validator.py:120} INFO - Replaced sub_module layer4.1.bn1 : BatchNorm2d(512, eps=1e-05, momentum=0.1, affine=True, track_running_stats=True) with GroupNorm(32, 512, eps=1e-05, affine=True)
[2023-07-29T22:54:38.700+0000] {batch_norm.py:61} INFO - The default batch_norm fixer replaces BatchNorm with GroupNorm.To overwrite the default to InstanceNorm, call fix() with replace_bn_with_in=True.
[2023-07-29T22:54:38.700+0000] {module_validator.py:120} INFO - Replaced sub_module layer4.1.bn2 : BatchNorm2d(512, eps=1e-05, momentum=0.1, affine=True, track_running_stats=True) with GroupNorm(32, 512, eps=1e-05, affine=True)
[2023-07-29T22:54:38.700+0000] {batch_norm.py:61} INFO - The default batch_norm fixer replaces BatchNorm with GroupNorm.To overwrite the default to InstanceNorm, call fix() with replace_bn_with_in=True.
[2023-07-29T22:54:38.700+0000] {module_validator.py:120} INFO - Replaced sub_module layer4.1.bn3 : BatchNorm2d(2048, eps=1e-05, momentum=0.1, affine=True, track_running_stats=True) with GroupNorm(32, 2048, eps=1e-05, affine=True)
[2023-07-29T22:54:38.700+0000] {batch_norm.py:61} INFO - The default batch_norm fixer replaces BatchNorm with GroupNorm.To overwrite the default to InstanceNorm, call fix() with replace_bn_with_in=True.
[2023-07-29T22:54:38.701+0000] {module_validator.py:120} INFO - Replaced sub_module layer4.2.bn1 : BatchNorm2d(512, eps=1e-05, momentum=0.1, affine=True, track_running_stats=True) with GroupNorm(32, 512, eps=1e-05, affine=True)
[2023-07-29T22:54:38.701+0000] {batch_norm.py:61} INFO - The default batch_norm fixer replaces BatchNorm with GroupNorm.To overwrite the default to InstanceNorm, call fix() with replace_bn_with_in=True.
[2023-07-29T22:54:38.701+0000] {module_validator.py:120} INFO - Replaced sub_module layer4.2.bn2 : BatchNorm2d(512, eps=1e-05, momentum=0.1, affine=True, track_running_stats=True) with GroupNorm(32, 512, eps=1e-05, affine=True)
[2023-07-29T22:54:38.701+0000] {batch_norm.py:61} INFO - The default batch_norm fixer replaces BatchNorm with GroupNorm.To overwrite the default to InstanceNorm, call fix() with replace_bn_with_in=True.
[2023-07-29T22:54:38.701+0000] {module_validator.py:120} INFO - Replaced sub_module layer4.2.bn3 : BatchNorm2d(2048, eps=1e-05, momentum=0.1, affine=True, track_running_stats=True) with GroupNorm(32, 2048, eps=1e-05, affine=True)
[2023-07-29T22:54:38.703+0000] {logging_mixin.py:150} WARNING - /home/ubuntu/theft-detection/env1/lib/python3.10/site-packages/opacus/privacy_engine.py:142 UserWarning: Secure RNG turned off. This is perfectly fine for experimentation as it allows for much faster training performance, but remember to turn it on and retrain one last time before production with ``secure_mode`` turned on.
[2023-07-29T22:54:38.720+0000] {logging_mixin.py:150} WARNING - /home/ubuntu/theft-detection/env1/lib/python3.10/site-packages/opacus/accountants/analysis/rdp.py:332 UserWarning: Optimal order is the largest alpha. Please consider expanding the range of alphas to get a tighter privacy bound.
[2023-07-29T22:54:38.735+0000] {logging_mixin.py:150} WARNING - /home/ubuntu/theft-detection/env1/lib/python3.10/site-packages/opacus/accountants/analysis/prv/prvs.py:50 RuntimeWarning: invalid value encountered in log
[2023-07-29T22:54:40.168+0000] {logging_mixin.py:150} WARNING - /home/ubuntu/theft-detection/env1/lib/python3.10/site-packages/opacus/accountants/analysis/rdp.py:332 UserWarning: Optimal order is the smallest alpha. Please consider expanding the range of alphas to get a tighter privacy bound.
[2023-07-29T22:54:50.035+0000] {logging_mixin.py:150} INFO - EPOCH 1:
[2023-07-29T22:54:53.257+0000] {logging_mixin.py:150} WARNING - /home/ubuntu/theft-detection/env1/lib/python3.10/site-packages/torch/nn/modules/module.py:1344 UserWarning: Using a non-full backward hook when the forward contains multiple autograd Nodes is deprecated and will be removed in future versions. This hook will be missing some grad_input. Please use register_full_backward_hook to get the documented behavior.
[2023-07-29T22:57:01.050+0000] {trainer.py:102} INFO - Training Round complete, Calculating Epsilon & Delta...
[2023-07-29T22:57:01.050+0000] {trainer.py:104} INFO - Starting Validation...
[2023-07-29T22:57:08.463+0000] {logging_mixin.py:150} WARNING - --- Logging error ---
[2023-07-29T22:57:08.464+0000] {logging_mixin.py:150} WARNING - Traceback (most recent call last):
[2023-07-29T22:57:08.464+0000] {logging_mixin.py:150} WARNING -   File "/usr/lib/python3.10/logging/__init__.py", line 1100, in emit
    msg = self.format(record)
[2023-07-29T22:57:08.464+0000] {logging_mixin.py:150} WARNING -   File "/usr/lib/python3.10/logging/__init__.py", line 943, in format
    return fmt.format(record)
[2023-07-29T22:57:08.465+0000] {logging_mixin.py:150} WARNING -   File "/usr/lib/python3.10/logging/__init__.py", line 678, in format
    record.message = record.getMessage()
[2023-07-29T22:57:08.465+0000] {logging_mixin.py:150} WARNING -   File "/usr/lib/python3.10/logging/__init__.py", line 368, in getMessage
    msg = msg % self.args
[2023-07-29T22:57:08.465+0000] {logging_mixin.py:150} WARNING - TypeError: not all arguments converted during string formatting
[2023-07-29T22:57:08.465+0000] {logging_mixin.py:150} WARNING - Call stack:
[2023-07-29T22:57:08.466+0000] {logging_mixin.py:150} WARNING -   File "/home/ubuntu/theft-detection/env1/bin/airflow", line 8, in <module>
    sys.exit(main())
[2023-07-29T22:57:08.466+0000] {logging_mixin.py:150} WARNING -   File "/home/ubuntu/theft-detection/env1/lib/python3.10/site-packages/airflow/__main__.py", line 48, in main
    args.func(args)
[2023-07-29T22:57:08.466+0000] {logging_mixin.py:150} WARNING -   File "/home/ubuntu/theft-detection/env1/lib/python3.10/site-packages/airflow/cli/cli_config.py", line 52, in command
    return func(*args, **kwargs)
[2023-07-29T22:57:08.467+0000] {logging_mixin.py:150} WARNING -   File "/home/ubuntu/theft-detection/env1/lib/python3.10/site-packages/airflow/utils/cli.py", line 112, in wrapper
    return f(*args, **kwargs)
[2023-07-29T22:57:08.467+0000] {logging_mixin.py:150} WARNING -   File "/home/ubuntu/theft-detection/env1/lib/python3.10/site-packages/airflow/cli/commands/scheduler_command.py", line 77, in scheduler
    _run_scheduler_job(job_runner, skip_serve_logs=args.skip_serve_logs)
[2023-07-29T22:57:08.467+0000] {logging_mixin.py:150} WARNING -   File "/home/ubuntu/theft-detection/env1/lib/python3.10/site-packages/airflow/cli/commands/scheduler_command.py", line 42, in _run_scheduler_job
    run_job(job=job_runner.job, execute_callable=job_runner._execute)
[2023-07-29T22:57:08.467+0000] {logging_mixin.py:150} WARNING -   File "/home/ubuntu/theft-detection/env1/lib/python3.10/site-packages/airflow/utils/session.py", line 76, in wrapper
    return func(*args, session=session, **kwargs)
[2023-07-29T22:57:08.467+0000] {logging_mixin.py:150} WARNING -   File "/home/ubuntu/theft-detection/env1/lib/python3.10/site-packages/airflow/jobs/job.py", line 281, in run_job
    return execute_job(job, execute_callable=execute_callable)
[2023-07-29T22:57:08.467+0000] {logging_mixin.py:150} WARNING -   File "/home/ubuntu/theft-detection/env1/lib/python3.10/site-packages/airflow/jobs/job.py", line 310, in execute_job
    ret = execute_callable()
[2023-07-29T22:57:08.467+0000] {logging_mixin.py:150} WARNING -   File "/home/ubuntu/theft-detection/env1/lib/python3.10/site-packages/airflow/jobs/scheduler_job_runner.py", line 826, in _execute
    self.job.executor.start()
[2023-07-29T22:57:08.467+0000] {logging_mixin.py:150} WARNING -   File "/home/ubuntu/theft-detection/env1/lib/python3.10/site-packages/airflow/executors/local_executor.py", line 367, in start
    self.impl.start()
[2023-07-29T22:57:08.467+0000] {logging_mixin.py:150} WARNING -   File "/home/ubuntu/theft-detection/env1/lib/python3.10/site-packages/airflow/executors/local_executor.py", line 308, in start
    worker.start()
[2023-07-29T22:57:08.468+0000] {logging_mixin.py:150} WARNING -   File "/usr/lib/python3.10/multiprocessing/process.py", line 121, in start
    self._popen = self._Popen(self)
[2023-07-29T22:57:08.468+0000] {logging_mixin.py:150} WARNING -   File "/usr/lib/python3.10/multiprocessing/context.py", line 224, in _Popen
    return _default_context.get_context().Process._Popen(process_obj)
[2023-07-29T22:57:08.468+0000] {logging_mixin.py:150} WARNING -   File "/usr/lib/python3.10/multiprocessing/context.py", line 281, in _Popen
    return Popen(process_obj)
[2023-07-29T22:57:08.468+0000] {logging_mixin.py:150} WARNING -   File "/usr/lib/python3.10/multiprocessing/popen_fork.py", line 19, in __init__
    self._launch(process_obj)
[2023-07-29T22:57:08.468+0000] {logging_mixin.py:150} WARNING -   File "/usr/lib/python3.10/multiprocessing/popen_fork.py", line 71, in _launch
    code = process_obj._bootstrap(parent_sentinel=child_r)
[2023-07-29T22:57:08.468+0000] {logging_mixin.py:150} WARNING -   File "/usr/lib/python3.10/multiprocessing/process.py", line 314, in _bootstrap
    self.run()
[2023-07-29T22:57:08.468+0000] {logging_mixin.py:150} WARNING -   File "/home/ubuntu/theft-detection/env1/lib/python3.10/site-packages/airflow/executors/local_executor.py", line 74, in run
    return super().run()
[2023-07-29T22:57:08.468+0000] {logging_mixin.py:150} WARNING -   File "/usr/lib/python3.10/multiprocessing/process.py", line 108, in run
    self._target(*self._args, **self._kwargs)
[2023-07-29T22:57:08.468+0000] {logging_mixin.py:150} WARNING -   File "/home/ubuntu/theft-detection/env1/lib/python3.10/site-packages/airflow/executors/local_executor.py", line 198, in do_work
    self.execute_work(key=key, command=command)
[2023-07-29T22:57:08.468+0000] {logging_mixin.py:150} WARNING -   File "/home/ubuntu/theft-detection/env1/lib/python3.10/site-packages/airflow/executors/local_executor.py", line 91, in execute_work
    state = self._execute_work_in_fork(command)
[2023-07-29T22:57:08.469+0000] {logging_mixin.py:150} WARNING -   File "/home/ubuntu/theft-detection/env1/lib/python3.10/site-packages/airflow/executors/local_executor.py", line 131, in _execute_work_in_fork
    args.func(args)
[2023-07-29T22:57:08.469+0000] {logging_mixin.py:150} WARNING -   File "/home/ubuntu/theft-detection/env1/lib/python3.10/site-packages/airflow/cli/cli_config.py", line 52, in command
    return func(*args, **kwargs)
[2023-07-29T22:57:08.469+0000] {logging_mixin.py:150} WARNING -   File "/home/ubuntu/theft-detection/env1/lib/python3.10/site-packages/airflow/utils/cli.py", line 112, in wrapper
    return f(*args, **kwargs)
[2023-07-29T22:57:08.469+0000] {logging_mixin.py:150} WARNING -   File "/home/ubuntu/theft-detection/env1/lib/python3.10/site-packages/airflow/cli/commands/task_command.py", line 425, in task_run
    task_return_code = _run_task_by_selected_method(args, _dag, ti)
[2023-07-29T22:57:08.469+0000] {logging_mixin.py:150} WARNING -   File "/home/ubuntu/theft-detection/env1/lib/python3.10/site-packages/airflow/cli/commands/task_command.py", line 203, in _run_task_by_selected_method
    return _run_task_by_local_task_job(args, ti)
[2023-07-29T22:57:08.469+0000] {logging_mixin.py:150} WARNING -   File "/home/ubuntu/theft-detection/env1/lib/python3.10/site-packages/airflow/cli/commands/task_command.py", line 265, in _run_task_by_local_task_job
    ret = run_job(job=job_runner.job, execute_callable=job_runner._execute)
[2023-07-29T22:57:08.469+0000] {logging_mixin.py:150} WARNING -   File "/home/ubuntu/theft-detection/env1/lib/python3.10/site-packages/airflow/utils/session.py", line 76, in wrapper
    return func(*args, session=session, **kwargs)
[2023-07-29T22:57:08.469+0000] {logging_mixin.py:150} WARNING -   File "/home/ubuntu/theft-detection/env1/lib/python3.10/site-packages/airflow/jobs/job.py", line 281, in run_job
    return execute_job(job, execute_callable=execute_callable)
[2023-07-29T22:57:08.469+0000] {logging_mixin.py:150} WARNING -   File "/home/ubuntu/theft-detection/env1/lib/python3.10/site-packages/airflow/jobs/job.py", line 310, in execute_job
    ret = execute_callable()
[2023-07-29T22:57:08.470+0000] {logging_mixin.py:150} WARNING -   File "/home/ubuntu/theft-detection/env1/lib/python3.10/site-packages/airflow/jobs/local_task_job_runner.py", line 159, in _execute
    self.task_runner.start()
[2023-07-29T22:57:08.470+0000] {logging_mixin.py:150} WARNING -   File "/home/ubuntu/theft-detection/env1/lib/python3.10/site-packages/airflow/task/task_runner/standard_task_runner.py", line 45, in start
    self.process = self._start_by_fork()
[2023-07-29T22:57:08.470+0000] {logging_mixin.py:150} WARNING -   File "/home/ubuntu/theft-detection/env1/lib/python3.10/site-packages/airflow/task/task_runner/standard_task_runner.py", line 97, in _start_by_fork
    ret = args.func(args, dag=self.dag)
[2023-07-29T22:57:08.470+0000] {logging_mixin.py:150} WARNING -   File "/home/ubuntu/theft-detection/env1/lib/python3.10/site-packages/airflow/cli/cli_config.py", line 52, in command
    return func(*args, **kwargs)
[2023-07-29T22:57:08.470+0000] {logging_mixin.py:150} WARNING -   File "/home/ubuntu/theft-detection/env1/lib/python3.10/site-packages/airflow/utils/cli.py", line 112, in wrapper
    return f(*args, **kwargs)
[2023-07-29T22:57:08.470+0000] {logging_mixin.py:150} WARNING -   File "/home/ubuntu/theft-detection/env1/lib/python3.10/site-packages/airflow/cli/commands/task_command.py", line 425, in task_run
    task_return_code = _run_task_by_selected_method(args, _dag, ti)
[2023-07-29T22:57:08.470+0000] {logging_mixin.py:150} WARNING -   File "/home/ubuntu/theft-detection/env1/lib/python3.10/site-packages/airflow/cli/commands/task_command.py", line 205, in _run_task_by_selected_method
    return _run_raw_task(args, ti)
[2023-07-29T22:57:08.470+0000] {logging_mixin.py:150} WARNING -   File "/home/ubuntu/theft-detection/env1/lib/python3.10/site-packages/airflow/cli/commands/task_command.py", line 284, in _run_raw_task
    return ti._run_raw_task(
[2023-07-29T22:57:08.470+0000] {logging_mixin.py:150} WARNING -   File "/home/ubuntu/theft-detection/env1/lib/python3.10/site-packages/airflow/utils/session.py", line 76, in wrapper
    return func(*args, session=session, **kwargs)
[2023-07-29T22:57:08.470+0000] {logging_mixin.py:150} WARNING -   File "/home/ubuntu/theft-detection/env1/lib/python3.10/site-packages/airflow/models/taskinstance.py", line 1407, in _run_raw_task
    self._execute_task_with_callbacks(context, test_mode)
[2023-07-29T22:57:08.471+0000] {logging_mixin.py:150} WARNING -   File "/home/ubuntu/theft-detection/env1/lib/python3.10/site-packages/airflow/models/taskinstance.py", line 1558, in _execute_task_with_callbacks
    result = self._execute_task(context, task_orig)
[2023-07-29T22:57:08.471+0000] {logging_mixin.py:150} WARNING -   File "/home/ubuntu/theft-detection/env1/lib/python3.10/site-packages/airflow/models/taskinstance.py", line 1628, in _execute_task
    result = execute_callable(context=context)
[2023-07-29T22:57:08.471+0000] {logging_mixin.py:150} WARNING -   File "/home/ubuntu/theft-detection/env1/lib/python3.10/site-packages/airflow/operators/python.py", line 181, in execute
    return_value = self.execute_callable()
[2023-07-29T22:57:08.471+0000] {logging_mixin.py:150} WARNING -   File "/home/ubuntu/theft-detection/env1/lib/python3.10/site-packages/airflow/operators/python.py", line 198, in execute_callable
    return self.python_callable(*self.op_args, **self.op_kwargs)
[2023-07-29T22:57:08.471+0000] {logging_mixin.py:150} WARNING -   File "/home/ubuntu/GenAI-Rush/GenAI-Rush-FedGen/airflow/dags/train_dag.py", line 59, in training_module
    trainer_obj.runTrainingSession()
[2023-07-29T22:57:08.471+0000] {logging_mixin.py:150} WARNING -   File "/home/ubuntu/GenAI-Rush/GenAI-Rush-FedGen/fedgen/trainer.py", line 138, in runTrainingSession
    logging.info(performance, '\n')
[2023-07-29T22:57:08.471+0000] {logging_mixin.py:150} WARNING -   File "/usr/lib/python3.10/logging/__init__.py", line 2138, in info
    root.info(msg, *args, **kwargs)
[2023-07-29T22:57:08.471+0000] {logging_mixin.py:150} WARNING -   File "/usr/lib/python3.10/logging/__init__.py", line 1477, in info
    self._log(INFO, msg, args, **kwargs)
[2023-07-29T22:57:08.471+0000] {logging_mixin.py:150} WARNING -   File "/usr/lib/python3.10/logging/__init__.py", line 1624, in _log
    self.handle(record)
[2023-07-29T22:57:08.471+0000] {logging_mixin.py:150} WARNING -   File "/usr/lib/python3.10/logging/__init__.py", line 1634, in handle
    self.callHandlers(record)
[2023-07-29T22:57:08.472+0000] {logging_mixin.py:150} WARNING -   File "/usr/lib/python3.10/logging/__init__.py", line 1696, in callHandlers
    hdlr.handle(record)
[2023-07-29T22:57:08.472+0000] {logging_mixin.py:150} WARNING -   File "/usr/lib/python3.10/logging/__init__.py", line 968, in handle
    self.emit(record)
[2023-07-29T22:57:08.472+0000] {logging_mixin.py:150} WARNING -   File "/home/ubuntu/theft-detection/env1/lib/python3.10/site-packages/airflow/utils/log/file_task_handler.py", line 211, in emit
    self.handler.emit(record)
[2023-07-29T22:57:08.472+0000] {logging_mixin.py:150} WARNING - Message: {'Epoch': 1, 'Loss': 1.7128, 'Val Loss': 2.2337, 'Train Acc': 0.4725, 'Val Acc': 0.4688, '': 22.2234, '': 0.001}
Arguments: ('\n',)
[2023-07-29T22:57:08.479+0000] {logging_mixin.py:150} INFO - EPOCH 2:
[2023-07-29T22:58:53.604+0000] {trainer.py:102} INFO - Training Round complete, Calculating Epsilon & Delta...
[2023-07-29T22:58:53.604+0000] {trainer.py:104} INFO - Starting Validation...
[2023-07-29T22:59:01.440+0000] {logging_mixin.py:150} WARNING - --- Logging error ---
[2023-07-29T22:59:01.440+0000] {logging_mixin.py:150} WARNING - Traceback (most recent call last):
[2023-07-29T22:59:01.440+0000] {logging_mixin.py:150} WARNING -   File "/usr/lib/python3.10/logging/__init__.py", line 1100, in emit
    msg = self.format(record)
[2023-07-29T22:59:01.440+0000] {logging_mixin.py:150} WARNING -   File "/usr/lib/python3.10/logging/__init__.py", line 943, in format
    return fmt.format(record)
[2023-07-29T22:59:01.441+0000] {logging_mixin.py:150} WARNING -   File "/usr/lib/python3.10/logging/__init__.py", line 678, in format
    record.message = record.getMessage()
[2023-07-29T22:59:01.441+0000] {logging_mixin.py:150} WARNING -   File "/usr/lib/python3.10/logging/__init__.py", line 368, in getMessage
    msg = msg % self.args
[2023-07-29T22:59:01.441+0000] {logging_mixin.py:150} WARNING - TypeError: not all arguments converted during string formatting
[2023-07-29T22:59:01.441+0000] {logging_mixin.py:150} WARNING - Call stack:
[2023-07-29T22:59:01.441+0000] {logging_mixin.py:150} WARNING -   File "/home/ubuntu/theft-detection/env1/bin/airflow", line 8, in <module>
    sys.exit(main())
[2023-07-29T22:59:01.442+0000] {logging_mixin.py:150} WARNING -   File "/home/ubuntu/theft-detection/env1/lib/python3.10/site-packages/airflow/__main__.py", line 48, in main
    args.func(args)
[2023-07-29T22:59:01.442+0000] {logging_mixin.py:150} WARNING -   File "/home/ubuntu/theft-detection/env1/lib/python3.10/site-packages/airflow/cli/cli_config.py", line 52, in command
    return func(*args, **kwargs)
[2023-07-29T22:59:01.442+0000] {logging_mixin.py:150} WARNING -   File "/home/ubuntu/theft-detection/env1/lib/python3.10/site-packages/airflow/utils/cli.py", line 112, in wrapper
    return f(*args, **kwargs)
[2023-07-29T22:59:01.442+0000] {logging_mixin.py:150} WARNING -   File "/home/ubuntu/theft-detection/env1/lib/python3.10/site-packages/airflow/cli/commands/scheduler_command.py", line 77, in scheduler
    _run_scheduler_job(job_runner, skip_serve_logs=args.skip_serve_logs)
[2023-07-29T22:59:01.442+0000] {logging_mixin.py:150} WARNING -   File "/home/ubuntu/theft-detection/env1/lib/python3.10/site-packages/airflow/cli/commands/scheduler_command.py", line 42, in _run_scheduler_job
    run_job(job=job_runner.job, execute_callable=job_runner._execute)
[2023-07-29T22:59:01.442+0000] {logging_mixin.py:150} WARNING -   File "/home/ubuntu/theft-detection/env1/lib/python3.10/site-packages/airflow/utils/session.py", line 76, in wrapper
    return func(*args, session=session, **kwargs)
[2023-07-29T22:59:01.442+0000] {logging_mixin.py:150} WARNING -   File "/home/ubuntu/theft-detection/env1/lib/python3.10/site-packages/airflow/jobs/job.py", line 281, in run_job
    return execute_job(job, execute_callable=execute_callable)
[2023-07-29T22:59:01.442+0000] {logging_mixin.py:150} WARNING -   File "/home/ubuntu/theft-detection/env1/lib/python3.10/site-packages/airflow/jobs/job.py", line 310, in execute_job
    ret = execute_callable()
[2023-07-29T22:59:01.442+0000] {logging_mixin.py:150} WARNING -   File "/home/ubuntu/theft-detection/env1/lib/python3.10/site-packages/airflow/jobs/scheduler_job_runner.py", line 826, in _execute
    self.job.executor.start()
[2023-07-29T22:59:01.442+0000] {logging_mixin.py:150} WARNING -   File "/home/ubuntu/theft-detection/env1/lib/python3.10/site-packages/airflow/executors/local_executor.py", line 367, in start
    self.impl.start()
[2023-07-29T22:59:01.443+0000] {logging_mixin.py:150} WARNING -   File "/home/ubuntu/theft-detection/env1/lib/python3.10/site-packages/airflow/executors/local_executor.py", line 308, in start
    worker.start()
[2023-07-29T22:59:01.443+0000] {logging_mixin.py:150} WARNING -   File "/usr/lib/python3.10/multiprocessing/process.py", line 121, in start
    self._popen = self._Popen(self)
[2023-07-29T22:59:01.443+0000] {logging_mixin.py:150} WARNING -   File "/usr/lib/python3.10/multiprocessing/context.py", line 224, in _Popen
    return _default_context.get_context().Process._Popen(process_obj)
[2023-07-29T22:59:01.443+0000] {logging_mixin.py:150} WARNING -   File "/usr/lib/python3.10/multiprocessing/context.py", line 281, in _Popen
    return Popen(process_obj)
[2023-07-29T22:59:01.443+0000] {logging_mixin.py:150} WARNING -   File "/usr/lib/python3.10/multiprocessing/popen_fork.py", line 19, in __init__
    self._launch(process_obj)
[2023-07-29T22:59:01.443+0000] {logging_mixin.py:150} WARNING -   File "/usr/lib/python3.10/multiprocessing/popen_fork.py", line 71, in _launch
    code = process_obj._bootstrap(parent_sentinel=child_r)
[2023-07-29T22:59:01.443+0000] {logging_mixin.py:150} WARNING -   File "/usr/lib/python3.10/multiprocessing/process.py", line 314, in _bootstrap
    self.run()
[2023-07-29T22:59:01.443+0000] {logging_mixin.py:150} WARNING -   File "/home/ubuntu/theft-detection/env1/lib/python3.10/site-packages/airflow/executors/local_executor.py", line 74, in run
    return super().run()
[2023-07-29T22:59:01.443+0000] {logging_mixin.py:150} WARNING -   File "/usr/lib/python3.10/multiprocessing/process.py", line 108, in run
    self._target(*self._args, **self._kwargs)
[2023-07-29T22:59:01.444+0000] {logging_mixin.py:150} WARNING -   File "/home/ubuntu/theft-detection/env1/lib/python3.10/site-packages/airflow/executors/local_executor.py", line 198, in do_work
    self.execute_work(key=key, command=command)
[2023-07-29T22:59:01.444+0000] {logging_mixin.py:150} WARNING -   File "/home/ubuntu/theft-detection/env1/lib/python3.10/site-packages/airflow/executors/local_executor.py", line 91, in execute_work
    state = self._execute_work_in_fork(command)
[2023-07-29T22:59:01.444+0000] {logging_mixin.py:150} WARNING -   File "/home/ubuntu/theft-detection/env1/lib/python3.10/site-packages/airflow/executors/local_executor.py", line 131, in _execute_work_in_fork
    args.func(args)
[2023-07-29T22:59:01.444+0000] {logging_mixin.py:150} WARNING -   File "/home/ubuntu/theft-detection/env1/lib/python3.10/site-packages/airflow/cli/cli_config.py", line 52, in command
    return func(*args, **kwargs)
[2023-07-29T22:59:01.444+0000] {logging_mixin.py:150} WARNING -   File "/home/ubuntu/theft-detection/env1/lib/python3.10/site-packages/airflow/utils/cli.py", line 112, in wrapper
    return f(*args, **kwargs)
[2023-07-29T22:59:01.444+0000] {logging_mixin.py:150} WARNING -   File "/home/ubuntu/theft-detection/env1/lib/python3.10/site-packages/airflow/cli/commands/task_command.py", line 425, in task_run
    task_return_code = _run_task_by_selected_method(args, _dag, ti)
[2023-07-29T22:59:01.444+0000] {logging_mixin.py:150} WARNING -   File "/home/ubuntu/theft-detection/env1/lib/python3.10/site-packages/airflow/cli/commands/task_command.py", line 203, in _run_task_by_selected_method
    return _run_task_by_local_task_job(args, ti)
[2023-07-29T22:59:01.444+0000] {logging_mixin.py:150} WARNING -   File "/home/ubuntu/theft-detection/env1/lib/python3.10/site-packages/airflow/cli/commands/task_command.py", line 265, in _run_task_by_local_task_job
    ret = run_job(job=job_runner.job, execute_callable=job_runner._execute)
[2023-07-29T22:59:01.444+0000] {logging_mixin.py:150} WARNING -   File "/home/ubuntu/theft-detection/env1/lib/python3.10/site-packages/airflow/utils/session.py", line 76, in wrapper
    return func(*args, session=session, **kwargs)
[2023-07-29T22:59:01.444+0000] {logging_mixin.py:150} WARNING -   File "/home/ubuntu/theft-detection/env1/lib/python3.10/site-packages/airflow/jobs/job.py", line 281, in run_job
    return execute_job(job, execute_callable=execute_callable)
[2023-07-29T22:59:01.445+0000] {logging_mixin.py:150} WARNING -   File "/home/ubuntu/theft-detection/env1/lib/python3.10/site-packages/airflow/jobs/job.py", line 310, in execute_job
    ret = execute_callable()
[2023-07-29T22:59:01.445+0000] {logging_mixin.py:150} WARNING -   File "/home/ubuntu/theft-detection/env1/lib/python3.10/site-packages/airflow/jobs/local_task_job_runner.py", line 159, in _execute
    self.task_runner.start()
[2023-07-29T22:59:01.445+0000] {logging_mixin.py:150} WARNING -   File "/home/ubuntu/theft-detection/env1/lib/python3.10/site-packages/airflow/task/task_runner/standard_task_runner.py", line 45, in start
    self.process = self._start_by_fork()
[2023-07-29T22:59:01.445+0000] {logging_mixin.py:150} WARNING -   File "/home/ubuntu/theft-detection/env1/lib/python3.10/site-packages/airflow/task/task_runner/standard_task_runner.py", line 97, in _start_by_fork
    ret = args.func(args, dag=self.dag)
[2023-07-29T22:59:01.445+0000] {logging_mixin.py:150} WARNING -   File "/home/ubuntu/theft-detection/env1/lib/python3.10/site-packages/airflow/cli/cli_config.py", line 52, in command
    return func(*args, **kwargs)
[2023-07-29T22:59:01.445+0000] {logging_mixin.py:150} WARNING -   File "/home/ubuntu/theft-detection/env1/lib/python3.10/site-packages/airflow/utils/cli.py", line 112, in wrapper
    return f(*args, **kwargs)
[2023-07-29T22:59:01.445+0000] {logging_mixin.py:150} WARNING -   File "/home/ubuntu/theft-detection/env1/lib/python3.10/site-packages/airflow/cli/commands/task_command.py", line 425, in task_run
    task_return_code = _run_task_by_selected_method(args, _dag, ti)
[2023-07-29T22:59:01.445+0000] {logging_mixin.py:150} WARNING -   File "/home/ubuntu/theft-detection/env1/lib/python3.10/site-packages/airflow/cli/commands/task_command.py", line 205, in _run_task_by_selected_method
    return _run_raw_task(args, ti)
[2023-07-29T22:59:01.445+0000] {logging_mixin.py:150} WARNING -   File "/home/ubuntu/theft-detection/env1/lib/python3.10/site-packages/airflow/cli/commands/task_command.py", line 284, in _run_raw_task
    return ti._run_raw_task(
[2023-07-29T22:59:01.446+0000] {logging_mixin.py:150} WARNING -   File "/home/ubuntu/theft-detection/env1/lib/python3.10/site-packages/airflow/utils/session.py", line 76, in wrapper
    return func(*args, session=session, **kwargs)
[2023-07-29T22:59:01.446+0000] {logging_mixin.py:150} WARNING -   File "/home/ubuntu/theft-detection/env1/lib/python3.10/site-packages/airflow/models/taskinstance.py", line 1407, in _run_raw_task
    self._execute_task_with_callbacks(context, test_mode)
[2023-07-29T22:59:01.446+0000] {logging_mixin.py:150} WARNING -   File "/home/ubuntu/theft-detection/env1/lib/python3.10/site-packages/airflow/models/taskinstance.py", line 1558, in _execute_task_with_callbacks
    result = self._execute_task(context, task_orig)
[2023-07-29T22:59:01.446+0000] {logging_mixin.py:150} WARNING -   File "/home/ubuntu/theft-detection/env1/lib/python3.10/site-packages/airflow/models/taskinstance.py", line 1628, in _execute_task
    result = execute_callable(context=context)
[2023-07-29T22:59:01.446+0000] {logging_mixin.py:150} WARNING -   File "/home/ubuntu/theft-detection/env1/lib/python3.10/site-packages/airflow/operators/python.py", line 181, in execute
    return_value = self.execute_callable()
[2023-07-29T22:59:01.446+0000] {logging_mixin.py:150} WARNING -   File "/home/ubuntu/theft-detection/env1/lib/python3.10/site-packages/airflow/operators/python.py", line 198, in execute_callable
    return self.python_callable(*self.op_args, **self.op_kwargs)
[2023-07-29T22:59:01.446+0000] {logging_mixin.py:150} WARNING -   File "/home/ubuntu/GenAI-Rush/GenAI-Rush-FedGen/airflow/dags/train_dag.py", line 59, in training_module
    trainer_obj.runTrainingSession()
[2023-07-29T22:59:01.446+0000] {logging_mixin.py:150} WARNING -   File "/home/ubuntu/GenAI-Rush/GenAI-Rush-FedGen/fedgen/trainer.py", line 138, in runTrainingSession
    logging.info(performance, '\n')
[2023-07-29T22:59:01.446+0000] {logging_mixin.py:150} WARNING -   File "/usr/lib/python3.10/logging/__init__.py", line 2138, in info
    root.info(msg, *args, **kwargs)
[2023-07-29T22:59:01.446+0000] {logging_mixin.py:150} WARNING -   File "/usr/lib/python3.10/logging/__init__.py", line 1477, in info
    self._log(INFO, msg, args, **kwargs)
[2023-07-29T22:59:01.447+0000] {logging_mixin.py:150} WARNING -   File "/usr/lib/python3.10/logging/__init__.py", line 1624, in _log
    self.handle(record)
[2023-07-29T22:59:01.447+0000] {logging_mixin.py:150} WARNING -   File "/usr/lib/python3.10/logging/__init__.py", line 1634, in handle
    self.callHandlers(record)
[2023-07-29T22:59:01.447+0000] {logging_mixin.py:150} WARNING -   File "/usr/lib/python3.10/logging/__init__.py", line 1696, in callHandlers
    hdlr.handle(record)
[2023-07-29T22:59:01.447+0000] {logging_mixin.py:150} WARNING -   File "/usr/lib/python3.10/logging/__init__.py", line 968, in handle
    self.emit(record)
[2023-07-29T22:59:01.447+0000] {logging_mixin.py:150} WARNING -   File "/home/ubuntu/theft-detection/env1/lib/python3.10/site-packages/airflow/utils/log/file_task_handler.py", line 211, in emit
    self.handler.emit(record)
[2023-07-29T22:59:01.447+0000] {logging_mixin.py:150} WARNING - Message: {'Epoch': 2, 'Loss': 2.746, 'Val Loss': 3.1964, 'Train Acc': 0.4823, 'Val Acc': 0.4697, '': 29.9954, '': 0.001}
Arguments: ('\n',)
[2023-07-29T22:59:02.731+0000] {python.py:183} INFO - Done. Returned value was: None
[2023-07-29T22:59:02.742+0000] {taskinstance.py:1345} INFO - Marking task as SUCCESS. dag_id=trainer, task_id=train_worker1, execution_date=20230729T222604, start_date=20230729T225437, end_date=20230729T225902
[2023-07-29T22:59:03.052+0000] {local_task_job_runner.py:225} INFO - Task exited with return code 0
[2023-07-29T22:59:03.068+0000] {taskinstance.py:2653} INFO - 0 downstream tasks scheduled from follow-on schedule check
