[2023-07-29T22:54:37.760+0000] {taskinstance.py:1103} INFO - Dependencies all met for dep_context=non-requeueable deps ti=<TaskInstance: trainer.train_worker3 manual__2023-07-29T22:26:04.728771+00:00 [queued]>
[2023-07-29T22:54:37.767+0000] {taskinstance.py:1103} INFO - Dependencies all met for dep_context=requeueable deps ti=<TaskInstance: trainer.train_worker3 manual__2023-07-29T22:26:04.728771+00:00 [queued]>
[2023-07-29T22:54:37.767+0000] {taskinstance.py:1308} INFO - Starting attempt 1 of 1
[2023-07-29T22:54:37.777+0000] {taskinstance.py:1327} INFO - Executing <Task(PythonOperator): train_worker3> on 2023-07-29 22:26:04.728771+00:00
[2023-07-29T22:54:37.788+0000] {standard_task_runner.py:57} INFO - Started process 565717 to run task
[2023-07-29T22:54:37.790+0000] {standard_task_runner.py:84} INFO - Running: ['airflow', 'tasks', 'run', 'trainer', 'train_worker3', 'manual__2023-07-29T22:26:04.728771+00:00', '--job-id', '32', '--raw', '--subdir', 'DAGS_FOLDER/train_dag.py', '--cfg-path', '/tmp/tmp_uv4x31j']
[2023-07-29T22:54:37.791+0000] {standard_task_runner.py:85} INFO - Job 32: Subtask train_worker3
[2023-07-29T22:54:37.840+0000] {task_command.py:410} INFO - Running <TaskInstance: trainer.train_worker3 manual__2023-07-29T22:26:04.728771+00:00 [running]> on host ip-172-31-37-30.ap-south-1.compute.internal
[2023-07-29T22:54:37.909+0000] {taskinstance.py:1545} INFO - Exporting env vars: AIRFLOW_CTX_DAG_OWNER='airflow' AIRFLOW_CTX_DAG_ID='trainer' AIRFLOW_CTX_TASK_ID='train_worker3' AIRFLOW_CTX_EXECUTION_DATE='2023-07-29T22:26:04.728771+00:00' AIRFLOW_CTX_TRY_NUMBER='1' AIRFLOW_CTX_DAG_RUN_ID='manual__2023-07-29T22:26:04.728771+00:00'
[2023-07-29T22:54:37.933+0000] {logging_mixin.py:150} WARNING - /home/ubuntu/theft-detection/env1/lib/python3.10/site-packages/torchvision/models/_utils.py:208 UserWarning: The parameter 'pretrained' is deprecated since 0.13 and may be removed in the future, please use 'weights' instead.
[2023-07-29T22:54:37.934+0000] {logging_mixin.py:150} WARNING - /home/ubuntu/theft-detection/env1/lib/python3.10/site-packages/torchvision/models/_utils.py:223 UserWarning: Arguments other than a weight enum or `None` for 'weights' are deprecated since 0.13 and may be removed in the future. The current behavior is equivalent to passing `weights=None`.
[2023-07-29T22:54:38.662+0000] {batch_norm.py:61} INFO - The default batch_norm fixer replaces BatchNorm with GroupNorm.To overwrite the default to InstanceNorm, call fix() with replace_bn_with_in=True.
[2023-07-29T22:54:38.662+0000] {module_validator.py:120} INFO - Replaced sub_module bn1 : BatchNorm2d(64, eps=1e-05, momentum=0.1, affine=True, track_running_stats=True) with GroupNorm(32, 64, eps=1e-05, affine=True)
[2023-07-29T22:54:38.663+0000] {batch_norm.py:61} INFO - The default batch_norm fixer replaces BatchNorm with GroupNorm.To overwrite the default to InstanceNorm, call fix() with replace_bn_with_in=True.
[2023-07-29T22:54:38.663+0000] {module_validator.py:120} INFO - Replaced sub_module layer1.0.bn1 : BatchNorm2d(64, eps=1e-05, momentum=0.1, affine=True, track_running_stats=True) with GroupNorm(32, 64, eps=1e-05, affine=True)
[2023-07-29T22:54:38.663+0000] {batch_norm.py:61} INFO - The default batch_norm fixer replaces BatchNorm with GroupNorm.To overwrite the default to InstanceNorm, call fix() with replace_bn_with_in=True.
[2023-07-29T22:54:38.663+0000] {module_validator.py:120} INFO - Replaced sub_module layer1.0.bn2 : BatchNorm2d(64, eps=1e-05, momentum=0.1, affine=True, track_running_stats=True) with GroupNorm(32, 64, eps=1e-05, affine=True)
[2023-07-29T22:54:38.663+0000] {batch_norm.py:61} INFO - The default batch_norm fixer replaces BatchNorm with GroupNorm.To overwrite the default to InstanceNorm, call fix() with replace_bn_with_in=True.
[2023-07-29T22:54:38.664+0000] {module_validator.py:120} INFO - Replaced sub_module layer1.0.bn3 : BatchNorm2d(256, eps=1e-05, momentum=0.1, affine=True, track_running_stats=True) with GroupNorm(32, 256, eps=1e-05, affine=True)
[2023-07-29T22:54:38.664+0000] {batch_norm.py:61} INFO - The default batch_norm fixer replaces BatchNorm with GroupNorm.To overwrite the default to InstanceNorm, call fix() with replace_bn_with_in=True.
[2023-07-29T22:54:38.664+0000] {module_validator.py:120} INFO - Replaced sub_module layer1.0.downsample.1 : BatchNorm2d(256, eps=1e-05, momentum=0.1, affine=True, track_running_stats=True) with GroupNorm(32, 256, eps=1e-05, affine=True)
[2023-07-29T22:54:38.664+0000] {batch_norm.py:61} INFO - The default batch_norm fixer replaces BatchNorm with GroupNorm.To overwrite the default to InstanceNorm, call fix() with replace_bn_with_in=True.
[2023-07-29T22:54:38.664+0000] {module_validator.py:120} INFO - Replaced sub_module layer1.1.bn1 : BatchNorm2d(64, eps=1e-05, momentum=0.1, affine=True, track_running_stats=True) with GroupNorm(32, 64, eps=1e-05, affine=True)
[2023-07-29T22:54:38.665+0000] {batch_norm.py:61} INFO - The default batch_norm fixer replaces BatchNorm with GroupNorm.To overwrite the default to InstanceNorm, call fix() with replace_bn_with_in=True.
[2023-07-29T22:54:38.665+0000] {module_validator.py:120} INFO - Replaced sub_module layer1.1.bn2 : BatchNorm2d(64, eps=1e-05, momentum=0.1, affine=True, track_running_stats=True) with GroupNorm(32, 64, eps=1e-05, affine=True)
[2023-07-29T22:54:38.665+0000] {batch_norm.py:61} INFO - The default batch_norm fixer replaces BatchNorm with GroupNorm.To overwrite the default to InstanceNorm, call fix() with replace_bn_with_in=True.
[2023-07-29T22:54:38.665+0000] {module_validator.py:120} INFO - Replaced sub_module layer1.1.bn3 : BatchNorm2d(256, eps=1e-05, momentum=0.1, affine=True, track_running_stats=True) with GroupNorm(32, 256, eps=1e-05, affine=True)
[2023-07-29T22:54:38.665+0000] {batch_norm.py:61} INFO - The default batch_norm fixer replaces BatchNorm with GroupNorm.To overwrite the default to InstanceNorm, call fix() with replace_bn_with_in=True.
[2023-07-29T22:54:38.666+0000] {module_validator.py:120} INFO - Replaced sub_module layer1.2.bn1 : BatchNorm2d(64, eps=1e-05, momentum=0.1, affine=True, track_running_stats=True) with GroupNorm(32, 64, eps=1e-05, affine=True)
[2023-07-29T22:54:38.666+0000] {batch_norm.py:61} INFO - The default batch_norm fixer replaces BatchNorm with GroupNorm.To overwrite the default to InstanceNorm, call fix() with replace_bn_with_in=True.
[2023-07-29T22:54:38.666+0000] {module_validator.py:120} INFO - Replaced sub_module layer1.2.bn2 : BatchNorm2d(64, eps=1e-05, momentum=0.1, affine=True, track_running_stats=True) with GroupNorm(32, 64, eps=1e-05, affine=True)
[2023-07-29T22:54:38.666+0000] {batch_norm.py:61} INFO - The default batch_norm fixer replaces BatchNorm with GroupNorm.To overwrite the default to InstanceNorm, call fix() with replace_bn_with_in=True.
[2023-07-29T22:54:38.666+0000] {module_validator.py:120} INFO - Replaced sub_module layer1.2.bn3 : BatchNorm2d(256, eps=1e-05, momentum=0.1, affine=True, track_running_stats=True) with GroupNorm(32, 256, eps=1e-05, affine=True)
[2023-07-29T22:54:38.667+0000] {batch_norm.py:61} INFO - The default batch_norm fixer replaces BatchNorm with GroupNorm.To overwrite the default to InstanceNorm, call fix() with replace_bn_with_in=True.
[2023-07-29T22:54:38.667+0000] {module_validator.py:120} INFO - Replaced sub_module layer2.0.bn1 : BatchNorm2d(128, eps=1e-05, momentum=0.1, affine=True, track_running_stats=True) with GroupNorm(32, 128, eps=1e-05, affine=True)
[2023-07-29T22:54:38.667+0000] {batch_norm.py:61} INFO - The default batch_norm fixer replaces BatchNorm with GroupNorm.To overwrite the default to InstanceNorm, call fix() with replace_bn_with_in=True.
[2023-07-29T22:54:38.667+0000] {module_validator.py:120} INFO - Replaced sub_module layer2.0.bn2 : BatchNorm2d(128, eps=1e-05, momentum=0.1, affine=True, track_running_stats=True) with GroupNorm(32, 128, eps=1e-05, affine=True)
[2023-07-29T22:54:38.667+0000] {batch_norm.py:61} INFO - The default batch_norm fixer replaces BatchNorm with GroupNorm.To overwrite the default to InstanceNorm, call fix() with replace_bn_with_in=True.
[2023-07-29T22:54:38.667+0000] {module_validator.py:120} INFO - Replaced sub_module layer2.0.bn3 : BatchNorm2d(512, eps=1e-05, momentum=0.1, affine=True, track_running_stats=True) with GroupNorm(32, 512, eps=1e-05, affine=True)
[2023-07-29T22:54:38.668+0000] {batch_norm.py:61} INFO - The default batch_norm fixer replaces BatchNorm with GroupNorm.To overwrite the default to InstanceNorm, call fix() with replace_bn_with_in=True.
[2023-07-29T22:54:38.668+0000] {module_validator.py:120} INFO - Replaced sub_module layer2.0.downsample.1 : BatchNorm2d(512, eps=1e-05, momentum=0.1, affine=True, track_running_stats=True) with GroupNorm(32, 512, eps=1e-05, affine=True)
[2023-07-29T22:54:38.668+0000] {batch_norm.py:61} INFO - The default batch_norm fixer replaces BatchNorm with GroupNorm.To overwrite the default to InstanceNorm, call fix() with replace_bn_with_in=True.
[2023-07-29T22:54:38.668+0000] {module_validator.py:120} INFO - Replaced sub_module layer2.1.bn1 : BatchNorm2d(128, eps=1e-05, momentum=0.1, affine=True, track_running_stats=True) with GroupNorm(32, 128, eps=1e-05, affine=True)
[2023-07-29T22:54:38.668+0000] {batch_norm.py:61} INFO - The default batch_norm fixer replaces BatchNorm with GroupNorm.To overwrite the default to InstanceNorm, call fix() with replace_bn_with_in=True.
[2023-07-29T22:54:38.669+0000] {module_validator.py:120} INFO - Replaced sub_module layer2.1.bn2 : BatchNorm2d(128, eps=1e-05, momentum=0.1, affine=True, track_running_stats=True) with GroupNorm(32, 128, eps=1e-05, affine=True)
[2023-07-29T22:54:38.669+0000] {batch_norm.py:61} INFO - The default batch_norm fixer replaces BatchNorm with GroupNorm.To overwrite the default to InstanceNorm, call fix() with replace_bn_with_in=True.
[2023-07-29T22:54:38.669+0000] {module_validator.py:120} INFO - Replaced sub_module layer2.1.bn3 : BatchNorm2d(512, eps=1e-05, momentum=0.1, affine=True, track_running_stats=True) with GroupNorm(32, 512, eps=1e-05, affine=True)
[2023-07-29T22:54:38.669+0000] {batch_norm.py:61} INFO - The default batch_norm fixer replaces BatchNorm with GroupNorm.To overwrite the default to InstanceNorm, call fix() with replace_bn_with_in=True.
[2023-07-29T22:54:38.669+0000] {module_validator.py:120} INFO - Replaced sub_module layer2.2.bn1 : BatchNorm2d(128, eps=1e-05, momentum=0.1, affine=True, track_running_stats=True) with GroupNorm(32, 128, eps=1e-05, affine=True)
[2023-07-29T22:54:38.670+0000] {batch_norm.py:61} INFO - The default batch_norm fixer replaces BatchNorm with GroupNorm.To overwrite the default to InstanceNorm, call fix() with replace_bn_with_in=True.
[2023-07-29T22:54:38.670+0000] {module_validator.py:120} INFO - Replaced sub_module layer2.2.bn2 : BatchNorm2d(128, eps=1e-05, momentum=0.1, affine=True, track_running_stats=True) with GroupNorm(32, 128, eps=1e-05, affine=True)
[2023-07-29T22:54:38.670+0000] {batch_norm.py:61} INFO - The default batch_norm fixer replaces BatchNorm with GroupNorm.To overwrite the default to InstanceNorm, call fix() with replace_bn_with_in=True.
[2023-07-29T22:54:38.670+0000] {module_validator.py:120} INFO - Replaced sub_module layer2.2.bn3 : BatchNorm2d(512, eps=1e-05, momentum=0.1, affine=True, track_running_stats=True) with GroupNorm(32, 512, eps=1e-05, affine=True)
[2023-07-29T22:54:38.670+0000] {batch_norm.py:61} INFO - The default batch_norm fixer replaces BatchNorm with GroupNorm.To overwrite the default to InstanceNorm, call fix() with replace_bn_with_in=True.
[2023-07-29T22:54:38.671+0000] {module_validator.py:120} INFO - Replaced sub_module layer2.3.bn1 : BatchNorm2d(128, eps=1e-05, momentum=0.1, affine=True, track_running_stats=True) with GroupNorm(32, 128, eps=1e-05, affine=True)
[2023-07-29T22:54:38.671+0000] {batch_norm.py:61} INFO - The default batch_norm fixer replaces BatchNorm with GroupNorm.To overwrite the default to InstanceNorm, call fix() with replace_bn_with_in=True.
[2023-07-29T22:54:38.671+0000] {module_validator.py:120} INFO - Replaced sub_module layer2.3.bn2 : BatchNorm2d(128, eps=1e-05, momentum=0.1, affine=True, track_running_stats=True) with GroupNorm(32, 128, eps=1e-05, affine=True)
[2023-07-29T22:54:38.671+0000] {batch_norm.py:61} INFO - The default batch_norm fixer replaces BatchNorm with GroupNorm.To overwrite the default to InstanceNorm, call fix() with replace_bn_with_in=True.
[2023-07-29T22:54:38.671+0000] {module_validator.py:120} INFO - Replaced sub_module layer2.3.bn3 : BatchNorm2d(512, eps=1e-05, momentum=0.1, affine=True, track_running_stats=True) with GroupNorm(32, 512, eps=1e-05, affine=True)
[2023-07-29T22:54:38.671+0000] {batch_norm.py:61} INFO - The default batch_norm fixer replaces BatchNorm with GroupNorm.To overwrite the default to InstanceNorm, call fix() with replace_bn_with_in=True.
[2023-07-29T22:54:38.672+0000] {module_validator.py:120} INFO - Replaced sub_module layer3.0.bn1 : BatchNorm2d(256, eps=1e-05, momentum=0.1, affine=True, track_running_stats=True) with GroupNorm(32, 256, eps=1e-05, affine=True)
[2023-07-29T22:54:38.672+0000] {batch_norm.py:61} INFO - The default batch_norm fixer replaces BatchNorm with GroupNorm.To overwrite the default to InstanceNorm, call fix() with replace_bn_with_in=True.
[2023-07-29T22:54:38.672+0000] {module_validator.py:120} INFO - Replaced sub_module layer3.0.bn2 : BatchNorm2d(256, eps=1e-05, momentum=0.1, affine=True, track_running_stats=True) with GroupNorm(32, 256, eps=1e-05, affine=True)
[2023-07-29T22:54:38.672+0000] {batch_norm.py:61} INFO - The default batch_norm fixer replaces BatchNorm with GroupNorm.To overwrite the default to InstanceNorm, call fix() with replace_bn_with_in=True.
[2023-07-29T22:54:38.672+0000] {module_validator.py:120} INFO - Replaced sub_module layer3.0.bn3 : BatchNorm2d(1024, eps=1e-05, momentum=0.1, affine=True, track_running_stats=True) with GroupNorm(32, 1024, eps=1e-05, affine=True)
[2023-07-29T22:54:38.673+0000] {batch_norm.py:61} INFO - The default batch_norm fixer replaces BatchNorm with GroupNorm.To overwrite the default to InstanceNorm, call fix() with replace_bn_with_in=True.
[2023-07-29T22:54:38.673+0000] {module_validator.py:120} INFO - Replaced sub_module layer3.0.downsample.1 : BatchNorm2d(1024, eps=1e-05, momentum=0.1, affine=True, track_running_stats=True) with GroupNorm(32, 1024, eps=1e-05, affine=True)
[2023-07-29T22:54:38.673+0000] {batch_norm.py:61} INFO - The default batch_norm fixer replaces BatchNorm with GroupNorm.To overwrite the default to InstanceNorm, call fix() with replace_bn_with_in=True.
[2023-07-29T22:54:38.673+0000] {module_validator.py:120} INFO - Replaced sub_module layer3.1.bn1 : BatchNorm2d(256, eps=1e-05, momentum=0.1, affine=True, track_running_stats=True) with GroupNorm(32, 256, eps=1e-05, affine=True)
[2023-07-29T22:54:38.673+0000] {batch_norm.py:61} INFO - The default batch_norm fixer replaces BatchNorm with GroupNorm.To overwrite the default to InstanceNorm, call fix() with replace_bn_with_in=True.
[2023-07-29T22:54:38.674+0000] {module_validator.py:120} INFO - Replaced sub_module layer3.1.bn2 : BatchNorm2d(256, eps=1e-05, momentum=0.1, affine=True, track_running_stats=True) with GroupNorm(32, 256, eps=1e-05, affine=True)
[2023-07-29T22:54:38.674+0000] {batch_norm.py:61} INFO - The default batch_norm fixer replaces BatchNorm with GroupNorm.To overwrite the default to InstanceNorm, call fix() with replace_bn_with_in=True.
[2023-07-29T22:54:38.674+0000] {module_validator.py:120} INFO - Replaced sub_module layer3.1.bn3 : BatchNorm2d(1024, eps=1e-05, momentum=0.1, affine=True, track_running_stats=True) with GroupNorm(32, 1024, eps=1e-05, affine=True)
[2023-07-29T22:54:38.674+0000] {batch_norm.py:61} INFO - The default batch_norm fixer replaces BatchNorm with GroupNorm.To overwrite the default to InstanceNorm, call fix() with replace_bn_with_in=True.
[2023-07-29T22:54:38.674+0000] {module_validator.py:120} INFO - Replaced sub_module layer3.2.bn1 : BatchNorm2d(256, eps=1e-05, momentum=0.1, affine=True, track_running_stats=True) with GroupNorm(32, 256, eps=1e-05, affine=True)
[2023-07-29T22:54:38.674+0000] {batch_norm.py:61} INFO - The default batch_norm fixer replaces BatchNorm with GroupNorm.To overwrite the default to InstanceNorm, call fix() with replace_bn_with_in=True.
[2023-07-29T22:54:38.675+0000] {module_validator.py:120} INFO - Replaced sub_module layer3.2.bn2 : BatchNorm2d(256, eps=1e-05, momentum=0.1, affine=True, track_running_stats=True) with GroupNorm(32, 256, eps=1e-05, affine=True)
[2023-07-29T22:54:38.675+0000] {batch_norm.py:61} INFO - The default batch_norm fixer replaces BatchNorm with GroupNorm.To overwrite the default to InstanceNorm, call fix() with replace_bn_with_in=True.
[2023-07-29T22:54:38.675+0000] {module_validator.py:120} INFO - Replaced sub_module layer3.2.bn3 : BatchNorm2d(1024, eps=1e-05, momentum=0.1, affine=True, track_running_stats=True) with GroupNorm(32, 1024, eps=1e-05, affine=True)
[2023-07-29T22:54:38.675+0000] {batch_norm.py:61} INFO - The default batch_norm fixer replaces BatchNorm with GroupNorm.To overwrite the default to InstanceNorm, call fix() with replace_bn_with_in=True.
[2023-07-29T22:54:38.675+0000] {module_validator.py:120} INFO - Replaced sub_module layer3.3.bn1 : BatchNorm2d(256, eps=1e-05, momentum=0.1, affine=True, track_running_stats=True) with GroupNorm(32, 256, eps=1e-05, affine=True)
[2023-07-29T22:54:38.676+0000] {batch_norm.py:61} INFO - The default batch_norm fixer replaces BatchNorm with GroupNorm.To overwrite the default to InstanceNorm, call fix() with replace_bn_with_in=True.
[2023-07-29T22:54:38.676+0000] {module_validator.py:120} INFO - Replaced sub_module layer3.3.bn2 : BatchNorm2d(256, eps=1e-05, momentum=0.1, affine=True, track_running_stats=True) with GroupNorm(32, 256, eps=1e-05, affine=True)
[2023-07-29T22:54:38.676+0000] {batch_norm.py:61} INFO - The default batch_norm fixer replaces BatchNorm with GroupNorm.To overwrite the default to InstanceNorm, call fix() with replace_bn_with_in=True.
[2023-07-29T22:54:38.676+0000] {module_validator.py:120} INFO - Replaced sub_module layer3.3.bn3 : BatchNorm2d(1024, eps=1e-05, momentum=0.1, affine=True, track_running_stats=True) with GroupNorm(32, 1024, eps=1e-05, affine=True)
[2023-07-29T22:54:38.676+0000] {batch_norm.py:61} INFO - The default batch_norm fixer replaces BatchNorm with GroupNorm.To overwrite the default to InstanceNorm, call fix() with replace_bn_with_in=True.
[2023-07-29T22:54:38.677+0000] {module_validator.py:120} INFO - Replaced sub_module layer3.4.bn1 : BatchNorm2d(256, eps=1e-05, momentum=0.1, affine=True, track_running_stats=True) with GroupNorm(32, 256, eps=1e-05, affine=True)
[2023-07-29T22:54:38.677+0000] {batch_norm.py:61} INFO - The default batch_norm fixer replaces BatchNorm with GroupNorm.To overwrite the default to InstanceNorm, call fix() with replace_bn_with_in=True.
[2023-07-29T22:54:38.677+0000] {module_validator.py:120} INFO - Replaced sub_module layer3.4.bn2 : BatchNorm2d(256, eps=1e-05, momentum=0.1, affine=True, track_running_stats=True) with GroupNorm(32, 256, eps=1e-05, affine=True)
[2023-07-29T22:54:38.677+0000] {batch_norm.py:61} INFO - The default batch_norm fixer replaces BatchNorm with GroupNorm.To overwrite the default to InstanceNorm, call fix() with replace_bn_with_in=True.
[2023-07-29T22:54:38.677+0000] {module_validator.py:120} INFO - Replaced sub_module layer3.4.bn3 : BatchNorm2d(1024, eps=1e-05, momentum=0.1, affine=True, track_running_stats=True) with GroupNorm(32, 1024, eps=1e-05, affine=True)
[2023-07-29T22:54:38.677+0000] {batch_norm.py:61} INFO - The default batch_norm fixer replaces BatchNorm with GroupNorm.To overwrite the default to InstanceNorm, call fix() with replace_bn_with_in=True.
[2023-07-29T22:54:38.678+0000] {module_validator.py:120} INFO - Replaced sub_module layer3.5.bn1 : BatchNorm2d(256, eps=1e-05, momentum=0.1, affine=True, track_running_stats=True) with GroupNorm(32, 256, eps=1e-05, affine=True)
[2023-07-29T22:54:38.678+0000] {batch_norm.py:61} INFO - The default batch_norm fixer replaces BatchNorm with GroupNorm.To overwrite the default to InstanceNorm, call fix() with replace_bn_with_in=True.
[2023-07-29T22:54:38.678+0000] {module_validator.py:120} INFO - Replaced sub_module layer3.5.bn2 : BatchNorm2d(256, eps=1e-05, momentum=0.1, affine=True, track_running_stats=True) with GroupNorm(32, 256, eps=1e-05, affine=True)
[2023-07-29T22:54:38.678+0000] {batch_norm.py:61} INFO - The default batch_norm fixer replaces BatchNorm with GroupNorm.To overwrite the default to InstanceNorm, call fix() with replace_bn_with_in=True.
[2023-07-29T22:54:38.678+0000] {module_validator.py:120} INFO - Replaced sub_module layer3.5.bn3 : BatchNorm2d(1024, eps=1e-05, momentum=0.1, affine=True, track_running_stats=True) with GroupNorm(32, 1024, eps=1e-05, affine=True)
[2023-07-29T22:54:38.679+0000] {batch_norm.py:61} INFO - The default batch_norm fixer replaces BatchNorm with GroupNorm.To overwrite the default to InstanceNorm, call fix() with replace_bn_with_in=True.
[2023-07-29T22:54:38.679+0000] {module_validator.py:120} INFO - Replaced sub_module layer3.6.bn1 : BatchNorm2d(256, eps=1e-05, momentum=0.1, affine=True, track_running_stats=True) with GroupNorm(32, 256, eps=1e-05, affine=True)
[2023-07-29T22:54:38.679+0000] {batch_norm.py:61} INFO - The default batch_norm fixer replaces BatchNorm with GroupNorm.To overwrite the default to InstanceNorm, call fix() with replace_bn_with_in=True.
[2023-07-29T22:54:38.679+0000] {module_validator.py:120} INFO - Replaced sub_module layer3.6.bn2 : BatchNorm2d(256, eps=1e-05, momentum=0.1, affine=True, track_running_stats=True) with GroupNorm(32, 256, eps=1e-05, affine=True)
[2023-07-29T22:54:38.679+0000] {batch_norm.py:61} INFO - The default batch_norm fixer replaces BatchNorm with GroupNorm.To overwrite the default to InstanceNorm, call fix() with replace_bn_with_in=True.
[2023-07-29T22:54:38.680+0000] {module_validator.py:120} INFO - Replaced sub_module layer3.6.bn3 : BatchNorm2d(1024, eps=1e-05, momentum=0.1, affine=True, track_running_stats=True) with GroupNorm(32, 1024, eps=1e-05, affine=True)
[2023-07-29T22:54:38.680+0000] {batch_norm.py:61} INFO - The default batch_norm fixer replaces BatchNorm with GroupNorm.To overwrite the default to InstanceNorm, call fix() with replace_bn_with_in=True.
[2023-07-29T22:54:38.680+0000] {module_validator.py:120} INFO - Replaced sub_module layer3.7.bn1 : BatchNorm2d(256, eps=1e-05, momentum=0.1, affine=True, track_running_stats=True) with GroupNorm(32, 256, eps=1e-05, affine=True)
[2023-07-29T22:54:38.680+0000] {batch_norm.py:61} INFO - The default batch_norm fixer replaces BatchNorm with GroupNorm.To overwrite the default to InstanceNorm, call fix() with replace_bn_with_in=True.
[2023-07-29T22:54:38.680+0000] {module_validator.py:120} INFO - Replaced sub_module layer3.7.bn2 : BatchNorm2d(256, eps=1e-05, momentum=0.1, affine=True, track_running_stats=True) with GroupNorm(32, 256, eps=1e-05, affine=True)
[2023-07-29T22:54:38.681+0000] {batch_norm.py:61} INFO - The default batch_norm fixer replaces BatchNorm with GroupNorm.To overwrite the default to InstanceNorm, call fix() with replace_bn_with_in=True.
[2023-07-29T22:54:38.681+0000] {module_validator.py:120} INFO - Replaced sub_module layer3.7.bn3 : BatchNorm2d(1024, eps=1e-05, momentum=0.1, affine=True, track_running_stats=True) with GroupNorm(32, 1024, eps=1e-05, affine=True)
[2023-07-29T22:54:38.681+0000] {batch_norm.py:61} INFO - The default batch_norm fixer replaces BatchNorm with GroupNorm.To overwrite the default to InstanceNorm, call fix() with replace_bn_with_in=True.
[2023-07-29T22:54:38.681+0000] {module_validator.py:120} INFO - Replaced sub_module layer3.8.bn1 : BatchNorm2d(256, eps=1e-05, momentum=0.1, affine=True, track_running_stats=True) with GroupNorm(32, 256, eps=1e-05, affine=True)
[2023-07-29T22:54:38.681+0000] {batch_norm.py:61} INFO - The default batch_norm fixer replaces BatchNorm with GroupNorm.To overwrite the default to InstanceNorm, call fix() with replace_bn_with_in=True.
[2023-07-29T22:54:38.681+0000] {module_validator.py:120} INFO - Replaced sub_module layer3.8.bn2 : BatchNorm2d(256, eps=1e-05, momentum=0.1, affine=True, track_running_stats=True) with GroupNorm(32, 256, eps=1e-05, affine=True)
[2023-07-29T22:54:38.682+0000] {batch_norm.py:61} INFO - The default batch_norm fixer replaces BatchNorm with GroupNorm.To overwrite the default to InstanceNorm, call fix() with replace_bn_with_in=True.
[2023-07-29T22:54:38.682+0000] {module_validator.py:120} INFO - Replaced sub_module layer3.8.bn3 : BatchNorm2d(1024, eps=1e-05, momentum=0.1, affine=True, track_running_stats=True) with GroupNorm(32, 1024, eps=1e-05, affine=True)
[2023-07-29T22:54:38.682+0000] {batch_norm.py:61} INFO - The default batch_norm fixer replaces BatchNorm with GroupNorm.To overwrite the default to InstanceNorm, call fix() with replace_bn_with_in=True.
[2023-07-29T22:54:38.682+0000] {module_validator.py:120} INFO - Replaced sub_module layer3.9.bn1 : BatchNorm2d(256, eps=1e-05, momentum=0.1, affine=True, track_running_stats=True) with GroupNorm(32, 256, eps=1e-05, affine=True)
[2023-07-29T22:54:38.682+0000] {batch_norm.py:61} INFO - The default batch_norm fixer replaces BatchNorm with GroupNorm.To overwrite the default to InstanceNorm, call fix() with replace_bn_with_in=True.
[2023-07-29T22:54:38.683+0000] {module_validator.py:120} INFO - Replaced sub_module layer3.9.bn2 : BatchNorm2d(256, eps=1e-05, momentum=0.1, affine=True, track_running_stats=True) with GroupNorm(32, 256, eps=1e-05, affine=True)
[2023-07-29T22:54:38.683+0000] {batch_norm.py:61} INFO - The default batch_norm fixer replaces BatchNorm with GroupNorm.To overwrite the default to InstanceNorm, call fix() with replace_bn_with_in=True.
[2023-07-29T22:54:38.683+0000] {module_validator.py:120} INFO - Replaced sub_module layer3.9.bn3 : BatchNorm2d(1024, eps=1e-05, momentum=0.1, affine=True, track_running_stats=True) with GroupNorm(32, 1024, eps=1e-05, affine=True)
[2023-07-29T22:54:38.683+0000] {batch_norm.py:61} INFO - The default batch_norm fixer replaces BatchNorm with GroupNorm.To overwrite the default to InstanceNorm, call fix() with replace_bn_with_in=True.
[2023-07-29T22:54:38.683+0000] {module_validator.py:120} INFO - Replaced sub_module layer3.10.bn1 : BatchNorm2d(256, eps=1e-05, momentum=0.1, affine=True, track_running_stats=True) with GroupNorm(32, 256, eps=1e-05, affine=True)
[2023-07-29T22:54:38.683+0000] {batch_norm.py:61} INFO - The default batch_norm fixer replaces BatchNorm with GroupNorm.To overwrite the default to InstanceNorm, call fix() with replace_bn_with_in=True.
[2023-07-29T22:54:38.684+0000] {module_validator.py:120} INFO - Replaced sub_module layer3.10.bn2 : BatchNorm2d(256, eps=1e-05, momentum=0.1, affine=True, track_running_stats=True) with GroupNorm(32, 256, eps=1e-05, affine=True)
[2023-07-29T22:54:38.684+0000] {batch_norm.py:61} INFO - The default batch_norm fixer replaces BatchNorm with GroupNorm.To overwrite the default to InstanceNorm, call fix() with replace_bn_with_in=True.
[2023-07-29T22:54:38.684+0000] {module_validator.py:120} INFO - Replaced sub_module layer3.10.bn3 : BatchNorm2d(1024, eps=1e-05, momentum=0.1, affine=True, track_running_stats=True) with GroupNorm(32, 1024, eps=1e-05, affine=True)
[2023-07-29T22:54:38.684+0000] {batch_norm.py:61} INFO - The default batch_norm fixer replaces BatchNorm with GroupNorm.To overwrite the default to InstanceNorm, call fix() with replace_bn_with_in=True.
[2023-07-29T22:54:38.684+0000] {module_validator.py:120} INFO - Replaced sub_module layer3.11.bn1 : BatchNorm2d(256, eps=1e-05, momentum=0.1, affine=True, track_running_stats=True) with GroupNorm(32, 256, eps=1e-05, affine=True)
[2023-07-29T22:54:38.685+0000] {batch_norm.py:61} INFO - The default batch_norm fixer replaces BatchNorm with GroupNorm.To overwrite the default to InstanceNorm, call fix() with replace_bn_with_in=True.
[2023-07-29T22:54:38.685+0000] {module_validator.py:120} INFO - Replaced sub_module layer3.11.bn2 : BatchNorm2d(256, eps=1e-05, momentum=0.1, affine=True, track_running_stats=True) with GroupNorm(32, 256, eps=1e-05, affine=True)
[2023-07-29T22:54:38.685+0000] {batch_norm.py:61} INFO - The default batch_norm fixer replaces BatchNorm with GroupNorm.To overwrite the default to InstanceNorm, call fix() with replace_bn_with_in=True.
[2023-07-29T22:54:38.685+0000] {module_validator.py:120} INFO - Replaced sub_module layer3.11.bn3 : BatchNorm2d(1024, eps=1e-05, momentum=0.1, affine=True, track_running_stats=True) with GroupNorm(32, 1024, eps=1e-05, affine=True)
[2023-07-29T22:54:38.685+0000] {batch_norm.py:61} INFO - The default batch_norm fixer replaces BatchNorm with GroupNorm.To overwrite the default to InstanceNorm, call fix() with replace_bn_with_in=True.
[2023-07-29T22:54:38.686+0000] {module_validator.py:120} INFO - Replaced sub_module layer3.12.bn1 : BatchNorm2d(256, eps=1e-05, momentum=0.1, affine=True, track_running_stats=True) with GroupNorm(32, 256, eps=1e-05, affine=True)
[2023-07-29T22:54:38.686+0000] {batch_norm.py:61} INFO - The default batch_norm fixer replaces BatchNorm with GroupNorm.To overwrite the default to InstanceNorm, call fix() with replace_bn_with_in=True.
[2023-07-29T22:54:38.686+0000] {module_validator.py:120} INFO - Replaced sub_module layer3.12.bn2 : BatchNorm2d(256, eps=1e-05, momentum=0.1, affine=True, track_running_stats=True) with GroupNorm(32, 256, eps=1e-05, affine=True)
[2023-07-29T22:54:38.686+0000] {batch_norm.py:61} INFO - The default batch_norm fixer replaces BatchNorm with GroupNorm.To overwrite the default to InstanceNorm, call fix() with replace_bn_with_in=True.
[2023-07-29T22:54:38.686+0000] {module_validator.py:120} INFO - Replaced sub_module layer3.12.bn3 : BatchNorm2d(1024, eps=1e-05, momentum=0.1, affine=True, track_running_stats=True) with GroupNorm(32, 1024, eps=1e-05, affine=True)
[2023-07-29T22:54:38.686+0000] {batch_norm.py:61} INFO - The default batch_norm fixer replaces BatchNorm with GroupNorm.To overwrite the default to InstanceNorm, call fix() with replace_bn_with_in=True.
[2023-07-29T22:54:38.687+0000] {module_validator.py:120} INFO - Replaced sub_module layer3.13.bn1 : BatchNorm2d(256, eps=1e-05, momentum=0.1, affine=True, track_running_stats=True) with GroupNorm(32, 256, eps=1e-05, affine=True)
[2023-07-29T22:54:38.687+0000] {batch_norm.py:61} INFO - The default batch_norm fixer replaces BatchNorm with GroupNorm.To overwrite the default to InstanceNorm, call fix() with replace_bn_with_in=True.
[2023-07-29T22:54:38.687+0000] {module_validator.py:120} INFO - Replaced sub_module layer3.13.bn2 : BatchNorm2d(256, eps=1e-05, momentum=0.1, affine=True, track_running_stats=True) with GroupNorm(32, 256, eps=1e-05, affine=True)
[2023-07-29T22:54:38.687+0000] {batch_norm.py:61} INFO - The default batch_norm fixer replaces BatchNorm with GroupNorm.To overwrite the default to InstanceNorm, call fix() with replace_bn_with_in=True.
[2023-07-29T22:54:38.687+0000] {module_validator.py:120} INFO - Replaced sub_module layer3.13.bn3 : BatchNorm2d(1024, eps=1e-05, momentum=0.1, affine=True, track_running_stats=True) with GroupNorm(32, 1024, eps=1e-05, affine=True)
[2023-07-29T22:54:38.688+0000] {batch_norm.py:61} INFO - The default batch_norm fixer replaces BatchNorm with GroupNorm.To overwrite the default to InstanceNorm, call fix() with replace_bn_with_in=True.
[2023-07-29T22:54:38.688+0000] {module_validator.py:120} INFO - Replaced sub_module layer3.14.bn1 : BatchNorm2d(256, eps=1e-05, momentum=0.1, affine=True, track_running_stats=True) with GroupNorm(32, 256, eps=1e-05, affine=True)
[2023-07-29T22:54:38.688+0000] {batch_norm.py:61} INFO - The default batch_norm fixer replaces BatchNorm with GroupNorm.To overwrite the default to InstanceNorm, call fix() with replace_bn_with_in=True.
[2023-07-29T22:54:38.688+0000] {module_validator.py:120} INFO - Replaced sub_module layer3.14.bn2 : BatchNorm2d(256, eps=1e-05, momentum=0.1, affine=True, track_running_stats=True) with GroupNorm(32, 256, eps=1e-05, affine=True)
[2023-07-29T22:54:38.688+0000] {batch_norm.py:61} INFO - The default batch_norm fixer replaces BatchNorm with GroupNorm.To overwrite the default to InstanceNorm, call fix() with replace_bn_with_in=True.
[2023-07-29T22:54:38.689+0000] {module_validator.py:120} INFO - Replaced sub_module layer3.14.bn3 : BatchNorm2d(1024, eps=1e-05, momentum=0.1, affine=True, track_running_stats=True) with GroupNorm(32, 1024, eps=1e-05, affine=True)
[2023-07-29T22:54:38.689+0000] {batch_norm.py:61} INFO - The default batch_norm fixer replaces BatchNorm with GroupNorm.To overwrite the default to InstanceNorm, call fix() with replace_bn_with_in=True.
[2023-07-29T22:54:38.689+0000] {module_validator.py:120} INFO - Replaced sub_module layer3.15.bn1 : BatchNorm2d(256, eps=1e-05, momentum=0.1, affine=True, track_running_stats=True) with GroupNorm(32, 256, eps=1e-05, affine=True)
[2023-07-29T22:54:38.689+0000] {batch_norm.py:61} INFO - The default batch_norm fixer replaces BatchNorm with GroupNorm.To overwrite the default to InstanceNorm, call fix() with replace_bn_with_in=True.
[2023-07-29T22:54:38.689+0000] {module_validator.py:120} INFO - Replaced sub_module layer3.15.bn2 : BatchNorm2d(256, eps=1e-05, momentum=0.1, affine=True, track_running_stats=True) with GroupNorm(32, 256, eps=1e-05, affine=True)
[2023-07-29T22:54:38.689+0000] {batch_norm.py:61} INFO - The default batch_norm fixer replaces BatchNorm with GroupNorm.To overwrite the default to InstanceNorm, call fix() with replace_bn_with_in=True.
[2023-07-29T22:54:38.690+0000] {module_validator.py:120} INFO - Replaced sub_module layer3.15.bn3 : BatchNorm2d(1024, eps=1e-05, momentum=0.1, affine=True, track_running_stats=True) with GroupNorm(32, 1024, eps=1e-05, affine=True)
[2023-07-29T22:54:38.690+0000] {batch_norm.py:61} INFO - The default batch_norm fixer replaces BatchNorm with GroupNorm.To overwrite the default to InstanceNorm, call fix() with replace_bn_with_in=True.
[2023-07-29T22:54:38.690+0000] {module_validator.py:120} INFO - Replaced sub_module layer3.16.bn1 : BatchNorm2d(256, eps=1e-05, momentum=0.1, affine=True, track_running_stats=True) with GroupNorm(32, 256, eps=1e-05, affine=True)
[2023-07-29T22:54:38.690+0000] {batch_norm.py:61} INFO - The default batch_norm fixer replaces BatchNorm with GroupNorm.To overwrite the default to InstanceNorm, call fix() with replace_bn_with_in=True.
[2023-07-29T22:54:38.690+0000] {module_validator.py:120} INFO - Replaced sub_module layer3.16.bn2 : BatchNorm2d(256, eps=1e-05, momentum=0.1, affine=True, track_running_stats=True) with GroupNorm(32, 256, eps=1e-05, affine=True)
[2023-07-29T22:54:38.691+0000] {batch_norm.py:61} INFO - The default batch_norm fixer replaces BatchNorm with GroupNorm.To overwrite the default to InstanceNorm, call fix() with replace_bn_with_in=True.
[2023-07-29T22:54:38.691+0000] {module_validator.py:120} INFO - Replaced sub_module layer3.16.bn3 : BatchNorm2d(1024, eps=1e-05, momentum=0.1, affine=True, track_running_stats=True) with GroupNorm(32, 1024, eps=1e-05, affine=True)
[2023-07-29T22:54:38.691+0000] {batch_norm.py:61} INFO - The default batch_norm fixer replaces BatchNorm with GroupNorm.To overwrite the default to InstanceNorm, call fix() with replace_bn_with_in=True.
[2023-07-29T22:54:38.691+0000] {module_validator.py:120} INFO - Replaced sub_module layer3.17.bn1 : BatchNorm2d(256, eps=1e-05, momentum=0.1, affine=True, track_running_stats=True) with GroupNorm(32, 256, eps=1e-05, affine=True)
[2023-07-29T22:54:38.691+0000] {batch_norm.py:61} INFO - The default batch_norm fixer replaces BatchNorm with GroupNorm.To overwrite the default to InstanceNorm, call fix() with replace_bn_with_in=True.
[2023-07-29T22:54:38.692+0000] {module_validator.py:120} INFO - Replaced sub_module layer3.17.bn2 : BatchNorm2d(256, eps=1e-05, momentum=0.1, affine=True, track_running_stats=True) with GroupNorm(32, 256, eps=1e-05, affine=True)
[2023-07-29T22:54:38.692+0000] {batch_norm.py:61} INFO - The default batch_norm fixer replaces BatchNorm with GroupNorm.To overwrite the default to InstanceNorm, call fix() with replace_bn_with_in=True.
[2023-07-29T22:54:38.692+0000] {module_validator.py:120} INFO - Replaced sub_module layer3.17.bn3 : BatchNorm2d(1024, eps=1e-05, momentum=0.1, affine=True, track_running_stats=True) with GroupNorm(32, 1024, eps=1e-05, affine=True)
[2023-07-29T22:54:38.692+0000] {batch_norm.py:61} INFO - The default batch_norm fixer replaces BatchNorm with GroupNorm.To overwrite the default to InstanceNorm, call fix() with replace_bn_with_in=True.
[2023-07-29T22:54:38.692+0000] {module_validator.py:120} INFO - Replaced sub_module layer3.18.bn1 : BatchNorm2d(256, eps=1e-05, momentum=0.1, affine=True, track_running_stats=True) with GroupNorm(32, 256, eps=1e-05, affine=True)
[2023-07-29T22:54:38.692+0000] {batch_norm.py:61} INFO - The default batch_norm fixer replaces BatchNorm with GroupNorm.To overwrite the default to InstanceNorm, call fix() with replace_bn_with_in=True.
[2023-07-29T22:54:38.693+0000] {module_validator.py:120} INFO - Replaced sub_module layer3.18.bn2 : BatchNorm2d(256, eps=1e-05, momentum=0.1, affine=True, track_running_stats=True) with GroupNorm(32, 256, eps=1e-05, affine=True)
[2023-07-29T22:54:38.693+0000] {batch_norm.py:61} INFO - The default batch_norm fixer replaces BatchNorm with GroupNorm.To overwrite the default to InstanceNorm, call fix() with replace_bn_with_in=True.
[2023-07-29T22:54:38.693+0000] {module_validator.py:120} INFO - Replaced sub_module layer3.18.bn3 : BatchNorm2d(1024, eps=1e-05, momentum=0.1, affine=True, track_running_stats=True) with GroupNorm(32, 1024, eps=1e-05, affine=True)
[2023-07-29T22:54:38.693+0000] {batch_norm.py:61} INFO - The default batch_norm fixer replaces BatchNorm with GroupNorm.To overwrite the default to InstanceNorm, call fix() with replace_bn_with_in=True.
[2023-07-29T22:54:38.693+0000] {module_validator.py:120} INFO - Replaced sub_module layer3.19.bn1 : BatchNorm2d(256, eps=1e-05, momentum=0.1, affine=True, track_running_stats=True) with GroupNorm(32, 256, eps=1e-05, affine=True)
[2023-07-29T22:54:38.694+0000] {batch_norm.py:61} INFO - The default batch_norm fixer replaces BatchNorm with GroupNorm.To overwrite the default to InstanceNorm, call fix() with replace_bn_with_in=True.
[2023-07-29T22:54:38.694+0000] {module_validator.py:120} INFO - Replaced sub_module layer3.19.bn2 : BatchNorm2d(256, eps=1e-05, momentum=0.1, affine=True, track_running_stats=True) with GroupNorm(32, 256, eps=1e-05, affine=True)
[2023-07-29T22:54:38.694+0000] {batch_norm.py:61} INFO - The default batch_norm fixer replaces BatchNorm with GroupNorm.To overwrite the default to InstanceNorm, call fix() with replace_bn_with_in=True.
[2023-07-29T22:54:38.694+0000] {module_validator.py:120} INFO - Replaced sub_module layer3.19.bn3 : BatchNorm2d(1024, eps=1e-05, momentum=0.1, affine=True, track_running_stats=True) with GroupNorm(32, 1024, eps=1e-05, affine=True)
[2023-07-29T22:54:38.694+0000] {batch_norm.py:61} INFO - The default batch_norm fixer replaces BatchNorm with GroupNorm.To overwrite the default to InstanceNorm, call fix() with replace_bn_with_in=True.
[2023-07-29T22:54:38.695+0000] {module_validator.py:120} INFO - Replaced sub_module layer3.20.bn1 : BatchNorm2d(256, eps=1e-05, momentum=0.1, affine=True, track_running_stats=True) with GroupNorm(32, 256, eps=1e-05, affine=True)
[2023-07-29T22:54:38.695+0000] {batch_norm.py:61} INFO - The default batch_norm fixer replaces BatchNorm with GroupNorm.To overwrite the default to InstanceNorm, call fix() with replace_bn_with_in=True.
[2023-07-29T22:54:38.695+0000] {module_validator.py:120} INFO - Replaced sub_module layer3.20.bn2 : BatchNorm2d(256, eps=1e-05, momentum=0.1, affine=True, track_running_stats=True) with GroupNorm(32, 256, eps=1e-05, affine=True)
[2023-07-29T22:54:38.695+0000] {batch_norm.py:61} INFO - The default batch_norm fixer replaces BatchNorm with GroupNorm.To overwrite the default to InstanceNorm, call fix() with replace_bn_with_in=True.
[2023-07-29T22:54:38.695+0000] {module_validator.py:120} INFO - Replaced sub_module layer3.20.bn3 : BatchNorm2d(1024, eps=1e-05, momentum=0.1, affine=True, track_running_stats=True) with GroupNorm(32, 1024, eps=1e-05, affine=True)
[2023-07-29T22:54:38.695+0000] {batch_norm.py:61} INFO - The default batch_norm fixer replaces BatchNorm with GroupNorm.To overwrite the default to InstanceNorm, call fix() with replace_bn_with_in=True.
[2023-07-29T22:54:38.696+0000] {module_validator.py:120} INFO - Replaced sub_module layer3.21.bn1 : BatchNorm2d(256, eps=1e-05, momentum=0.1, affine=True, track_running_stats=True) with GroupNorm(32, 256, eps=1e-05, affine=True)
[2023-07-29T22:54:38.696+0000] {batch_norm.py:61} INFO - The default batch_norm fixer replaces BatchNorm with GroupNorm.To overwrite the default to InstanceNorm, call fix() with replace_bn_with_in=True.
[2023-07-29T22:54:38.696+0000] {module_validator.py:120} INFO - Replaced sub_module layer3.21.bn2 : BatchNorm2d(256, eps=1e-05, momentum=0.1, affine=True, track_running_stats=True) with GroupNorm(32, 256, eps=1e-05, affine=True)
[2023-07-29T22:54:38.696+0000] {batch_norm.py:61} INFO - The default batch_norm fixer replaces BatchNorm with GroupNorm.To overwrite the default to InstanceNorm, call fix() with replace_bn_with_in=True.
[2023-07-29T22:54:38.696+0000] {module_validator.py:120} INFO - Replaced sub_module layer3.21.bn3 : BatchNorm2d(1024, eps=1e-05, momentum=0.1, affine=True, track_running_stats=True) with GroupNorm(32, 1024, eps=1e-05, affine=True)
[2023-07-29T22:54:38.697+0000] {batch_norm.py:61} INFO - The default batch_norm fixer replaces BatchNorm with GroupNorm.To overwrite the default to InstanceNorm, call fix() with replace_bn_with_in=True.
[2023-07-29T22:54:38.697+0000] {module_validator.py:120} INFO - Replaced sub_module layer3.22.bn1 : BatchNorm2d(256, eps=1e-05, momentum=0.1, affine=True, track_running_stats=True) with GroupNorm(32, 256, eps=1e-05, affine=True)
[2023-07-29T22:54:38.697+0000] {batch_norm.py:61} INFO - The default batch_norm fixer replaces BatchNorm with GroupNorm.To overwrite the default to InstanceNorm, call fix() with replace_bn_with_in=True.
[2023-07-29T22:54:38.697+0000] {module_validator.py:120} INFO - Replaced sub_module layer3.22.bn2 : BatchNorm2d(256, eps=1e-05, momentum=0.1, affine=True, track_running_stats=True) with GroupNorm(32, 256, eps=1e-05, affine=True)
[2023-07-29T22:54:38.697+0000] {batch_norm.py:61} INFO - The default batch_norm fixer replaces BatchNorm with GroupNorm.To overwrite the default to InstanceNorm, call fix() with replace_bn_with_in=True.
[2023-07-29T22:54:38.698+0000] {module_validator.py:120} INFO - Replaced sub_module layer3.22.bn3 : BatchNorm2d(1024, eps=1e-05, momentum=0.1, affine=True, track_running_stats=True) with GroupNorm(32, 1024, eps=1e-05, affine=True)
[2023-07-29T22:54:38.698+0000] {batch_norm.py:61} INFO - The default batch_norm fixer replaces BatchNorm with GroupNorm.To overwrite the default to InstanceNorm, call fix() with replace_bn_with_in=True.
[2023-07-29T22:54:38.698+0000] {module_validator.py:120} INFO - Replaced sub_module layer4.0.bn1 : BatchNorm2d(512, eps=1e-05, momentum=0.1, affine=True, track_running_stats=True) with GroupNorm(32, 512, eps=1e-05, affine=True)
[2023-07-29T22:54:38.698+0000] {batch_norm.py:61} INFO - The default batch_norm fixer replaces BatchNorm with GroupNorm.To overwrite the default to InstanceNorm, call fix() with replace_bn_with_in=True.
[2023-07-29T22:54:38.698+0000] {module_validator.py:120} INFO - Replaced sub_module layer4.0.bn2 : BatchNorm2d(512, eps=1e-05, momentum=0.1, affine=True, track_running_stats=True) with GroupNorm(32, 512, eps=1e-05, affine=True)
[2023-07-29T22:54:38.698+0000] {batch_norm.py:61} INFO - The default batch_norm fixer replaces BatchNorm with GroupNorm.To overwrite the default to InstanceNorm, call fix() with replace_bn_with_in=True.
[2023-07-29T22:54:38.699+0000] {module_validator.py:120} INFO - Replaced sub_module layer4.0.bn3 : BatchNorm2d(2048, eps=1e-05, momentum=0.1, affine=True, track_running_stats=True) with GroupNorm(32, 2048, eps=1e-05, affine=True)
[2023-07-29T22:54:38.699+0000] {batch_norm.py:61} INFO - The default batch_norm fixer replaces BatchNorm with GroupNorm.To overwrite the default to InstanceNorm, call fix() with replace_bn_with_in=True.
[2023-07-29T22:54:38.699+0000] {module_validator.py:120} INFO - Replaced sub_module layer4.0.downsample.1 : BatchNorm2d(2048, eps=1e-05, momentum=0.1, affine=True, track_running_stats=True) with GroupNorm(32, 2048, eps=1e-05, affine=True)
[2023-07-29T22:54:38.699+0000] {batch_norm.py:61} INFO - The default batch_norm fixer replaces BatchNorm with GroupNorm.To overwrite the default to InstanceNorm, call fix() with replace_bn_with_in=True.
[2023-07-29T22:54:38.699+0000] {module_validator.py:120} INFO - Replaced sub_module layer4.1.bn1 : BatchNorm2d(512, eps=1e-05, momentum=0.1, affine=True, track_running_stats=True) with GroupNorm(32, 512, eps=1e-05, affine=True)
[2023-07-29T22:54:38.700+0000] {batch_norm.py:61} INFO - The default batch_norm fixer replaces BatchNorm with GroupNorm.To overwrite the default to InstanceNorm, call fix() with replace_bn_with_in=True.
[2023-07-29T22:54:38.700+0000] {module_validator.py:120} INFO - Replaced sub_module layer4.1.bn2 : BatchNorm2d(512, eps=1e-05, momentum=0.1, affine=True, track_running_stats=True) with GroupNorm(32, 512, eps=1e-05, affine=True)
[2023-07-29T22:54:38.700+0000] {batch_norm.py:61} INFO - The default batch_norm fixer replaces BatchNorm with GroupNorm.To overwrite the default to InstanceNorm, call fix() with replace_bn_with_in=True.
[2023-07-29T22:54:38.700+0000] {module_validator.py:120} INFO - Replaced sub_module layer4.1.bn3 : BatchNorm2d(2048, eps=1e-05, momentum=0.1, affine=True, track_running_stats=True) with GroupNorm(32, 2048, eps=1e-05, affine=True)
[2023-07-29T22:54:38.700+0000] {batch_norm.py:61} INFO - The default batch_norm fixer replaces BatchNorm with GroupNorm.To overwrite the default to InstanceNorm, call fix() with replace_bn_with_in=True.
[2023-07-29T22:54:38.701+0000] {module_validator.py:120} INFO - Replaced sub_module layer4.2.bn1 : BatchNorm2d(512, eps=1e-05, momentum=0.1, affine=True, track_running_stats=True) with GroupNorm(32, 512, eps=1e-05, affine=True)
[2023-07-29T22:54:38.701+0000] {batch_norm.py:61} INFO - The default batch_norm fixer replaces BatchNorm with GroupNorm.To overwrite the default to InstanceNorm, call fix() with replace_bn_with_in=True.
[2023-07-29T22:54:38.701+0000] {module_validator.py:120} INFO - Replaced sub_module layer4.2.bn2 : BatchNorm2d(512, eps=1e-05, momentum=0.1, affine=True, track_running_stats=True) with GroupNorm(32, 512, eps=1e-05, affine=True)
[2023-07-29T22:54:38.701+0000] {batch_norm.py:61} INFO - The default batch_norm fixer replaces BatchNorm with GroupNorm.To overwrite the default to InstanceNorm, call fix() with replace_bn_with_in=True.
[2023-07-29T22:54:38.701+0000] {module_validator.py:120} INFO - Replaced sub_module layer4.2.bn3 : BatchNorm2d(2048, eps=1e-05, momentum=0.1, affine=True, track_running_stats=True) with GroupNorm(32, 2048, eps=1e-05, affine=True)
[2023-07-29T22:54:38.704+0000] {logging_mixin.py:150} WARNING - /home/ubuntu/theft-detection/env1/lib/python3.10/site-packages/opacus/privacy_engine.py:142 UserWarning: Secure RNG turned off. This is perfectly fine for experimentation as it allows for much faster training performance, but remember to turn it on and retrain one last time before production with ``secure_mode`` turned on.
[2023-07-29T22:54:38.725+0000] {logging_mixin.py:150} WARNING - /home/ubuntu/theft-detection/env1/lib/python3.10/site-packages/opacus/accountants/analysis/rdp.py:332 UserWarning: Optimal order is the largest alpha. Please consider expanding the range of alphas to get a tighter privacy bound.
[2023-07-29T22:54:38.746+0000] {logging_mixin.py:150} WARNING - /home/ubuntu/theft-detection/env1/lib/python3.10/site-packages/opacus/accountants/analysis/prv/prvs.py:50 RuntimeWarning: invalid value encountered in log
[2023-07-29T22:54:40.317+0000] {logging_mixin.py:150} WARNING - /home/ubuntu/theft-detection/env1/lib/python3.10/site-packages/opacus/accountants/analysis/rdp.py:332 UserWarning: Optimal order is the smallest alpha. Please consider expanding the range of alphas to get a tighter privacy bound.
[2023-07-29T22:54:49.676+0000] {logging_mixin.py:150} INFO - EPOCH 1:
[2023-07-29T22:54:53.219+0000] {logging_mixin.py:150} WARNING - /home/ubuntu/theft-detection/env1/lib/python3.10/site-packages/torch/nn/modules/module.py:1344 UserWarning: Using a non-full backward hook when the forward contains multiple autograd Nodes is deprecated and will be removed in future versions. This hook will be missing some grad_input. Please use register_full_backward_hook to get the documented behavior.
[2023-07-29T22:56:46.604+0000] {taskinstance.py:1824} ERROR - Task failed with exception
Traceback (most recent call last):
  File "/home/ubuntu/theft-detection/env1/lib/python3.10/site-packages/airflow/operators/python.py", line 181, in execute
    return_value = self.execute_callable()
  File "/home/ubuntu/theft-detection/env1/lib/python3.10/site-packages/airflow/operators/python.py", line 198, in execute_callable
    return self.python_callable(*self.op_args, **self.op_kwargs)
  File "/home/ubuntu/GenAI-Rush/GenAI-Rush-FedGen/airflow/dags/train_dag.py", line 59, in training_module
    trainer_obj.runTrainingSession()
  File "/home/ubuntu/GenAI-Rush/GenAI-Rush-FedGen/fedgen/trainer.py", line 89, in runTrainingSession
    loss.backward()
  File "/home/ubuntu/theft-detection/env1/lib/python3.10/site-packages/torch/_tensor.py", line 487, in backward
    torch.autograd.backward(
  File "/home/ubuntu/theft-detection/env1/lib/python3.10/site-packages/torch/autograd/__init__.py", line 200, in backward
    Variable._execution_engine.run_backward(  # Calls into the C++ engine to run the backward pass
  File "/home/ubuntu/theft-detection/env1/lib/python3.10/site-packages/torch/nn/modules/module.py", line 69, in __call__
    return self.hook(module, *args, **kwargs)
  File "/home/ubuntu/theft-detection/env1/lib/python3.10/site-packages/opacus/grad_sample/grad_sample_module.py", line 337, in capture_backprops_hook
    grad_samples = grad_sampler_fn(module, activations, backprops)
  File "/home/ubuntu/theft-detection/env1/lib/python3.10/site-packages/opacus/grad_sample/conv.py", line 93, in compute_conv_grad_sample
    grad_sample = contract("noq,npq->nop", backprops, activations)
  File "/home/ubuntu/theft-detection/env1/lib/python3.10/site-packages/opt_einsum/contract.py", line 507, in contract
    return _core_contract(operands, contraction_list, backend=backend, **einsum_kwargs)
  File "/home/ubuntu/theft-detection/env1/lib/python3.10/site-packages/opt_einsum/contract.py", line 591, in _core_contract
    new_view = _einsum(einsum_str, *tmp_operands, backend=backend, **einsum_kwargs)
  File "/home/ubuntu/theft-detection/env1/lib/python3.10/site-packages/opt_einsum/sharing.py", line 151, in cached_einsum
    return einsum(*args, **kwargs)
  File "/home/ubuntu/theft-detection/env1/lib/python3.10/site-packages/opt_einsum/contract.py", line 353, in _einsum
    return fn(einsum_str, *operands, **kwargs)
  File "/home/ubuntu/theft-detection/env1/lib/python3.10/site-packages/opt_einsum/backends/torch.py", line 45, in einsum
    return torch.einsum(equation, operands)
  File "/home/ubuntu/theft-detection/env1/lib/python3.10/site-packages/torch/functional.py", line 373, in einsum
    return einsum(equation, *_operands)
  File "/home/ubuntu/theft-detection/env1/lib/python3.10/site-packages/torch/functional.py", line 378, in einsum
    return _VF.einsum(equation, operands)  # type: ignore[attr-defined]
torch.cuda.OutOfMemoryError: CUDA out of memory. Tried to allocate 72.00 MiB (GPU 0; 22.02 GiB total capacity; 4.62 GiB already allocated; 32.25 MiB free; 5.02 GiB reserved in total by PyTorch) If reserved memory is >> allocated memory try setting max_split_size_mb to avoid fragmentation.  See documentation for Memory Management and PYTORCH_CUDA_ALLOC_CONF
[2023-07-29T22:56:46.619+0000] {taskinstance.py:1345} INFO - Marking task as FAILED. dag_id=trainer, task_id=train_worker3, execution_date=20230729T222604, start_date=20230729T225437, end_date=20230729T225646
[2023-07-29T22:56:46.629+0000] {standard_task_runner.py:104} ERROR - Failed to execute job 32 for task train_worker3 (CUDA out of memory. Tried to allocate 72.00 MiB (GPU 0; 22.02 GiB total capacity; 4.62 GiB already allocated; 32.25 MiB free; 5.02 GiB reserved in total by PyTorch) If reserved memory is >> allocated memory try setting max_split_size_mb to avoid fragmentation.  See documentation for Memory Management and PYTORCH_CUDA_ALLOC_CONF; 565717)
[2023-07-29T22:56:46.955+0000] {local_task_job_runner.py:225} INFO - Task exited with return code 1
[2023-07-29T22:56:46.977+0000] {taskinstance.py:2653} INFO - 0 downstream tasks scheduled from follow-on schedule check
