[2023-07-29T22:51:28.028+0000] {taskinstance.py:1103} INFO - Dependencies all met for dep_context=non-requeueable deps ti=<TaskInstance: trainer.encrypt_data_worker3 manual__2023-07-29T22:26:04.728771+00:00 [queued]>
[2023-07-29T22:51:28.034+0000] {taskinstance.py:1103} INFO - Dependencies all met for dep_context=requeueable deps ti=<TaskInstance: trainer.encrypt_data_worker3 manual__2023-07-29T22:26:04.728771+00:00 [queued]>
[2023-07-29T22:51:28.035+0000] {taskinstance.py:1308} INFO - Starting attempt 6 of 6
[2023-07-29T22:51:28.047+0000] {taskinstance.py:1327} INFO - Executing <Task(BranchPythonOperator): encrypt_data_worker3> on 2023-07-29 22:26:04.728771+00:00
[2023-07-29T22:51:28.057+0000] {standard_task_runner.py:57} INFO - Started process 560978 to run task
[2023-07-29T22:51:28.060+0000] {standard_task_runner.py:84} INFO - Running: ['airflow', 'tasks', 'run', 'trainer', 'encrypt_data_worker3', 'manual__2023-07-29T22:26:04.728771+00:00', '--job-id', '23', '--raw', '--subdir', 'DAGS_FOLDER/train_dag.py', '--cfg-path', '/tmp/tmpi78j9172']
[2023-07-29T22:51:28.060+0000] {standard_task_runner.py:85} INFO - Job 23: Subtask encrypt_data_worker3
[2023-07-29T22:51:28.109+0000] {task_command.py:410} INFO - Running <TaskInstance: trainer.encrypt_data_worker3 manual__2023-07-29T22:26:04.728771+00:00 [running]> on host ip-172-31-37-30.ap-south-1.compute.internal
[2023-07-29T22:51:28.178+0000] {taskinstance.py:1545} INFO - Exporting env vars: AIRFLOW_CTX_DAG_OWNER='airflow' AIRFLOW_CTX_DAG_ID='trainer' AIRFLOW_CTX_TASK_ID='encrypt_data_worker3' AIRFLOW_CTX_EXECUTION_DATE='2023-07-29T22:26:04.728771+00:00' AIRFLOW_CTX_TRY_NUMBER='6' AIRFLOW_CTX_DAG_RUN_ID='manual__2023-07-29T22:26:04.728771+00:00'
[2023-07-29T22:51:28.235+0000] {logging_mixin.py:150} WARNING - /home/ubuntu/theft-detection/env1/lib/python3.10/site-packages/torchvision/models/_utils.py:208 UserWarning: The parameter 'pretrained' is deprecated since 0.13 and may be removed in the future, please use 'weights' instead.
[2023-07-29T22:51:28.236+0000] {logging_mixin.py:150} WARNING - /home/ubuntu/theft-detection/env1/lib/python3.10/site-packages/torchvision/models/_utils.py:223 UserWarning: Arguments other than a weight enum or `None` for 'weights' are deprecated since 0.13 and may be removed in the future. The current behavior is equivalent to passing `weights=None`.
[2023-07-29T22:51:28.974+0000] {batch_norm.py:61} INFO - The default batch_norm fixer replaces BatchNorm with GroupNorm.To overwrite the default to InstanceNorm, call fix() with replace_bn_with_in=True.
[2023-07-29T22:51:28.975+0000] {module_validator.py:120} INFO - Replaced sub_module bn1 : BatchNorm2d(64, eps=1e-05, momentum=0.1, affine=True, track_running_stats=True) with GroupNorm(32, 64, eps=1e-05, affine=True)
[2023-07-29T22:51:28.975+0000] {batch_norm.py:61} INFO - The default batch_norm fixer replaces BatchNorm with GroupNorm.To overwrite the default to InstanceNorm, call fix() with replace_bn_with_in=True.
[2023-07-29T22:51:28.975+0000] {module_validator.py:120} INFO - Replaced sub_module layer1.0.bn1 : BatchNorm2d(64, eps=1e-05, momentum=0.1, affine=True, track_running_stats=True) with GroupNorm(32, 64, eps=1e-05, affine=True)
[2023-07-29T22:51:28.976+0000] {batch_norm.py:61} INFO - The default batch_norm fixer replaces BatchNorm with GroupNorm.To overwrite the default to InstanceNorm, call fix() with replace_bn_with_in=True.
[2023-07-29T22:51:28.976+0000] {module_validator.py:120} INFO - Replaced sub_module layer1.0.bn2 : BatchNorm2d(64, eps=1e-05, momentum=0.1, affine=True, track_running_stats=True) with GroupNorm(32, 64, eps=1e-05, affine=True)
[2023-07-29T22:51:28.976+0000] {batch_norm.py:61} INFO - The default batch_norm fixer replaces BatchNorm with GroupNorm.To overwrite the default to InstanceNorm, call fix() with replace_bn_with_in=True.
[2023-07-29T22:51:28.976+0000] {module_validator.py:120} INFO - Replaced sub_module layer1.0.bn3 : BatchNorm2d(256, eps=1e-05, momentum=0.1, affine=True, track_running_stats=True) with GroupNorm(32, 256, eps=1e-05, affine=True)
[2023-07-29T22:51:28.976+0000] {batch_norm.py:61} INFO - The default batch_norm fixer replaces BatchNorm with GroupNorm.To overwrite the default to InstanceNorm, call fix() with replace_bn_with_in=True.
[2023-07-29T22:51:28.977+0000] {module_validator.py:120} INFO - Replaced sub_module layer1.0.downsample.1 : BatchNorm2d(256, eps=1e-05, momentum=0.1, affine=True, track_running_stats=True) with GroupNorm(32, 256, eps=1e-05, affine=True)
[2023-07-29T22:51:28.977+0000] {batch_norm.py:61} INFO - The default batch_norm fixer replaces BatchNorm with GroupNorm.To overwrite the default to InstanceNorm, call fix() with replace_bn_with_in=True.
[2023-07-29T22:51:28.977+0000] {module_validator.py:120} INFO - Replaced sub_module layer1.1.bn1 : BatchNorm2d(64, eps=1e-05, momentum=0.1, affine=True, track_running_stats=True) with GroupNorm(32, 64, eps=1e-05, affine=True)
[2023-07-29T22:51:28.977+0000] {batch_norm.py:61} INFO - The default batch_norm fixer replaces BatchNorm with GroupNorm.To overwrite the default to InstanceNorm, call fix() with replace_bn_with_in=True.
[2023-07-29T22:51:28.977+0000] {module_validator.py:120} INFO - Replaced sub_module layer1.1.bn2 : BatchNorm2d(64, eps=1e-05, momentum=0.1, affine=True, track_running_stats=True) with GroupNorm(32, 64, eps=1e-05, affine=True)
[2023-07-29T22:51:28.978+0000] {batch_norm.py:61} INFO - The default batch_norm fixer replaces BatchNorm with GroupNorm.To overwrite the default to InstanceNorm, call fix() with replace_bn_with_in=True.
[2023-07-29T22:51:28.978+0000] {module_validator.py:120} INFO - Replaced sub_module layer1.1.bn3 : BatchNorm2d(256, eps=1e-05, momentum=0.1, affine=True, track_running_stats=True) with GroupNorm(32, 256, eps=1e-05, affine=True)
[2023-07-29T22:51:28.978+0000] {batch_norm.py:61} INFO - The default batch_norm fixer replaces BatchNorm with GroupNorm.To overwrite the default to InstanceNorm, call fix() with replace_bn_with_in=True.
[2023-07-29T22:51:28.978+0000] {module_validator.py:120} INFO - Replaced sub_module layer1.2.bn1 : BatchNorm2d(64, eps=1e-05, momentum=0.1, affine=True, track_running_stats=True) with GroupNorm(32, 64, eps=1e-05, affine=True)
[2023-07-29T22:51:28.978+0000] {batch_norm.py:61} INFO - The default batch_norm fixer replaces BatchNorm with GroupNorm.To overwrite the default to InstanceNorm, call fix() with replace_bn_with_in=True.
[2023-07-29T22:51:28.979+0000] {module_validator.py:120} INFO - Replaced sub_module layer1.2.bn2 : BatchNorm2d(64, eps=1e-05, momentum=0.1, affine=True, track_running_stats=True) with GroupNorm(32, 64, eps=1e-05, affine=True)
[2023-07-29T22:51:28.979+0000] {batch_norm.py:61} INFO - The default batch_norm fixer replaces BatchNorm with GroupNorm.To overwrite the default to InstanceNorm, call fix() with replace_bn_with_in=True.
[2023-07-29T22:51:28.979+0000] {module_validator.py:120} INFO - Replaced sub_module layer1.2.bn3 : BatchNorm2d(256, eps=1e-05, momentum=0.1, affine=True, track_running_stats=True) with GroupNorm(32, 256, eps=1e-05, affine=True)
[2023-07-29T22:51:28.979+0000] {batch_norm.py:61} INFO - The default batch_norm fixer replaces BatchNorm with GroupNorm.To overwrite the default to InstanceNorm, call fix() with replace_bn_with_in=True.
[2023-07-29T22:51:28.979+0000] {module_validator.py:120} INFO - Replaced sub_module layer2.0.bn1 : BatchNorm2d(128, eps=1e-05, momentum=0.1, affine=True, track_running_stats=True) with GroupNorm(32, 128, eps=1e-05, affine=True)
[2023-07-29T22:51:28.979+0000] {batch_norm.py:61} INFO - The default batch_norm fixer replaces BatchNorm with GroupNorm.To overwrite the default to InstanceNorm, call fix() with replace_bn_with_in=True.
[2023-07-29T22:51:28.980+0000] {module_validator.py:120} INFO - Replaced sub_module layer2.0.bn2 : BatchNorm2d(128, eps=1e-05, momentum=0.1, affine=True, track_running_stats=True) with GroupNorm(32, 128, eps=1e-05, affine=True)
[2023-07-29T22:51:28.980+0000] {batch_norm.py:61} INFO - The default batch_norm fixer replaces BatchNorm with GroupNorm.To overwrite the default to InstanceNorm, call fix() with replace_bn_with_in=True.
[2023-07-29T22:51:28.980+0000] {module_validator.py:120} INFO - Replaced sub_module layer2.0.bn3 : BatchNorm2d(512, eps=1e-05, momentum=0.1, affine=True, track_running_stats=True) with GroupNorm(32, 512, eps=1e-05, affine=True)
[2023-07-29T22:51:28.980+0000] {batch_norm.py:61} INFO - The default batch_norm fixer replaces BatchNorm with GroupNorm.To overwrite the default to InstanceNorm, call fix() with replace_bn_with_in=True.
[2023-07-29T22:51:28.980+0000] {module_validator.py:120} INFO - Replaced sub_module layer2.0.downsample.1 : BatchNorm2d(512, eps=1e-05, momentum=0.1, affine=True, track_running_stats=True) with GroupNorm(32, 512, eps=1e-05, affine=True)
[2023-07-29T22:51:28.980+0000] {batch_norm.py:61} INFO - The default batch_norm fixer replaces BatchNorm with GroupNorm.To overwrite the default to InstanceNorm, call fix() with replace_bn_with_in=True.
[2023-07-29T22:51:28.981+0000] {module_validator.py:120} INFO - Replaced sub_module layer2.1.bn1 : BatchNorm2d(128, eps=1e-05, momentum=0.1, affine=True, track_running_stats=True) with GroupNorm(32, 128, eps=1e-05, affine=True)
[2023-07-29T22:51:28.981+0000] {batch_norm.py:61} INFO - The default batch_norm fixer replaces BatchNorm with GroupNorm.To overwrite the default to InstanceNorm, call fix() with replace_bn_with_in=True.
[2023-07-29T22:51:28.981+0000] {module_validator.py:120} INFO - Replaced sub_module layer2.1.bn2 : BatchNorm2d(128, eps=1e-05, momentum=0.1, affine=True, track_running_stats=True) with GroupNorm(32, 128, eps=1e-05, affine=True)
[2023-07-29T22:51:28.981+0000] {batch_norm.py:61} INFO - The default batch_norm fixer replaces BatchNorm with GroupNorm.To overwrite the default to InstanceNorm, call fix() with replace_bn_with_in=True.
[2023-07-29T22:51:28.981+0000] {module_validator.py:120} INFO - Replaced sub_module layer2.1.bn3 : BatchNorm2d(512, eps=1e-05, momentum=0.1, affine=True, track_running_stats=True) with GroupNorm(32, 512, eps=1e-05, affine=True)
[2023-07-29T22:51:28.981+0000] {batch_norm.py:61} INFO - The default batch_norm fixer replaces BatchNorm with GroupNorm.To overwrite the default to InstanceNorm, call fix() with replace_bn_with_in=True.
[2023-07-29T22:51:28.982+0000] {module_validator.py:120} INFO - Replaced sub_module layer2.2.bn1 : BatchNorm2d(128, eps=1e-05, momentum=0.1, affine=True, track_running_stats=True) with GroupNorm(32, 128, eps=1e-05, affine=True)
[2023-07-29T22:51:28.982+0000] {batch_norm.py:61} INFO - The default batch_norm fixer replaces BatchNorm with GroupNorm.To overwrite the default to InstanceNorm, call fix() with replace_bn_with_in=True.
[2023-07-29T22:51:28.982+0000] {module_validator.py:120} INFO - Replaced sub_module layer2.2.bn2 : BatchNorm2d(128, eps=1e-05, momentum=0.1, affine=True, track_running_stats=True) with GroupNorm(32, 128, eps=1e-05, affine=True)
[2023-07-29T22:51:28.982+0000] {batch_norm.py:61} INFO - The default batch_norm fixer replaces BatchNorm with GroupNorm.To overwrite the default to InstanceNorm, call fix() with replace_bn_with_in=True.
[2023-07-29T22:51:28.982+0000] {module_validator.py:120} INFO - Replaced sub_module layer2.2.bn3 : BatchNorm2d(512, eps=1e-05, momentum=0.1, affine=True, track_running_stats=True) with GroupNorm(32, 512, eps=1e-05, affine=True)
[2023-07-29T22:51:28.982+0000] {batch_norm.py:61} INFO - The default batch_norm fixer replaces BatchNorm with GroupNorm.To overwrite the default to InstanceNorm, call fix() with replace_bn_with_in=True.
[2023-07-29T22:51:28.983+0000] {module_validator.py:120} INFO - Replaced sub_module layer2.3.bn1 : BatchNorm2d(128, eps=1e-05, momentum=0.1, affine=True, track_running_stats=True) with GroupNorm(32, 128, eps=1e-05, affine=True)
[2023-07-29T22:51:28.983+0000] {batch_norm.py:61} INFO - The default batch_norm fixer replaces BatchNorm with GroupNorm.To overwrite the default to InstanceNorm, call fix() with replace_bn_with_in=True.
[2023-07-29T22:51:28.983+0000] {module_validator.py:120} INFO - Replaced sub_module layer2.3.bn2 : BatchNorm2d(128, eps=1e-05, momentum=0.1, affine=True, track_running_stats=True) with GroupNorm(32, 128, eps=1e-05, affine=True)
[2023-07-29T22:51:28.983+0000] {batch_norm.py:61} INFO - The default batch_norm fixer replaces BatchNorm with GroupNorm.To overwrite the default to InstanceNorm, call fix() with replace_bn_with_in=True.
[2023-07-29T22:51:28.983+0000] {module_validator.py:120} INFO - Replaced sub_module layer2.3.bn3 : BatchNorm2d(512, eps=1e-05, momentum=0.1, affine=True, track_running_stats=True) with GroupNorm(32, 512, eps=1e-05, affine=True)
[2023-07-29T22:51:28.983+0000] {batch_norm.py:61} INFO - The default batch_norm fixer replaces BatchNorm with GroupNorm.To overwrite the default to InstanceNorm, call fix() with replace_bn_with_in=True.
[2023-07-29T22:51:28.983+0000] {module_validator.py:120} INFO - Replaced sub_module layer3.0.bn1 : BatchNorm2d(256, eps=1e-05, momentum=0.1, affine=True, track_running_stats=True) with GroupNorm(32, 256, eps=1e-05, affine=True)
[2023-07-29T22:51:28.984+0000] {batch_norm.py:61} INFO - The default batch_norm fixer replaces BatchNorm with GroupNorm.To overwrite the default to InstanceNorm, call fix() with replace_bn_with_in=True.
[2023-07-29T22:51:28.984+0000] {module_validator.py:120} INFO - Replaced sub_module layer3.0.bn2 : BatchNorm2d(256, eps=1e-05, momentum=0.1, affine=True, track_running_stats=True) with GroupNorm(32, 256, eps=1e-05, affine=True)
[2023-07-29T22:51:28.984+0000] {batch_norm.py:61} INFO - The default batch_norm fixer replaces BatchNorm with GroupNorm.To overwrite the default to InstanceNorm, call fix() with replace_bn_with_in=True.
[2023-07-29T22:51:28.984+0000] {module_validator.py:120} INFO - Replaced sub_module layer3.0.bn3 : BatchNorm2d(1024, eps=1e-05, momentum=0.1, affine=True, track_running_stats=True) with GroupNorm(32, 1024, eps=1e-05, affine=True)
[2023-07-29T22:51:28.984+0000] {batch_norm.py:61} INFO - The default batch_norm fixer replaces BatchNorm with GroupNorm.To overwrite the default to InstanceNorm, call fix() with replace_bn_with_in=True.
[2023-07-29T22:51:28.984+0000] {module_validator.py:120} INFO - Replaced sub_module layer3.0.downsample.1 : BatchNorm2d(1024, eps=1e-05, momentum=0.1, affine=True, track_running_stats=True) with GroupNorm(32, 1024, eps=1e-05, affine=True)
[2023-07-29T22:51:28.985+0000] {batch_norm.py:61} INFO - The default batch_norm fixer replaces BatchNorm with GroupNorm.To overwrite the default to InstanceNorm, call fix() with replace_bn_with_in=True.
[2023-07-29T22:51:28.985+0000] {module_validator.py:120} INFO - Replaced sub_module layer3.1.bn1 : BatchNorm2d(256, eps=1e-05, momentum=0.1, affine=True, track_running_stats=True) with GroupNorm(32, 256, eps=1e-05, affine=True)
[2023-07-29T22:51:28.985+0000] {batch_norm.py:61} INFO - The default batch_norm fixer replaces BatchNorm with GroupNorm.To overwrite the default to InstanceNorm, call fix() with replace_bn_with_in=True.
[2023-07-29T22:51:28.985+0000] {module_validator.py:120} INFO - Replaced sub_module layer3.1.bn2 : BatchNorm2d(256, eps=1e-05, momentum=0.1, affine=True, track_running_stats=True) with GroupNorm(32, 256, eps=1e-05, affine=True)
[2023-07-29T22:51:28.985+0000] {batch_norm.py:61} INFO - The default batch_norm fixer replaces BatchNorm with GroupNorm.To overwrite the default to InstanceNorm, call fix() with replace_bn_with_in=True.
[2023-07-29T22:51:28.985+0000] {module_validator.py:120} INFO - Replaced sub_module layer3.1.bn3 : BatchNorm2d(1024, eps=1e-05, momentum=0.1, affine=True, track_running_stats=True) with GroupNorm(32, 1024, eps=1e-05, affine=True)
[2023-07-29T22:51:28.985+0000] {batch_norm.py:61} INFO - The default batch_norm fixer replaces BatchNorm with GroupNorm.To overwrite the default to InstanceNorm, call fix() with replace_bn_with_in=True.
[2023-07-29T22:51:28.986+0000] {module_validator.py:120} INFO - Replaced sub_module layer3.2.bn1 : BatchNorm2d(256, eps=1e-05, momentum=0.1, affine=True, track_running_stats=True) with GroupNorm(32, 256, eps=1e-05, affine=True)
[2023-07-29T22:51:28.986+0000] {batch_norm.py:61} INFO - The default batch_norm fixer replaces BatchNorm with GroupNorm.To overwrite the default to InstanceNorm, call fix() with replace_bn_with_in=True.
[2023-07-29T22:51:28.986+0000] {module_validator.py:120} INFO - Replaced sub_module layer3.2.bn2 : BatchNorm2d(256, eps=1e-05, momentum=0.1, affine=True, track_running_stats=True) with GroupNorm(32, 256, eps=1e-05, affine=True)
[2023-07-29T22:51:28.986+0000] {batch_norm.py:61} INFO - The default batch_norm fixer replaces BatchNorm with GroupNorm.To overwrite the default to InstanceNorm, call fix() with replace_bn_with_in=True.
[2023-07-29T22:51:28.986+0000] {module_validator.py:120} INFO - Replaced sub_module layer3.2.bn3 : BatchNorm2d(1024, eps=1e-05, momentum=0.1, affine=True, track_running_stats=True) with GroupNorm(32, 1024, eps=1e-05, affine=True)
[2023-07-29T22:51:28.986+0000] {batch_norm.py:61} INFO - The default batch_norm fixer replaces BatchNorm with GroupNorm.To overwrite the default to InstanceNorm, call fix() with replace_bn_with_in=True.
[2023-07-29T22:51:28.987+0000] {module_validator.py:120} INFO - Replaced sub_module layer3.3.bn1 : BatchNorm2d(256, eps=1e-05, momentum=0.1, affine=True, track_running_stats=True) with GroupNorm(32, 256, eps=1e-05, affine=True)
[2023-07-29T22:51:28.987+0000] {batch_norm.py:61} INFO - The default batch_norm fixer replaces BatchNorm with GroupNorm.To overwrite the default to InstanceNorm, call fix() with replace_bn_with_in=True.
[2023-07-29T22:51:28.987+0000] {module_validator.py:120} INFO - Replaced sub_module layer3.3.bn2 : BatchNorm2d(256, eps=1e-05, momentum=0.1, affine=True, track_running_stats=True) with GroupNorm(32, 256, eps=1e-05, affine=True)
[2023-07-29T22:51:28.987+0000] {batch_norm.py:61} INFO - The default batch_norm fixer replaces BatchNorm with GroupNorm.To overwrite the default to InstanceNorm, call fix() with replace_bn_with_in=True.
[2023-07-29T22:51:28.987+0000] {module_validator.py:120} INFO - Replaced sub_module layer3.3.bn3 : BatchNorm2d(1024, eps=1e-05, momentum=0.1, affine=True, track_running_stats=True) with GroupNorm(32, 1024, eps=1e-05, affine=True)
[2023-07-29T22:51:28.987+0000] {batch_norm.py:61} INFO - The default batch_norm fixer replaces BatchNorm with GroupNorm.To overwrite the default to InstanceNorm, call fix() with replace_bn_with_in=True.
[2023-07-29T22:51:28.988+0000] {module_validator.py:120} INFO - Replaced sub_module layer3.4.bn1 : BatchNorm2d(256, eps=1e-05, momentum=0.1, affine=True, track_running_stats=True) with GroupNorm(32, 256, eps=1e-05, affine=True)
[2023-07-29T22:51:28.988+0000] {batch_norm.py:61} INFO - The default batch_norm fixer replaces BatchNorm with GroupNorm.To overwrite the default to InstanceNorm, call fix() with replace_bn_with_in=True.
[2023-07-29T22:51:28.988+0000] {module_validator.py:120} INFO - Replaced sub_module layer3.4.bn2 : BatchNorm2d(256, eps=1e-05, momentum=0.1, affine=True, track_running_stats=True) with GroupNorm(32, 256, eps=1e-05, affine=True)
[2023-07-29T22:51:28.988+0000] {batch_norm.py:61} INFO - The default batch_norm fixer replaces BatchNorm with GroupNorm.To overwrite the default to InstanceNorm, call fix() with replace_bn_with_in=True.
[2023-07-29T22:51:28.988+0000] {module_validator.py:120} INFO - Replaced sub_module layer3.4.bn3 : BatchNorm2d(1024, eps=1e-05, momentum=0.1, affine=True, track_running_stats=True) with GroupNorm(32, 1024, eps=1e-05, affine=True)
[2023-07-29T22:51:28.988+0000] {batch_norm.py:61} INFO - The default batch_norm fixer replaces BatchNorm with GroupNorm.To overwrite the default to InstanceNorm, call fix() with replace_bn_with_in=True.
[2023-07-29T22:51:28.988+0000] {module_validator.py:120} INFO - Replaced sub_module layer3.5.bn1 : BatchNorm2d(256, eps=1e-05, momentum=0.1, affine=True, track_running_stats=True) with GroupNorm(32, 256, eps=1e-05, affine=True)
[2023-07-29T22:51:28.989+0000] {batch_norm.py:61} INFO - The default batch_norm fixer replaces BatchNorm with GroupNorm.To overwrite the default to InstanceNorm, call fix() with replace_bn_with_in=True.
[2023-07-29T22:51:28.989+0000] {module_validator.py:120} INFO - Replaced sub_module layer3.5.bn2 : BatchNorm2d(256, eps=1e-05, momentum=0.1, affine=True, track_running_stats=True) with GroupNorm(32, 256, eps=1e-05, affine=True)
[2023-07-29T22:51:28.989+0000] {batch_norm.py:61} INFO - The default batch_norm fixer replaces BatchNorm with GroupNorm.To overwrite the default to InstanceNorm, call fix() with replace_bn_with_in=True.
[2023-07-29T22:51:28.989+0000] {module_validator.py:120} INFO - Replaced sub_module layer3.5.bn3 : BatchNorm2d(1024, eps=1e-05, momentum=0.1, affine=True, track_running_stats=True) with GroupNorm(32, 1024, eps=1e-05, affine=True)
[2023-07-29T22:51:28.989+0000] {batch_norm.py:61} INFO - The default batch_norm fixer replaces BatchNorm with GroupNorm.To overwrite the default to InstanceNorm, call fix() with replace_bn_with_in=True.
[2023-07-29T22:51:28.989+0000] {module_validator.py:120} INFO - Replaced sub_module layer3.6.bn1 : BatchNorm2d(256, eps=1e-05, momentum=0.1, affine=True, track_running_stats=True) with GroupNorm(32, 256, eps=1e-05, affine=True)
[2023-07-29T22:51:28.990+0000] {batch_norm.py:61} INFO - The default batch_norm fixer replaces BatchNorm with GroupNorm.To overwrite the default to InstanceNorm, call fix() with replace_bn_with_in=True.
[2023-07-29T22:51:28.990+0000] {module_validator.py:120} INFO - Replaced sub_module layer3.6.bn2 : BatchNorm2d(256, eps=1e-05, momentum=0.1, affine=True, track_running_stats=True) with GroupNorm(32, 256, eps=1e-05, affine=True)
[2023-07-29T22:51:28.990+0000] {batch_norm.py:61} INFO - The default batch_norm fixer replaces BatchNorm with GroupNorm.To overwrite the default to InstanceNorm, call fix() with replace_bn_with_in=True.
[2023-07-29T22:51:28.990+0000] {module_validator.py:120} INFO - Replaced sub_module layer3.6.bn3 : BatchNorm2d(1024, eps=1e-05, momentum=0.1, affine=True, track_running_stats=True) with GroupNorm(32, 1024, eps=1e-05, affine=True)
[2023-07-29T22:51:28.990+0000] {batch_norm.py:61} INFO - The default batch_norm fixer replaces BatchNorm with GroupNorm.To overwrite the default to InstanceNorm, call fix() with replace_bn_with_in=True.
[2023-07-29T22:51:28.990+0000] {module_validator.py:120} INFO - Replaced sub_module layer3.7.bn1 : BatchNorm2d(256, eps=1e-05, momentum=0.1, affine=True, track_running_stats=True) with GroupNorm(32, 256, eps=1e-05, affine=True)
[2023-07-29T22:51:28.990+0000] {batch_norm.py:61} INFO - The default batch_norm fixer replaces BatchNorm with GroupNorm.To overwrite the default to InstanceNorm, call fix() with replace_bn_with_in=True.
[2023-07-29T22:51:28.991+0000] {module_validator.py:120} INFO - Replaced sub_module layer3.7.bn2 : BatchNorm2d(256, eps=1e-05, momentum=0.1, affine=True, track_running_stats=True) with GroupNorm(32, 256, eps=1e-05, affine=True)
[2023-07-29T22:51:28.991+0000] {batch_norm.py:61} INFO - The default batch_norm fixer replaces BatchNorm with GroupNorm.To overwrite the default to InstanceNorm, call fix() with replace_bn_with_in=True.
[2023-07-29T22:51:28.991+0000] {module_validator.py:120} INFO - Replaced sub_module layer3.7.bn3 : BatchNorm2d(1024, eps=1e-05, momentum=0.1, affine=True, track_running_stats=True) with GroupNorm(32, 1024, eps=1e-05, affine=True)
[2023-07-29T22:51:28.991+0000] {batch_norm.py:61} INFO - The default batch_norm fixer replaces BatchNorm with GroupNorm.To overwrite the default to InstanceNorm, call fix() with replace_bn_with_in=True.
[2023-07-29T22:51:28.991+0000] {module_validator.py:120} INFO - Replaced sub_module layer3.8.bn1 : BatchNorm2d(256, eps=1e-05, momentum=0.1, affine=True, track_running_stats=True) with GroupNorm(32, 256, eps=1e-05, affine=True)
[2023-07-29T22:51:28.991+0000] {batch_norm.py:61} INFO - The default batch_norm fixer replaces BatchNorm with GroupNorm.To overwrite the default to InstanceNorm, call fix() with replace_bn_with_in=True.
[2023-07-29T22:51:28.992+0000] {module_validator.py:120} INFO - Replaced sub_module layer3.8.bn2 : BatchNorm2d(256, eps=1e-05, momentum=0.1, affine=True, track_running_stats=True) with GroupNorm(32, 256, eps=1e-05, affine=True)
[2023-07-29T22:51:28.992+0000] {batch_norm.py:61} INFO - The default batch_norm fixer replaces BatchNorm with GroupNorm.To overwrite the default to InstanceNorm, call fix() with replace_bn_with_in=True.
[2023-07-29T22:51:28.992+0000] {module_validator.py:120} INFO - Replaced sub_module layer3.8.bn3 : BatchNorm2d(1024, eps=1e-05, momentum=0.1, affine=True, track_running_stats=True) with GroupNorm(32, 1024, eps=1e-05, affine=True)
[2023-07-29T22:51:28.992+0000] {batch_norm.py:61} INFO - The default batch_norm fixer replaces BatchNorm with GroupNorm.To overwrite the default to InstanceNorm, call fix() with replace_bn_with_in=True.
[2023-07-29T22:51:28.992+0000] {module_validator.py:120} INFO - Replaced sub_module layer3.9.bn1 : BatchNorm2d(256, eps=1e-05, momentum=0.1, affine=True, track_running_stats=True) with GroupNorm(32, 256, eps=1e-05, affine=True)
[2023-07-29T22:51:28.992+0000] {batch_norm.py:61} INFO - The default batch_norm fixer replaces BatchNorm with GroupNorm.To overwrite the default to InstanceNorm, call fix() with replace_bn_with_in=True.
[2023-07-29T22:51:28.992+0000] {module_validator.py:120} INFO - Replaced sub_module layer3.9.bn2 : BatchNorm2d(256, eps=1e-05, momentum=0.1, affine=True, track_running_stats=True) with GroupNorm(32, 256, eps=1e-05, affine=True)
[2023-07-29T22:51:28.993+0000] {batch_norm.py:61} INFO - The default batch_norm fixer replaces BatchNorm with GroupNorm.To overwrite the default to InstanceNorm, call fix() with replace_bn_with_in=True.
[2023-07-29T22:51:28.993+0000] {module_validator.py:120} INFO - Replaced sub_module layer3.9.bn3 : BatchNorm2d(1024, eps=1e-05, momentum=0.1, affine=True, track_running_stats=True) with GroupNorm(32, 1024, eps=1e-05, affine=True)
[2023-07-29T22:51:28.993+0000] {batch_norm.py:61} INFO - The default batch_norm fixer replaces BatchNorm with GroupNorm.To overwrite the default to InstanceNorm, call fix() with replace_bn_with_in=True.
[2023-07-29T22:51:28.993+0000] {module_validator.py:120} INFO - Replaced sub_module layer3.10.bn1 : BatchNorm2d(256, eps=1e-05, momentum=0.1, affine=True, track_running_stats=True) with GroupNorm(32, 256, eps=1e-05, affine=True)
[2023-07-29T22:51:28.993+0000] {batch_norm.py:61} INFO - The default batch_norm fixer replaces BatchNorm with GroupNorm.To overwrite the default to InstanceNorm, call fix() with replace_bn_with_in=True.
[2023-07-29T22:51:28.993+0000] {module_validator.py:120} INFO - Replaced sub_module layer3.10.bn2 : BatchNorm2d(256, eps=1e-05, momentum=0.1, affine=True, track_running_stats=True) with GroupNorm(32, 256, eps=1e-05, affine=True)
[2023-07-29T22:51:28.994+0000] {batch_norm.py:61} INFO - The default batch_norm fixer replaces BatchNorm with GroupNorm.To overwrite the default to InstanceNorm, call fix() with replace_bn_with_in=True.
[2023-07-29T22:51:28.994+0000] {module_validator.py:120} INFO - Replaced sub_module layer3.10.bn3 : BatchNorm2d(1024, eps=1e-05, momentum=0.1, affine=True, track_running_stats=True) with GroupNorm(32, 1024, eps=1e-05, affine=True)
[2023-07-29T22:51:28.994+0000] {batch_norm.py:61} INFO - The default batch_norm fixer replaces BatchNorm with GroupNorm.To overwrite the default to InstanceNorm, call fix() with replace_bn_with_in=True.
[2023-07-29T22:51:28.994+0000] {module_validator.py:120} INFO - Replaced sub_module layer3.11.bn1 : BatchNorm2d(256, eps=1e-05, momentum=0.1, affine=True, track_running_stats=True) with GroupNorm(32, 256, eps=1e-05, affine=True)
[2023-07-29T22:51:28.994+0000] {batch_norm.py:61} INFO - The default batch_norm fixer replaces BatchNorm with GroupNorm.To overwrite the default to InstanceNorm, call fix() with replace_bn_with_in=True.
[2023-07-29T22:51:28.994+0000] {module_validator.py:120} INFO - Replaced sub_module layer3.11.bn2 : BatchNorm2d(256, eps=1e-05, momentum=0.1, affine=True, track_running_stats=True) with GroupNorm(32, 256, eps=1e-05, affine=True)
[2023-07-29T22:51:28.994+0000] {batch_norm.py:61} INFO - The default batch_norm fixer replaces BatchNorm with GroupNorm.To overwrite the default to InstanceNorm, call fix() with replace_bn_with_in=True.
[2023-07-29T22:51:28.995+0000] {module_validator.py:120} INFO - Replaced sub_module layer3.11.bn3 : BatchNorm2d(1024, eps=1e-05, momentum=0.1, affine=True, track_running_stats=True) with GroupNorm(32, 1024, eps=1e-05, affine=True)
[2023-07-29T22:51:28.995+0000] {batch_norm.py:61} INFO - The default batch_norm fixer replaces BatchNorm with GroupNorm.To overwrite the default to InstanceNorm, call fix() with replace_bn_with_in=True.
[2023-07-29T22:51:28.995+0000] {module_validator.py:120} INFO - Replaced sub_module layer3.12.bn1 : BatchNorm2d(256, eps=1e-05, momentum=0.1, affine=True, track_running_stats=True) with GroupNorm(32, 256, eps=1e-05, affine=True)
[2023-07-29T22:51:28.995+0000] {batch_norm.py:61} INFO - The default batch_norm fixer replaces BatchNorm with GroupNorm.To overwrite the default to InstanceNorm, call fix() with replace_bn_with_in=True.
[2023-07-29T22:51:28.995+0000] {module_validator.py:120} INFO - Replaced sub_module layer3.12.bn2 : BatchNorm2d(256, eps=1e-05, momentum=0.1, affine=True, track_running_stats=True) with GroupNorm(32, 256, eps=1e-05, affine=True)
[2023-07-29T22:51:28.995+0000] {batch_norm.py:61} INFO - The default batch_norm fixer replaces BatchNorm with GroupNorm.To overwrite the default to InstanceNorm, call fix() with replace_bn_with_in=True.
[2023-07-29T22:51:28.996+0000] {module_validator.py:120} INFO - Replaced sub_module layer3.12.bn3 : BatchNorm2d(1024, eps=1e-05, momentum=0.1, affine=True, track_running_stats=True) with GroupNorm(32, 1024, eps=1e-05, affine=True)
[2023-07-29T22:51:28.996+0000] {batch_norm.py:61} INFO - The default batch_norm fixer replaces BatchNorm with GroupNorm.To overwrite the default to InstanceNorm, call fix() with replace_bn_with_in=True.
[2023-07-29T22:51:28.996+0000] {module_validator.py:120} INFO - Replaced sub_module layer3.13.bn1 : BatchNorm2d(256, eps=1e-05, momentum=0.1, affine=True, track_running_stats=True) with GroupNorm(32, 256, eps=1e-05, affine=True)
[2023-07-29T22:51:28.996+0000] {batch_norm.py:61} INFO - The default batch_norm fixer replaces BatchNorm with GroupNorm.To overwrite the default to InstanceNorm, call fix() with replace_bn_with_in=True.
[2023-07-29T22:51:28.996+0000] {module_validator.py:120} INFO - Replaced sub_module layer3.13.bn2 : BatchNorm2d(256, eps=1e-05, momentum=0.1, affine=True, track_running_stats=True) with GroupNorm(32, 256, eps=1e-05, affine=True)
[2023-07-29T22:51:28.996+0000] {batch_norm.py:61} INFO - The default batch_norm fixer replaces BatchNorm with GroupNorm.To overwrite the default to InstanceNorm, call fix() with replace_bn_with_in=True.
[2023-07-29T22:51:28.996+0000] {module_validator.py:120} INFO - Replaced sub_module layer3.13.bn3 : BatchNorm2d(1024, eps=1e-05, momentum=0.1, affine=True, track_running_stats=True) with GroupNorm(32, 1024, eps=1e-05, affine=True)
[2023-07-29T22:51:28.997+0000] {batch_norm.py:61} INFO - The default batch_norm fixer replaces BatchNorm with GroupNorm.To overwrite the default to InstanceNorm, call fix() with replace_bn_with_in=True.
[2023-07-29T22:51:28.997+0000] {module_validator.py:120} INFO - Replaced sub_module layer3.14.bn1 : BatchNorm2d(256, eps=1e-05, momentum=0.1, affine=True, track_running_stats=True) with GroupNorm(32, 256, eps=1e-05, affine=True)
[2023-07-29T22:51:28.997+0000] {batch_norm.py:61} INFO - The default batch_norm fixer replaces BatchNorm with GroupNorm.To overwrite the default to InstanceNorm, call fix() with replace_bn_with_in=True.
[2023-07-29T22:51:28.997+0000] {module_validator.py:120} INFO - Replaced sub_module layer3.14.bn2 : BatchNorm2d(256, eps=1e-05, momentum=0.1, affine=True, track_running_stats=True) with GroupNorm(32, 256, eps=1e-05, affine=True)
[2023-07-29T22:51:28.997+0000] {batch_norm.py:61} INFO - The default batch_norm fixer replaces BatchNorm with GroupNorm.To overwrite the default to InstanceNorm, call fix() with replace_bn_with_in=True.
[2023-07-29T22:51:28.997+0000] {module_validator.py:120} INFO - Replaced sub_module layer3.14.bn3 : BatchNorm2d(1024, eps=1e-05, momentum=0.1, affine=True, track_running_stats=True) with GroupNorm(32, 1024, eps=1e-05, affine=True)
[2023-07-29T22:51:28.998+0000] {batch_norm.py:61} INFO - The default batch_norm fixer replaces BatchNorm with GroupNorm.To overwrite the default to InstanceNorm, call fix() with replace_bn_with_in=True.
[2023-07-29T22:51:28.998+0000] {module_validator.py:120} INFO - Replaced sub_module layer3.15.bn1 : BatchNorm2d(256, eps=1e-05, momentum=0.1, affine=True, track_running_stats=True) with GroupNorm(32, 256, eps=1e-05, affine=True)
[2023-07-29T22:51:28.998+0000] {batch_norm.py:61} INFO - The default batch_norm fixer replaces BatchNorm with GroupNorm.To overwrite the default to InstanceNorm, call fix() with replace_bn_with_in=True.
[2023-07-29T22:51:28.998+0000] {module_validator.py:120} INFO - Replaced sub_module layer3.15.bn2 : BatchNorm2d(256, eps=1e-05, momentum=0.1, affine=True, track_running_stats=True) with GroupNorm(32, 256, eps=1e-05, affine=True)
[2023-07-29T22:51:28.998+0000] {batch_norm.py:61} INFO - The default batch_norm fixer replaces BatchNorm with GroupNorm.To overwrite the default to InstanceNorm, call fix() with replace_bn_with_in=True.
[2023-07-29T22:51:28.998+0000] {module_validator.py:120} INFO - Replaced sub_module layer3.15.bn3 : BatchNorm2d(1024, eps=1e-05, momentum=0.1, affine=True, track_running_stats=True) with GroupNorm(32, 1024, eps=1e-05, affine=True)
[2023-07-29T22:51:28.998+0000] {batch_norm.py:61} INFO - The default batch_norm fixer replaces BatchNorm with GroupNorm.To overwrite the default to InstanceNorm, call fix() with replace_bn_with_in=True.
[2023-07-29T22:51:28.999+0000] {module_validator.py:120} INFO - Replaced sub_module layer3.16.bn1 : BatchNorm2d(256, eps=1e-05, momentum=0.1, affine=True, track_running_stats=True) with GroupNorm(32, 256, eps=1e-05, affine=True)
[2023-07-29T22:51:28.999+0000] {batch_norm.py:61} INFO - The default batch_norm fixer replaces BatchNorm with GroupNorm.To overwrite the default to InstanceNorm, call fix() with replace_bn_with_in=True.
[2023-07-29T22:51:28.999+0000] {module_validator.py:120} INFO - Replaced sub_module layer3.16.bn2 : BatchNorm2d(256, eps=1e-05, momentum=0.1, affine=True, track_running_stats=True) with GroupNorm(32, 256, eps=1e-05, affine=True)
[2023-07-29T22:51:28.999+0000] {batch_norm.py:61} INFO - The default batch_norm fixer replaces BatchNorm with GroupNorm.To overwrite the default to InstanceNorm, call fix() with replace_bn_with_in=True.
[2023-07-29T22:51:28.999+0000] {module_validator.py:120} INFO - Replaced sub_module layer3.16.bn3 : BatchNorm2d(1024, eps=1e-05, momentum=0.1, affine=True, track_running_stats=True) with GroupNorm(32, 1024, eps=1e-05, affine=True)
[2023-07-29T22:51:29.000+0000] {batch_norm.py:61} INFO - The default batch_norm fixer replaces BatchNorm with GroupNorm.To overwrite the default to InstanceNorm, call fix() with replace_bn_with_in=True.
[2023-07-29T22:51:29.000+0000] {module_validator.py:120} INFO - Replaced sub_module layer3.17.bn1 : BatchNorm2d(256, eps=1e-05, momentum=0.1, affine=True, track_running_stats=True) with GroupNorm(32, 256, eps=1e-05, affine=True)
[2023-07-29T22:51:29.000+0000] {batch_norm.py:61} INFO - The default batch_norm fixer replaces BatchNorm with GroupNorm.To overwrite the default to InstanceNorm, call fix() with replace_bn_with_in=True.
[2023-07-29T22:51:29.000+0000] {module_validator.py:120} INFO - Replaced sub_module layer3.17.bn2 : BatchNorm2d(256, eps=1e-05, momentum=0.1, affine=True, track_running_stats=True) with GroupNorm(32, 256, eps=1e-05, affine=True)
[2023-07-29T22:51:29.000+0000] {batch_norm.py:61} INFO - The default batch_norm fixer replaces BatchNorm with GroupNorm.To overwrite the default to InstanceNorm, call fix() with replace_bn_with_in=True.
[2023-07-29T22:51:29.001+0000] {module_validator.py:120} INFO - Replaced sub_module layer3.17.bn3 : BatchNorm2d(1024, eps=1e-05, momentum=0.1, affine=True, track_running_stats=True) with GroupNorm(32, 1024, eps=1e-05, affine=True)
[2023-07-29T22:51:29.001+0000] {batch_norm.py:61} INFO - The default batch_norm fixer replaces BatchNorm with GroupNorm.To overwrite the default to InstanceNorm, call fix() with replace_bn_with_in=True.
[2023-07-29T22:51:29.001+0000] {module_validator.py:120} INFO - Replaced sub_module layer3.18.bn1 : BatchNorm2d(256, eps=1e-05, momentum=0.1, affine=True, track_running_stats=True) with GroupNorm(32, 256, eps=1e-05, affine=True)
[2023-07-29T22:51:29.001+0000] {batch_norm.py:61} INFO - The default batch_norm fixer replaces BatchNorm with GroupNorm.To overwrite the default to InstanceNorm, call fix() with replace_bn_with_in=True.
[2023-07-29T22:51:29.001+0000] {module_validator.py:120} INFO - Replaced sub_module layer3.18.bn2 : BatchNorm2d(256, eps=1e-05, momentum=0.1, affine=True, track_running_stats=True) with GroupNorm(32, 256, eps=1e-05, affine=True)
[2023-07-29T22:51:29.001+0000] {batch_norm.py:61} INFO - The default batch_norm fixer replaces BatchNorm with GroupNorm.To overwrite the default to InstanceNorm, call fix() with replace_bn_with_in=True.
[2023-07-29T22:51:29.002+0000] {module_validator.py:120} INFO - Replaced sub_module layer3.18.bn3 : BatchNorm2d(1024, eps=1e-05, momentum=0.1, affine=True, track_running_stats=True) with GroupNorm(32, 1024, eps=1e-05, affine=True)
[2023-07-29T22:51:29.002+0000] {batch_norm.py:61} INFO - The default batch_norm fixer replaces BatchNorm with GroupNorm.To overwrite the default to InstanceNorm, call fix() with replace_bn_with_in=True.
[2023-07-29T22:51:29.002+0000] {module_validator.py:120} INFO - Replaced sub_module layer3.19.bn1 : BatchNorm2d(256, eps=1e-05, momentum=0.1, affine=True, track_running_stats=True) with GroupNorm(32, 256, eps=1e-05, affine=True)
[2023-07-29T22:51:29.002+0000] {batch_norm.py:61} INFO - The default batch_norm fixer replaces BatchNorm with GroupNorm.To overwrite the default to InstanceNorm, call fix() with replace_bn_with_in=True.
[2023-07-29T22:51:29.002+0000] {module_validator.py:120} INFO - Replaced sub_module layer3.19.bn2 : BatchNorm2d(256, eps=1e-05, momentum=0.1, affine=True, track_running_stats=True) with GroupNorm(32, 256, eps=1e-05, affine=True)
[2023-07-29T22:51:29.003+0000] {batch_norm.py:61} INFO - The default batch_norm fixer replaces BatchNorm with GroupNorm.To overwrite the default to InstanceNorm, call fix() with replace_bn_with_in=True.
[2023-07-29T22:51:29.003+0000] {module_validator.py:120} INFO - Replaced sub_module layer3.19.bn3 : BatchNorm2d(1024, eps=1e-05, momentum=0.1, affine=True, track_running_stats=True) with GroupNorm(32, 1024, eps=1e-05, affine=True)
[2023-07-29T22:51:29.003+0000] {batch_norm.py:61} INFO - The default batch_norm fixer replaces BatchNorm with GroupNorm.To overwrite the default to InstanceNorm, call fix() with replace_bn_with_in=True.
[2023-07-29T22:51:29.003+0000] {module_validator.py:120} INFO - Replaced sub_module layer3.20.bn1 : BatchNorm2d(256, eps=1e-05, momentum=0.1, affine=True, track_running_stats=True) with GroupNorm(32, 256, eps=1e-05, affine=True)
[2023-07-29T22:51:29.003+0000] {batch_norm.py:61} INFO - The default batch_norm fixer replaces BatchNorm with GroupNorm.To overwrite the default to InstanceNorm, call fix() with replace_bn_with_in=True.
[2023-07-29T22:51:29.004+0000] {module_validator.py:120} INFO - Replaced sub_module layer3.20.bn2 : BatchNorm2d(256, eps=1e-05, momentum=0.1, affine=True, track_running_stats=True) with GroupNorm(32, 256, eps=1e-05, affine=True)
[2023-07-29T22:51:29.004+0000] {batch_norm.py:61} INFO - The default batch_norm fixer replaces BatchNorm with GroupNorm.To overwrite the default to InstanceNorm, call fix() with replace_bn_with_in=True.
[2023-07-29T22:51:29.004+0000] {module_validator.py:120} INFO - Replaced sub_module layer3.20.bn3 : BatchNorm2d(1024, eps=1e-05, momentum=0.1, affine=True, track_running_stats=True) with GroupNorm(32, 1024, eps=1e-05, affine=True)
[2023-07-29T22:51:29.004+0000] {batch_norm.py:61} INFO - The default batch_norm fixer replaces BatchNorm with GroupNorm.To overwrite the default to InstanceNorm, call fix() with replace_bn_with_in=True.
[2023-07-29T22:51:29.004+0000] {module_validator.py:120} INFO - Replaced sub_module layer3.21.bn1 : BatchNorm2d(256, eps=1e-05, momentum=0.1, affine=True, track_running_stats=True) with GroupNorm(32, 256, eps=1e-05, affine=True)
[2023-07-29T22:51:29.005+0000] {batch_norm.py:61} INFO - The default batch_norm fixer replaces BatchNorm with GroupNorm.To overwrite the default to InstanceNorm, call fix() with replace_bn_with_in=True.
[2023-07-29T22:51:29.005+0000] {module_validator.py:120} INFO - Replaced sub_module layer3.21.bn2 : BatchNorm2d(256, eps=1e-05, momentum=0.1, affine=True, track_running_stats=True) with GroupNorm(32, 256, eps=1e-05, affine=True)
[2023-07-29T22:51:29.005+0000] {batch_norm.py:61} INFO - The default batch_norm fixer replaces BatchNorm with GroupNorm.To overwrite the default to InstanceNorm, call fix() with replace_bn_with_in=True.
[2023-07-29T22:51:29.005+0000] {module_validator.py:120} INFO - Replaced sub_module layer3.21.bn3 : BatchNorm2d(1024, eps=1e-05, momentum=0.1, affine=True, track_running_stats=True) with GroupNorm(32, 1024, eps=1e-05, affine=True)
[2023-07-29T22:51:29.005+0000] {batch_norm.py:61} INFO - The default batch_norm fixer replaces BatchNorm with GroupNorm.To overwrite the default to InstanceNorm, call fix() with replace_bn_with_in=True.
[2023-07-29T22:51:29.006+0000] {module_validator.py:120} INFO - Replaced sub_module layer3.22.bn1 : BatchNorm2d(256, eps=1e-05, momentum=0.1, affine=True, track_running_stats=True) with GroupNorm(32, 256, eps=1e-05, affine=True)
[2023-07-29T22:51:29.006+0000] {batch_norm.py:61} INFO - The default batch_norm fixer replaces BatchNorm with GroupNorm.To overwrite the default to InstanceNorm, call fix() with replace_bn_with_in=True.
[2023-07-29T22:51:29.006+0000] {module_validator.py:120} INFO - Replaced sub_module layer3.22.bn2 : BatchNorm2d(256, eps=1e-05, momentum=0.1, affine=True, track_running_stats=True) with GroupNorm(32, 256, eps=1e-05, affine=True)
[2023-07-29T22:51:29.006+0000] {batch_norm.py:61} INFO - The default batch_norm fixer replaces BatchNorm with GroupNorm.To overwrite the default to InstanceNorm, call fix() with replace_bn_with_in=True.
[2023-07-29T22:51:29.006+0000] {module_validator.py:120} INFO - Replaced sub_module layer3.22.bn3 : BatchNorm2d(1024, eps=1e-05, momentum=0.1, affine=True, track_running_stats=True) with GroupNorm(32, 1024, eps=1e-05, affine=True)
[2023-07-29T22:51:29.006+0000] {batch_norm.py:61} INFO - The default batch_norm fixer replaces BatchNorm with GroupNorm.To overwrite the default to InstanceNorm, call fix() with replace_bn_with_in=True.
[2023-07-29T22:51:29.007+0000] {module_validator.py:120} INFO - Replaced sub_module layer4.0.bn1 : BatchNorm2d(512, eps=1e-05, momentum=0.1, affine=True, track_running_stats=True) with GroupNorm(32, 512, eps=1e-05, affine=True)
[2023-07-29T22:51:29.007+0000] {batch_norm.py:61} INFO - The default batch_norm fixer replaces BatchNorm with GroupNorm.To overwrite the default to InstanceNorm, call fix() with replace_bn_with_in=True.
[2023-07-29T22:51:29.007+0000] {module_validator.py:120} INFO - Replaced sub_module layer4.0.bn2 : BatchNorm2d(512, eps=1e-05, momentum=0.1, affine=True, track_running_stats=True) with GroupNorm(32, 512, eps=1e-05, affine=True)
[2023-07-29T22:51:29.007+0000] {batch_norm.py:61} INFO - The default batch_norm fixer replaces BatchNorm with GroupNorm.To overwrite the default to InstanceNorm, call fix() with replace_bn_with_in=True.
[2023-07-29T22:51:29.007+0000] {module_validator.py:120} INFO - Replaced sub_module layer4.0.bn3 : BatchNorm2d(2048, eps=1e-05, momentum=0.1, affine=True, track_running_stats=True) with GroupNorm(32, 2048, eps=1e-05, affine=True)
[2023-07-29T22:51:29.008+0000] {batch_norm.py:61} INFO - The default batch_norm fixer replaces BatchNorm with GroupNorm.To overwrite the default to InstanceNorm, call fix() with replace_bn_with_in=True.
[2023-07-29T22:51:29.008+0000] {module_validator.py:120} INFO - Replaced sub_module layer4.0.downsample.1 : BatchNorm2d(2048, eps=1e-05, momentum=0.1, affine=True, track_running_stats=True) with GroupNorm(32, 2048, eps=1e-05, affine=True)
[2023-07-29T22:51:29.008+0000] {batch_norm.py:61} INFO - The default batch_norm fixer replaces BatchNorm with GroupNorm.To overwrite the default to InstanceNorm, call fix() with replace_bn_with_in=True.
[2023-07-29T22:51:29.008+0000] {module_validator.py:120} INFO - Replaced sub_module layer4.1.bn1 : BatchNorm2d(512, eps=1e-05, momentum=0.1, affine=True, track_running_stats=True) with GroupNorm(32, 512, eps=1e-05, affine=True)
[2023-07-29T22:51:29.008+0000] {batch_norm.py:61} INFO - The default batch_norm fixer replaces BatchNorm with GroupNorm.To overwrite the default to InstanceNorm, call fix() with replace_bn_with_in=True.
[2023-07-29T22:51:29.009+0000] {module_validator.py:120} INFO - Replaced sub_module layer4.1.bn2 : BatchNorm2d(512, eps=1e-05, momentum=0.1, affine=True, track_running_stats=True) with GroupNorm(32, 512, eps=1e-05, affine=True)
[2023-07-29T22:51:29.009+0000] {batch_norm.py:61} INFO - The default batch_norm fixer replaces BatchNorm with GroupNorm.To overwrite the default to InstanceNorm, call fix() with replace_bn_with_in=True.
[2023-07-29T22:51:29.009+0000] {module_validator.py:120} INFO - Replaced sub_module layer4.1.bn3 : BatchNorm2d(2048, eps=1e-05, momentum=0.1, affine=True, track_running_stats=True) with GroupNorm(32, 2048, eps=1e-05, affine=True)
[2023-07-29T22:51:29.009+0000] {batch_norm.py:61} INFO - The default batch_norm fixer replaces BatchNorm with GroupNorm.To overwrite the default to InstanceNorm, call fix() with replace_bn_with_in=True.
[2023-07-29T22:51:29.009+0000] {module_validator.py:120} INFO - Replaced sub_module layer4.2.bn1 : BatchNorm2d(512, eps=1e-05, momentum=0.1, affine=True, track_running_stats=True) with GroupNorm(32, 512, eps=1e-05, affine=True)
[2023-07-29T22:51:29.009+0000] {batch_norm.py:61} INFO - The default batch_norm fixer replaces BatchNorm with GroupNorm.To overwrite the default to InstanceNorm, call fix() with replace_bn_with_in=True.
[2023-07-29T22:51:29.010+0000] {module_validator.py:120} INFO - Replaced sub_module layer4.2.bn2 : BatchNorm2d(512, eps=1e-05, momentum=0.1, affine=True, track_running_stats=True) with GroupNorm(32, 512, eps=1e-05, affine=True)
[2023-07-29T22:51:29.010+0000] {batch_norm.py:61} INFO - The default batch_norm fixer replaces BatchNorm with GroupNorm.To overwrite the default to InstanceNorm, call fix() with replace_bn_with_in=True.
[2023-07-29T22:51:29.010+0000] {module_validator.py:120} INFO - Replaced sub_module layer4.2.bn3 : BatchNorm2d(2048, eps=1e-05, momentum=0.1, affine=True, track_running_stats=True) with GroupNorm(32, 2048, eps=1e-05, affine=True)
[2023-07-29T22:51:29.013+0000] {logging_mixin.py:150} WARNING - /home/ubuntu/theft-detection/env1/lib/python3.10/site-packages/opacus/privacy_engine.py:142 UserWarning: Secure RNG turned off. This is perfectly fine for experimentation as it allows for much faster training performance, but remember to turn it on and retrain one last time before production with ``secure_mode`` turned on.
[2023-07-29T22:51:29.034+0000] {logging_mixin.py:150} WARNING - /home/ubuntu/theft-detection/env1/lib/python3.10/site-packages/opacus/accountants/analysis/rdp.py:332 UserWarning: Optimal order is the largest alpha. Please consider expanding the range of alphas to get a tighter privacy bound.
[2023-07-29T22:51:29.055+0000] {logging_mixin.py:150} WARNING - /home/ubuntu/theft-detection/env1/lib/python3.10/site-packages/opacus/accountants/analysis/prv/prvs.py:50 RuntimeWarning: invalid value encountered in log
[2023-07-29T22:51:30.574+0000] {logging_mixin.py:150} WARNING - /home/ubuntu/theft-detection/env1/lib/python3.10/site-packages/opacus/accountants/analysis/rdp.py:332 UserWarning: Optimal order is the smallest alpha. Please consider expanding the range of alphas to get a tighter privacy bound.
[2023-07-29T22:51:40.188+0000] {python.py:183} INFO - Done. Returned value was: None
[2023-07-29T22:51:40.188+0000] {python.py:216} INFO - Branch callable return None
[2023-07-29T22:51:40.189+0000] {skipmixin.py:164} INFO - Following branch None
[2023-07-29T22:51:40.189+0000] {skipmixin.py:224} INFO - Skipping tasks ['delay1']
[2023-07-29T22:51:40.226+0000] {taskinstance.py:1345} INFO - Marking task as SUCCESS. dag_id=trainer, task_id=encrypt_data_worker3, execution_date=20230729T222604, start_date=20230729T225128, end_date=20230729T225140
[2023-07-29T22:51:40.329+0000] {local_task_job_runner.py:225} INFO - Task exited with return code 0
[2023-07-29T22:51:40.369+0000] {taskinstance.py:2653} INFO - 0 downstream tasks scheduled from follow-on schedule check
